#
# A fatal error has been detected by the Java Runtime Environment:
#
#  SIGSEGV (0xb) at pc=0x00007f19600ed3d6, pid=2453, tid=2472
#
# JRE version: OpenJDK Runtime Environment (14.0.2+12) (build 14.0.2+12-Ubuntu-120.04)
# Java VM: OpenJDK 64-Bit Server VM (14.0.2+12-Ubuntu-120.04, mixed mode, sharing, tiered, compressed oops, g1 gc, linux-amd64)
# Problematic frame:
# V  [libjvm.so+0x78d3d6]
#
# Core dump will be written. Default location: core.2453 (may not exist)
#
# If you would like to submit a bug report, please visit:
#   Unknown
#

---------------  S U M M A R Y ------------

Command Line: /usr/local/lib/antlr-4.8-complete.jar -visitor dato.g4

Host: Intel(R) Core(TM) i7-8550U CPU @ 1.80GHz, 8 cores, 31G, Ubuntu 20.04.1 LTS
Time: Mon Dec 14 18:50:10 2020 CET elapsed time: 0 seconds (0d 0h 0m 0s)

---------------  T H R E A D  ---------------

Current thread (0x00007f18fc24f000):  JavaThread "C2 CompilerThread2" daemon [_thread_in_native, id=2472, stack(0x00007f1916cd0000,0x00007f1916dd1000)]


Current CompileTask:
C2:    500  577       4       org.antlr.runtime.misc.LookaheadStream::LT (55 bytes)

Stack: [0x00007f1916cd0000,0x00007f1916dd1000],  sp=0x00007f1916dcc450,  free space=1009k
Native frames: (J=compiled Java code, A=aot compiled Java code, j=interpreted, Vv=VM code, C=native code)
V  [libjvm.so+0x78d3d6]
V  [libjvm.so+0x782655]
V  [libjvm.so+0x7169aa]
V  [libjvm.so+0x717a9a]
V  [libjvm.so+0x57a0b4]
V  [libjvm.so+0x57e32a]
V  [libjvm.so+0x4cc6df]
V  [libjvm.so+0x586aaa]
V  [libjvm.so+0x587ce8]
V  [libjvm.so+0xdee84e]
V  [libjvm.so+0xdf37df]
V  [libjvm.so+0xb904ff]


siginfo: si_signo: 11 (SIGSEGV), si_code: 2 (SEGV_ACCERR), si_addr: 0x00007f19169bb070

Register to memory mapping:

RAX=0x0000000000000020 is an unknown value
RBX=0x00007f19169bafe0 points into unknown readable memory: 00 00 00 00 00 00 00 00
RCX=0x000000000000001f is an unknown value
RDX=0x00007f1916875e68 points into unknown readable memory: 00 00 00 00 00 00 00 00
RSP=0x00007f1916dcc450 is pointing into the stack for thread: 0x00007f18fc24f000
RBP=0x00007f1916dcc470 is pointing into the stack for thread: 0x00007f18fc24f000
RSI=0x0000000000001fb9 is an unknown value
RDI=0x00007f19169bafe0 points into unknown readable memory: 00 00 00 00 00 00 00 00
R8 =0x0 is NULL
R9 =0x00000000003f9000 is an unknown value
R10=0x00007f18e43f9000 points into unknown readable memory: 20 e9 b9 60 19 7f 00 00
R11=0x00007f18e43f9000 points into unknown readable memory: 20 e9 b9 60 19 7f 00 00
R12=0x0000000000000020 is an unknown value
R13=0x0000001500000000 is an unknown value
R14=0x00000000000db060 is an unknown value
R15=0x00007f1916dcc5c0 is pointing into the stack for thread: 0x00007f18fc24f000


Registers:
RAX=0x0000000000000020, RBX=0x00007f19169bafe0, RCX=0x000000000000001f, RDX=0x00007f1916875e68
RSP=0x00007f1916dcc450, RBP=0x00007f1916dcc470, RSI=0x0000000000001fb9, RDI=0x00007f19169bafe0
R8 =0x0000000000000000, R9 =0x00000000003f9000, R10=0x00007f18e43f9000, R11=0x00007f18e43f9000
R12=0x0000000000000020, R13=0x0000001500000000, R14=0x00000000000db060, R15=0x00007f1916dcc5c0
RIP=0x00007f19600ed3d6, EFLAGS=0x0000000000010206, CSGSFS=0x00000053002b0033, ERR=0x0000000000000000
  TRAPNO=0x0000000000000000

Top of Stack: (sp=0x00007f1916dcc450)
0x00007f1916dcc450:   000000000014d170 0000000000001fb9
0x00007f1916dcc460:   00000000000e5ef0 0000001500000000
0x00007f1916dcc470:   00007f1916dcc4c0 00007f19600e2655
0x00007f1916dcc480:   0000051f16dcc4c0 000000000013d3a0 

Instructions: (pc=0x00007f19600ed3d6)
0x00007f19600ed2d6:   49 89 9a 98 08 00 00 e9 f2 fe ff ff 66 0f 1f 44
0x00007f19600ed2e6:   00 00 31 d2 be 60 06 00 00 4c 89 45 c0 4c 89 55
0x00007f19600ed2f6:   c8 e8 74 7b c0 ff 4c 8b 55 c8 4c 8b 45 c0 4c 8d
0x00007f19600ed306:   0d 15 16 ab 00 eb 9b 0f 1f 00 48 89 75 c8 4c 8d
0x00007f19600ed316:   24 dd 00 00 00 00 66 48 8d 3d 8c 8c a4 00 66 66
0x00007f19600ed326:   48 e8 e4 01 aa ff 4c 89 e2 4c 8b 45 c8 48 f7 d2
0x00007f19600ed336:   48 8b 00 48 8b 80 a8 04 00 00 48 8b 80 80 00 00
0x00007f19600ed346:   00 4c 8b a8 90 08 00 00 49 8b 45 18 48 39 d0 76
0x00007f19600ed356:   1a 48 8d 15 70 4a 75 00 4c 89 e6 4c 89 ef e8 c7
0x00007f19600ed366:   7a c0 ff 49 8b 45 18 4c 8b 45 c8 4a 8d 14 20 49
0x00007f19600ed376:   3b 55 20 77 15 49 89 55 18 49 89 46 08 41 8b 9e
0x00007f19600ed386:   90 00 00 00 e9 ef fd ff ff 90 31 d2 4c 89 e6 4c
0x00007f19600ed396:   89 ef 4c 89 45 c8 e8 cf 7a c0 ff 4c 8b 45 c8 eb
0x00007f19600ed3a6:   d8 90 0f 1f 84 00 00 00 00 00 f3 0f 1e fa 55 48
0x00007f19600ed3b6:   89 e5 41 55 41 54 44 8d a6 ff 00 00 00 53 41 c1
0x00007f19600ed3c6:   ec 08 48 89 fb 48 83 ec 08 48 c7 07 00 00 00 00
0x00007f19600ed3d6:   44 89 a7 90 00 00 00 41 83 fc 10 77 4d 48 8d 47
0x00007f19600ed3e6:   10 48 89 47 08 45 85 e4 74 35 48 8d 35 29 15 ab
0x00007f19600ed3f6:   00 48 89 30 83 bb 90 00 00 00 01 b8 01 00 00 00
0x00007f19600ed406:   76 1d 0f 1f 84 00 00 00 00 00 48 8b 53 08 89 c1
0x00007f19600ed416:   83 c0 01 48 89 34 ca 39 83 90 00 00 00 77 eb 48
0x00007f19600ed426:   83 c4 08 5b 41 5c 41 5d 5d c3 66 48 8d 3d 78 8b
0x00007f19600ed436:   a4 00 66 66 48 e8 d0 00 aa ff 49 c1 e4 03 4c 89
0x00007f19600ed446:   e2 48 f7 d2 48 8b 00 48 8b 80 a8 04 00 00 48 8b
0x00007f19600ed456:   80 80 00 00 00 4c 8b a8 90 08 00 00 49 8b 45 18
0x00007f19600ed466:   48 39 d0 76 16 48 8d 15 5c 49 75 00 4c 89 e6 4c
0x00007f19600ed476:   89 ef e8 b3 79 c0 ff 49 8b 45 18 4a 8d 14 20 49
0x00007f19600ed486:   3b 55 20 77 15 49 89 55 18 48 89 43 08 44 8b a3
0x00007f19600ed496:   90 00 00 00 e9 4c ff ff ff 90 31 d2 4c 89 e6 4c
0x00007f19600ed4a6:   89 ef e8 c3 79 c0 ff eb e0 90 f3 0f 1e fa 55 81
0x00007f19600ed4b6:   c6 ff 00 00 00 c1 ee 08 48 89 e5 41 55 41 54 53
0x00007f19600ed4c6:   48 89 fb 48 83 ec 08 48 c7 07 00 00 00 00 89 b7 


Stack slot to memory mapping:
stack at sp + 0 slots: 0x000000000014d170 is an unknown value
stack at sp + 1 slots: 0x0000000000001fb9 is an unknown value
stack at sp + 2 slots: 0x00000000000e5ef0 is an unknown value
stack at sp + 3 slots: 0x0000001500000000 is an unknown value
stack at sp + 4 slots: 0x00007f1916dcc4c0 is pointing into the stack for thread: 0x00007f18fc24f000
stack at sp + 5 slots: 0x00007f19600e2655: <offset 0x0000000000782655> in /usr/lib/jvm/java-14-openjdk-amd64/lib/server/libjvm.so at 0x00007f195f960000
stack at sp + 6 slots: 0x0000051f16dcc4c0 is an unknown value
stack at sp + 7 slots: 0x000000000013d3a0 is an unknown value


---------------  P R O C E S S  ---------------

Threads class SMR info:
_java_thread_list=0x00007f18fc2503a0, length=12, elements={
0x00007f1958017000, 0x00007f1958293000, 0x00007f1958295000, 0x00007f195829e000,
0x00007f195829f800, 0x00007f19582a1800, 0x00007f19582a3800, 0x00007f19582a5800,
0x00007f19582fd800, 0x00007f1958301800, 0x00007f18fc1ba000, 0x00007f18fc24f000
}

Java Threads: ( => current thread )
  0x00007f1958017000 JavaThread "main" [_thread_in_vm, id=2454, stack(0x00007f195f4f0000,0x00007f195f5f1000)]
  0x00007f1958293000 JavaThread "Reference Handler" daemon [_thread_blocked, id=2461, stack(0x00007f1917d50000,0x00007f1917e51000)]
  0x00007f1958295000 JavaThread "Finalizer" daemon [_thread_blocked, id=2462, stack(0x00007f1917c40000,0x00007f1917d41000)]
  0x00007f195829e000 JavaThread "Signal Dispatcher" daemon [_thread_blocked, id=2463, stack(0x00007f19176b0000,0x00007f19177b1000)]
  0x00007f195829f800 JavaThread "Service Thread" daemon [_thread_blocked, id=2464, stack(0x00007f19175a0000,0x00007f19176a1000)]
  0x00007f19582a1800 JavaThread "C2 CompilerThread0" daemon [_thread_in_native, id=2465, stack(0x00007f1917490000,0x00007f1917591000)]
  0x00007f19582a3800 JavaThread "C1 CompilerThread0" daemon [_thread_blocked, id=2466, stack(0x00007f1917380000,0x00007f1917481000)]
  0x00007f19582a5800 JavaThread "Sweeper thread" daemon [_thread_blocked, id=2467, stack(0x00007f1917270000,0x00007f1917371000)]
  0x00007f19582fd800 JavaThread "Notification Thread" daemon [_thread_blocked, id=2468, stack(0x00007f1917160000,0x00007f1917261000)]
  0x00007f1958301800 JavaThread "Common-Cleaner" daemon [_thread_blocked, id=2470, stack(0x00007f1916f40000,0x00007f1917041000)]
  0x00007f18fc1ba000 JavaThread "C2 CompilerThread1" daemon [_thread_in_native, id=2471, stack(0x00007f1916de0000,0x00007f1916ee1000)]
=>0x00007f18fc24f000 JavaThread "C2 CompilerThread2" daemon [_thread_in_native, id=2472, stack(0x00007f1916cd0000,0x00007f1916dd1000)]

Other Threads:
  0x00007f1958290000 VMThread "VM Thread" [stack: 0x00007f1917e62000,0x00007f1917f62000] [id=2460]
  0x00007f19582ff800 WatcherThread [stack: 0x00007f1917052000,0x00007f1917152000] [id=2469]
  0x00007f1958058800 GCTaskThread "GC Thread#0" [stack: 0x00007f195c7c2000,0x00007f195c8c2000] [id=2455]
  0x00007f195807a800 ConcurrentGCThread "G1 Main Marker" [stack: 0x00007f195c6b2000,0x00007f195c7b2000] [id=2456]
  0x00007f195807c000 ConcurrentGCThread "G1 Conc#0" [stack: 0x00007f195c5a2000,0x00007f195c6a2000] [id=2457]
  0x00007f1958202000 ConcurrentGCThread "G1 Refine#0" [stack: 0x00007f192c972000,0x00007f192ca72000] [id=2458]
  0x00007f1958204000 ConcurrentGCThread "G1 Young RemSet Sampling" [stack: 0x00007f192c862000,0x00007f192c962000] [id=2459]

Threads with active compile tasks:
C2 CompilerThread0      522  581       4       org.antlr.runtime.tree.CommonTreeNodeStream::LA (15 bytes)
C2 CompilerThread1      522  578       4       org.antlr.runtime.misc.LookaheadStream::syncAhead (31 bytes)
C2 CompilerThread2      522  577       4       org.antlr.runtime.misc.LookaheadStream::LT (55 bytes)

VM state:not at safepoint (normal execution)

VM Mutex/Monitor currently owned by a thread: None

Heap address: 0x0000000602400000, size: 8156 MB, Compressed Oops mode: Zero based, Oop shift amount: 3
Narrow klass base: 0x0000000800000000, Narrow klass shift: 3
Compressed class space size: 1073741824 Address: 0x0000000800b18000

Heap:
 garbage-first heap   total 526336K, used 16196K [0x0000000602400000, 0x0000000800000000)
  region size 2048K, 9 young (18432K), 0 survivors (0K)
 Metaspace       used 3406K, capacity 7036K, committed 7168K, reserved 1056768K
  class space    used 354K, capacity 686K, committed 768K, reserved 1048576K
Heap Regions: E=young(eden), S=young(survivor), O=old, HS=humongous(starts), HC=humongous(continues), CS=collection set, F=free, OA=open archive, CA=closed archive, TAMS=top-at-mark-start (previous, next)
|   0|0x0000000602400000, 0x0000000602400000, 0x0000000602600000|  0%| F|  |TAMS 0x0000000602400000, 0x0000000602400000| Untracked 
|   1|0x0000000602600000, 0x0000000602600000, 0x0000000602800000|  0%| F|  |TAMS 0x0000000602600000, 0x0000000602600000| Untracked 
|   2|0x0000000602800000, 0x0000000602800000, 0x0000000602a00000|  0%| F|  |TAMS 0x0000000602800000, 0x0000000602800000| Untracked 
|   3|0x0000000602a00000, 0x0000000602a00000, 0x0000000602c00000|  0%| F|  |TAMS 0x0000000602a00000, 0x0000000602a00000| Untracked 
|   4|0x0000000602c00000, 0x0000000602c00000, 0x0000000602e00000|  0%| F|  |TAMS 0x0000000602c00000, 0x0000000602c00000| Untracked 
|   5|0x0000000602e00000, 0x0000000602e00000, 0x0000000603000000|  0%| F|  |TAMS 0x0000000602e00000, 0x0000000602e00000| Untracked 
|   6|0x0000000603000000, 0x0000000603000000, 0x0000000603200000|  0%| F|  |TAMS 0x0000000603000000, 0x0000000603000000| Untracked 
|   7|0x0000000603200000, 0x0000000603200000, 0x0000000603400000|  0%| F|  |TAMS 0x0000000603200000, 0x0000000603200000| Untracked 
|   8|0x0000000603400000, 0x0000000603400000, 0x0000000603600000|  0%| F|  |TAMS 0x0000000603400000, 0x0000000603400000| Untracked 
|   9|0x0000000603600000, 0x0000000603600000, 0x0000000603800000|  0%| F|  |TAMS 0x0000000603600000, 0x0000000603600000| Untracked 
|  10|0x0000000603800000, 0x0000000603800000, 0x0000000603a00000|  0%| F|  |TAMS 0x0000000603800000, 0x0000000603800000| Untracked 
|  11|0x0000000603a00000, 0x0000000603a00000, 0x0000000603c00000|  0%| F|  |TAMS 0x0000000603a00000, 0x0000000603a00000| Untracked 
|  12|0x0000000603c00000, 0x0000000603c00000, 0x0000000603e00000|  0%| F|  |TAMS 0x0000000603c00000, 0x0000000603c00000| Untracked 
|  13|0x0000000603e00000, 0x0000000603e00000, 0x0000000604000000|  0%| F|  |TAMS 0x0000000603e00000, 0x0000000603e00000| Untracked 
|  14|0x0000000604000000, 0x0000000604000000, 0x0000000604200000|  0%| F|  |TAMS 0x0000000604000000, 0x0000000604000000| Untracked 
|  15|0x0000000604200000, 0x0000000604200000, 0x0000000604400000|  0%| F|  |TAMS 0x0000000604200000, 0x0000000604200000| Untracked 
|  16|0x0000000604400000, 0x0000000604400000, 0x0000000604600000|  0%| F|  |TAMS 0x0000000604400000, 0x0000000604400000| Untracked 
|  17|0x0000000604600000, 0x0000000604600000, 0x0000000604800000|  0%| F|  |TAMS 0x0000000604600000, 0x0000000604600000| Untracked 
|  18|0x0000000604800000, 0x0000000604800000, 0x0000000604a00000|  0%| F|  |TAMS 0x0000000604800000, 0x0000000604800000| Untracked 
|  19|0x0000000604a00000, 0x0000000604a00000, 0x0000000604c00000|  0%| F|  |TAMS 0x0000000604a00000, 0x0000000604a00000| Untracked 
|  20|0x0000000604c00000, 0x0000000604c00000, 0x0000000604e00000|  0%| F|  |TAMS 0x0000000604c00000, 0x0000000604c00000| Untracked 
|  21|0x0000000604e00000, 0x0000000604e00000, 0x0000000605000000|  0%| F|  |TAMS 0x0000000604e00000, 0x0000000604e00000| Untracked 
|  22|0x0000000605000000, 0x0000000605000000, 0x0000000605200000|  0%| F|  |TAMS 0x0000000605000000, 0x0000000605000000| Untracked 
|  23|0x0000000605200000, 0x0000000605200000, 0x0000000605400000|  0%| F|  |TAMS 0x0000000605200000, 0x0000000605200000| Untracked 
|  24|0x0000000605400000, 0x0000000605400000, 0x0000000605600000|  0%| F|  |TAMS 0x0000000605400000, 0x0000000605400000| Untracked 
|  25|0x0000000605600000, 0x0000000605600000, 0x0000000605800000|  0%| F|  |TAMS 0x0000000605600000, 0x0000000605600000| Untracked 
|  26|0x0000000605800000, 0x0000000605800000, 0x0000000605a00000|  0%| F|  |TAMS 0x0000000605800000, 0x0000000605800000| Untracked 
|  27|0x0000000605a00000, 0x0000000605a00000, 0x0000000605c00000|  0%| F|  |TAMS 0x0000000605a00000, 0x0000000605a00000| Untracked 
|  28|0x0000000605c00000, 0x0000000605c00000, 0x0000000605e00000|  0%| F|  |TAMS 0x0000000605c00000, 0x0000000605c00000| Untracked 
|  29|0x0000000605e00000, 0x0000000605e00000, 0x0000000606000000|  0%| F|  |TAMS 0x0000000605e00000, 0x0000000605e00000| Untracked 
|  30|0x0000000606000000, 0x0000000606000000, 0x0000000606200000|  0%| F|  |TAMS 0x0000000606000000, 0x0000000606000000| Untracked 
|  31|0x0000000606200000, 0x0000000606200000, 0x0000000606400000|  0%| F|  |TAMS 0x0000000606200000, 0x0000000606200000| Untracked 
|  32|0x0000000606400000, 0x0000000606400000, 0x0000000606600000|  0%| F|  |TAMS 0x0000000606400000, 0x0000000606400000| Untracked 
|  33|0x0000000606600000, 0x0000000606600000, 0x0000000606800000|  0%| F|  |TAMS 0x0000000606600000, 0x0000000606600000| Untracked 
|  34|0x0000000606800000, 0x0000000606800000, 0x0000000606a00000|  0%| F|  |TAMS 0x0000000606800000, 0x0000000606800000| Untracked 
|  35|0x0000000606a00000, 0x0000000606a00000, 0x0000000606c00000|  0%| F|  |TAMS 0x0000000606a00000, 0x0000000606a00000| Untracked 
|  36|0x0000000606c00000, 0x0000000606c00000, 0x0000000606e00000|  0%| F|  |TAMS 0x0000000606c00000, 0x0000000606c00000| Untracked 
|  37|0x0000000606e00000, 0x0000000606e00000, 0x0000000607000000|  0%| F|  |TAMS 0x0000000606e00000, 0x0000000606e00000| Untracked 
|  38|0x0000000607000000, 0x0000000607000000, 0x0000000607200000|  0%| F|  |TAMS 0x0000000607000000, 0x0000000607000000| Untracked 
|  39|0x0000000607200000, 0x0000000607200000, 0x0000000607400000|  0%| F|  |TAMS 0x0000000607200000, 0x0000000607200000| Untracked 
|  40|0x0000000607400000, 0x0000000607400000, 0x0000000607600000|  0%| F|  |TAMS 0x0000000607400000, 0x0000000607400000| Untracked 
|  41|0x0000000607600000, 0x0000000607600000, 0x0000000607800000|  0%| F|  |TAMS 0x0000000607600000, 0x0000000607600000| Untracked 
|  42|0x0000000607800000, 0x0000000607800000, 0x0000000607a00000|  0%| F|  |TAMS 0x0000000607800000, 0x0000000607800000| Untracked 
|  43|0x0000000607a00000, 0x0000000607a00000, 0x0000000607c00000|  0%| F|  |TAMS 0x0000000607a00000, 0x0000000607a00000| Untracked 
|  44|0x0000000607c00000, 0x0000000607c00000, 0x0000000607e00000|  0%| F|  |TAMS 0x0000000607c00000, 0x0000000607c00000| Untracked 
|  45|0x0000000607e00000, 0x0000000607e00000, 0x0000000608000000|  0%| F|  |TAMS 0x0000000607e00000, 0x0000000607e00000| Untracked 
|  46|0x0000000608000000, 0x0000000608000000, 0x0000000608200000|  0%| F|  |TAMS 0x0000000608000000, 0x0000000608000000| Untracked 
|  47|0x0000000608200000, 0x0000000608200000, 0x0000000608400000|  0%| F|  |TAMS 0x0000000608200000, 0x0000000608200000| Untracked 
|  48|0x0000000608400000, 0x0000000608400000, 0x0000000608600000|  0%| F|  |TAMS 0x0000000608400000, 0x0000000608400000| Untracked 
|  49|0x0000000608600000, 0x0000000608600000, 0x0000000608800000|  0%| F|  |TAMS 0x0000000608600000, 0x0000000608600000| Untracked 
|  50|0x0000000608800000, 0x0000000608800000, 0x0000000608a00000|  0%| F|  |TAMS 0x0000000608800000, 0x0000000608800000| Untracked 
|  51|0x0000000608a00000, 0x0000000608a00000, 0x0000000608c00000|  0%| F|  |TAMS 0x0000000608a00000, 0x0000000608a00000| Untracked 
|  52|0x0000000608c00000, 0x0000000608c00000, 0x0000000608e00000|  0%| F|  |TAMS 0x0000000608c00000, 0x0000000608c00000| Untracked 
|  53|0x0000000608e00000, 0x0000000608e00000, 0x0000000609000000|  0%| F|  |TAMS 0x0000000608e00000, 0x0000000608e00000| Untracked 
|  54|0x0000000609000000, 0x0000000609000000, 0x0000000609200000|  0%| F|  |TAMS 0x0000000609000000, 0x0000000609000000| Untracked 
|  55|0x0000000609200000, 0x0000000609200000, 0x0000000609400000|  0%| F|  |TAMS 0x0000000609200000, 0x0000000609200000| Untracked 
|  56|0x0000000609400000, 0x0000000609400000, 0x0000000609600000|  0%| F|  |TAMS 0x0000000609400000, 0x0000000609400000| Untracked 
|  57|0x0000000609600000, 0x0000000609600000, 0x0000000609800000|  0%| F|  |TAMS 0x0000000609600000, 0x0000000609600000| Untracked 
|  58|0x0000000609800000, 0x0000000609800000, 0x0000000609a00000|  0%| F|  |TAMS 0x0000000609800000, 0x0000000609800000| Untracked 
|  59|0x0000000609a00000, 0x0000000609a00000, 0x0000000609c00000|  0%| F|  |TAMS 0x0000000609a00000, 0x0000000609a00000| Untracked 
|  60|0x0000000609c00000, 0x0000000609c00000, 0x0000000609e00000|  0%| F|  |TAMS 0x0000000609c00000, 0x0000000609c00000| Untracked 
|  61|0x0000000609e00000, 0x0000000609e00000, 0x000000060a000000|  0%| F|  |TAMS 0x0000000609e00000, 0x0000000609e00000| Untracked 
|  62|0x000000060a000000, 0x000000060a000000, 0x000000060a200000|  0%| F|  |TAMS 0x000000060a000000, 0x000000060a000000| Untracked 
|  63|0x000000060a200000, 0x000000060a200000, 0x000000060a400000|  0%| F|  |TAMS 0x000000060a200000, 0x000000060a200000| Untracked 
|  64|0x000000060a400000, 0x000000060a400000, 0x000000060a600000|  0%| F|  |TAMS 0x000000060a400000, 0x000000060a400000| Untracked 
|  65|0x000000060a600000, 0x000000060a600000, 0x000000060a800000|  0%| F|  |TAMS 0x000000060a600000, 0x000000060a600000| Untracked 
|  66|0x000000060a800000, 0x000000060a800000, 0x000000060aa00000|  0%| F|  |TAMS 0x000000060a800000, 0x000000060a800000| Untracked 
|  67|0x000000060aa00000, 0x000000060aa00000, 0x000000060ac00000|  0%| F|  |TAMS 0x000000060aa00000, 0x000000060aa00000| Untracked 
|  68|0x000000060ac00000, 0x000000060ac00000, 0x000000060ae00000|  0%| F|  |TAMS 0x000000060ac00000, 0x000000060ac00000| Untracked 
|  69|0x000000060ae00000, 0x000000060ae00000, 0x000000060b000000|  0%| F|  |TAMS 0x000000060ae00000, 0x000000060ae00000| Untracked 
|  70|0x000000060b000000, 0x000000060b000000, 0x000000060b200000|  0%| F|  |TAMS 0x000000060b000000, 0x000000060b000000| Untracked 
|  71|0x000000060b200000, 0x000000060b200000, 0x000000060b400000|  0%| F|  |TAMS 0x000000060b200000, 0x000000060b200000| Untracked 
|  72|0x000000060b400000, 0x000000060b400000, 0x000000060b600000|  0%| F|  |TAMS 0x000000060b400000, 0x000000060b400000| Untracked 
|  73|0x000000060b600000, 0x000000060b600000, 0x000000060b800000|  0%| F|  |TAMS 0x000000060b600000, 0x000000060b600000| Untracked 
|  74|0x000000060b800000, 0x000000060b800000, 0x000000060ba00000|  0%| F|  |TAMS 0x000000060b800000, 0x000000060b800000| Untracked 
|  75|0x000000060ba00000, 0x000000060ba00000, 0x000000060bc00000|  0%| F|  |TAMS 0x000000060ba00000, 0x000000060ba00000| Untracked 
|  76|0x000000060bc00000, 0x000000060bc00000, 0x000000060be00000|  0%| F|  |TAMS 0x000000060bc00000, 0x000000060bc00000| Untracked 
|  77|0x000000060be00000, 0x000000060be00000, 0x000000060c000000|  0%| F|  |TAMS 0x000000060be00000, 0x000000060be00000| Untracked 
|  78|0x000000060c000000, 0x000000060c000000, 0x000000060c200000|  0%| F|  |TAMS 0x000000060c000000, 0x000000060c000000| Untracked 
|  79|0x000000060c200000, 0x000000060c200000, 0x000000060c400000|  0%| F|  |TAMS 0x000000060c200000, 0x000000060c200000| Untracked 
|  80|0x000000060c400000, 0x000000060c400000, 0x000000060c600000|  0%| F|  |TAMS 0x000000060c400000, 0x000000060c400000| Untracked 
|  81|0x000000060c600000, 0x000000060c600000, 0x000000060c800000|  0%| F|  |TAMS 0x000000060c600000, 0x000000060c600000| Untracked 
|  82|0x000000060c800000, 0x000000060c800000, 0x000000060ca00000|  0%| F|  |TAMS 0x000000060c800000, 0x000000060c800000| Untracked 
|  83|0x000000060ca00000, 0x000000060ca00000, 0x000000060cc00000|  0%| F|  |TAMS 0x000000060ca00000, 0x000000060ca00000| Untracked 
|  84|0x000000060cc00000, 0x000000060cc00000, 0x000000060ce00000|  0%| F|  |TAMS 0x000000060cc00000, 0x000000060cc00000| Untracked 
|  85|0x000000060ce00000, 0x000000060ce00000, 0x000000060d000000|  0%| F|  |TAMS 0x000000060ce00000, 0x000000060ce00000| Untracked 
|  86|0x000000060d000000, 0x000000060d000000, 0x000000060d200000|  0%| F|  |TAMS 0x000000060d000000, 0x000000060d000000| Untracked 
|  87|0x000000060d200000, 0x000000060d200000, 0x000000060d400000|  0%| F|  |TAMS 0x000000060d200000, 0x000000060d200000| Untracked 
|  88|0x000000060d400000, 0x000000060d400000, 0x000000060d600000|  0%| F|  |TAMS 0x000000060d400000, 0x000000060d400000| Untracked 
|  89|0x000000060d600000, 0x000000060d600000, 0x000000060d800000|  0%| F|  |TAMS 0x000000060d600000, 0x000000060d600000| Untracked 
|  90|0x000000060d800000, 0x000000060d800000, 0x000000060da00000|  0%| F|  |TAMS 0x000000060d800000, 0x000000060d800000| Untracked 
|  91|0x000000060da00000, 0x000000060da00000, 0x000000060dc00000|  0%| F|  |TAMS 0x000000060da00000, 0x000000060da00000| Untracked 
|  92|0x000000060dc00000, 0x000000060dc00000, 0x000000060de00000|  0%| F|  |TAMS 0x000000060dc00000, 0x000000060dc00000| Untracked 
|  93|0x000000060de00000, 0x000000060de00000, 0x000000060e000000|  0%| F|  |TAMS 0x000000060de00000, 0x000000060de00000| Untracked 
|  94|0x000000060e000000, 0x000000060e000000, 0x000000060e200000|  0%| F|  |TAMS 0x000000060e000000, 0x000000060e000000| Untracked 
|  95|0x000000060e200000, 0x000000060e200000, 0x000000060e400000|  0%| F|  |TAMS 0x000000060e200000, 0x000000060e200000| Untracked 
|  96|0x000000060e400000, 0x000000060e400000, 0x000000060e600000|  0%| F|  |TAMS 0x000000060e400000, 0x000000060e400000| Untracked 
|  97|0x000000060e600000, 0x000000060e600000, 0x000000060e800000|  0%| F|  |TAMS 0x000000060e600000, 0x000000060e600000| Untracked 
|  98|0x000000060e800000, 0x000000060e800000, 0x000000060ea00000|  0%| F|  |TAMS 0x000000060e800000, 0x000000060e800000| Untracked 
|  99|0x000000060ea00000, 0x000000060ea00000, 0x000000060ec00000|  0%| F|  |TAMS 0x000000060ea00000, 0x000000060ea00000| Untracked 
| 100|0x000000060ec00000, 0x000000060ec00000, 0x000000060ee00000|  0%| F|  |TAMS 0x000000060ec00000, 0x000000060ec00000| Untracked 
| 101|0x000000060ee00000, 0x000000060ee00000, 0x000000060f000000|  0%| F|  |TAMS 0x000000060ee00000, 0x000000060ee00000| Untracked 
| 102|0x000000060f000000, 0x000000060f000000, 0x000000060f200000|  0%| F|  |TAMS 0x000000060f000000, 0x000000060f000000| Untracked 
| 103|0x000000060f200000, 0x000000060f200000, 0x000000060f400000|  0%| F|  |TAMS 0x000000060f200000, 0x000000060f200000| Untracked 
| 104|0x000000060f400000, 0x000000060f400000, 0x000000060f600000|  0%| F|  |TAMS 0x000000060f400000, 0x000000060f400000| Untracked 
| 105|0x000000060f600000, 0x000000060f600000, 0x000000060f800000|  0%| F|  |TAMS 0x000000060f600000, 0x000000060f600000| Untracked 
| 106|0x000000060f800000, 0x000000060f800000, 0x000000060fa00000|  0%| F|  |TAMS 0x000000060f800000, 0x000000060f800000| Untracked 
| 107|0x000000060fa00000, 0x000000060fa00000, 0x000000060fc00000|  0%| F|  |TAMS 0x000000060fa00000, 0x000000060fa00000| Untracked 
| 108|0x000000060fc00000, 0x000000060fc00000, 0x000000060fe00000|  0%| F|  |TAMS 0x000000060fc00000, 0x000000060fc00000| Untracked 
| 109|0x000000060fe00000, 0x000000060fe00000, 0x0000000610000000|  0%| F|  |TAMS 0x000000060fe00000, 0x000000060fe00000| Untracked 
| 110|0x0000000610000000, 0x0000000610000000, 0x0000000610200000|  0%| F|  |TAMS 0x0000000610000000, 0x0000000610000000| Untracked 
| 111|0x0000000610200000, 0x0000000610200000, 0x0000000610400000|  0%| F|  |TAMS 0x0000000610200000, 0x0000000610200000| Untracked 
| 112|0x0000000610400000, 0x0000000610400000, 0x0000000610600000|  0%| F|  |TAMS 0x0000000610400000, 0x0000000610400000| Untracked 
| 113|0x0000000610600000, 0x0000000610600000, 0x0000000610800000|  0%| F|  |TAMS 0x0000000610600000, 0x0000000610600000| Untracked 
| 114|0x0000000610800000, 0x0000000610800000, 0x0000000610a00000|  0%| F|  |TAMS 0x0000000610800000, 0x0000000610800000| Untracked 
| 115|0x0000000610a00000, 0x0000000610a00000, 0x0000000610c00000|  0%| F|  |TAMS 0x0000000610a00000, 0x0000000610a00000| Untracked 
| 116|0x0000000610c00000, 0x0000000610c00000, 0x0000000610e00000|  0%| F|  |TAMS 0x0000000610c00000, 0x0000000610c00000| Untracked 
| 117|0x0000000610e00000, 0x0000000610e00000, 0x0000000611000000|  0%| F|  |TAMS 0x0000000610e00000, 0x0000000610e00000| Untracked 
| 118|0x0000000611000000, 0x0000000611000000, 0x0000000611200000|  0%| F|  |TAMS 0x0000000611000000, 0x0000000611000000| Untracked 
| 119|0x0000000611200000, 0x0000000611200000, 0x0000000611400000|  0%| F|  |TAMS 0x0000000611200000, 0x0000000611200000| Untracked 
| 120|0x0000000611400000, 0x0000000611400000, 0x0000000611600000|  0%| F|  |TAMS 0x0000000611400000, 0x0000000611400000| Untracked 
| 121|0x0000000611600000, 0x0000000611600000, 0x0000000611800000|  0%| F|  |TAMS 0x0000000611600000, 0x0000000611600000| Untracked 
| 122|0x0000000611800000, 0x0000000611800000, 0x0000000611a00000|  0%| F|  |TAMS 0x0000000611800000, 0x0000000611800000| Untracked 
| 123|0x0000000611a00000, 0x0000000611a00000, 0x0000000611c00000|  0%| F|  |TAMS 0x0000000611a00000, 0x0000000611a00000| Untracked 
| 124|0x0000000611c00000, 0x0000000611c00000, 0x0000000611e00000|  0%| F|  |TAMS 0x0000000611c00000, 0x0000000611c00000| Untracked 
| 125|0x0000000611e00000, 0x0000000611e00000, 0x0000000612000000|  0%| F|  |TAMS 0x0000000611e00000, 0x0000000611e00000| Untracked 
| 126|0x0000000612000000, 0x0000000612000000, 0x0000000612200000|  0%| F|  |TAMS 0x0000000612000000, 0x0000000612000000| Untracked 
| 127|0x0000000612200000, 0x0000000612200000, 0x0000000612400000|  0%| F|  |TAMS 0x0000000612200000, 0x0000000612200000| Untracked 
| 128|0x0000000612400000, 0x0000000612400000, 0x0000000612600000|  0%| F|  |TAMS 0x0000000612400000, 0x0000000612400000| Untracked 
| 129|0x0000000612600000, 0x0000000612600000, 0x0000000612800000|  0%| F|  |TAMS 0x0000000612600000, 0x0000000612600000| Untracked 
| 130|0x0000000612800000, 0x0000000612800000, 0x0000000612a00000|  0%| F|  |TAMS 0x0000000612800000, 0x0000000612800000| Untracked 
| 131|0x0000000612a00000, 0x0000000612a00000, 0x0000000612c00000|  0%| F|  |TAMS 0x0000000612a00000, 0x0000000612a00000| Untracked 
| 132|0x0000000612c00000, 0x0000000612c00000, 0x0000000612e00000|  0%| F|  |TAMS 0x0000000612c00000, 0x0000000612c00000| Untracked 
| 133|0x0000000612e00000, 0x0000000612e00000, 0x0000000613000000|  0%| F|  |TAMS 0x0000000612e00000, 0x0000000612e00000| Untracked 
| 134|0x0000000613000000, 0x0000000613000000, 0x0000000613200000|  0%| F|  |TAMS 0x0000000613000000, 0x0000000613000000| Untracked 
| 135|0x0000000613200000, 0x0000000613200000, 0x0000000613400000|  0%| F|  |TAMS 0x0000000613200000, 0x0000000613200000| Untracked 
| 136|0x0000000613400000, 0x0000000613400000, 0x0000000613600000|  0%| F|  |TAMS 0x0000000613400000, 0x0000000613400000| Untracked 
| 137|0x0000000613600000, 0x0000000613600000, 0x0000000613800000|  0%| F|  |TAMS 0x0000000613600000, 0x0000000613600000| Untracked 
| 138|0x0000000613800000, 0x0000000613800000, 0x0000000613a00000|  0%| F|  |TAMS 0x0000000613800000, 0x0000000613800000| Untracked 
| 139|0x0000000613a00000, 0x0000000613a00000, 0x0000000613c00000|  0%| F|  |TAMS 0x0000000613a00000, 0x0000000613a00000| Untracked 
| 140|0x0000000613c00000, 0x0000000613c00000, 0x0000000613e00000|  0%| F|  |TAMS 0x0000000613c00000, 0x0000000613c00000| Untracked 
| 141|0x0000000613e00000, 0x0000000613e00000, 0x0000000614000000|  0%| F|  |TAMS 0x0000000613e00000, 0x0000000613e00000| Untracked 
| 142|0x0000000614000000, 0x0000000614000000, 0x0000000614200000|  0%| F|  |TAMS 0x0000000614000000, 0x0000000614000000| Untracked 
| 143|0x0000000614200000, 0x0000000614200000, 0x0000000614400000|  0%| F|  |TAMS 0x0000000614200000, 0x0000000614200000| Untracked 
| 144|0x0000000614400000, 0x0000000614400000, 0x0000000614600000|  0%| F|  |TAMS 0x0000000614400000, 0x0000000614400000| Untracked 
| 145|0x0000000614600000, 0x0000000614600000, 0x0000000614800000|  0%| F|  |TAMS 0x0000000614600000, 0x0000000614600000| Untracked 
| 146|0x0000000614800000, 0x0000000614800000, 0x0000000614a00000|  0%| F|  |TAMS 0x0000000614800000, 0x0000000614800000| Untracked 
| 147|0x0000000614a00000, 0x0000000614a00000, 0x0000000614c00000|  0%| F|  |TAMS 0x0000000614a00000, 0x0000000614a00000| Untracked 
| 148|0x0000000614c00000, 0x0000000614c00000, 0x0000000614e00000|  0%| F|  |TAMS 0x0000000614c00000, 0x0000000614c00000| Untracked 
| 149|0x0000000614e00000, 0x0000000614e00000, 0x0000000615000000|  0%| F|  |TAMS 0x0000000614e00000, 0x0000000614e00000| Untracked 
| 150|0x0000000615000000, 0x0000000615000000, 0x0000000615200000|  0%| F|  |TAMS 0x0000000615000000, 0x0000000615000000| Untracked 
| 151|0x0000000615200000, 0x0000000615200000, 0x0000000615400000|  0%| F|  |TAMS 0x0000000615200000, 0x0000000615200000| Untracked 
| 152|0x0000000615400000, 0x0000000615400000, 0x0000000615600000|  0%| F|  |TAMS 0x0000000615400000, 0x0000000615400000| Untracked 
| 153|0x0000000615600000, 0x0000000615600000, 0x0000000615800000|  0%| F|  |TAMS 0x0000000615600000, 0x0000000615600000| Untracked 
| 154|0x0000000615800000, 0x0000000615800000, 0x0000000615a00000|  0%| F|  |TAMS 0x0000000615800000, 0x0000000615800000| Untracked 
| 155|0x0000000615a00000, 0x0000000615a00000, 0x0000000615c00000|  0%| F|  |TAMS 0x0000000615a00000, 0x0000000615a00000| Untracked 
| 156|0x0000000615c00000, 0x0000000615c00000, 0x0000000615e00000|  0%| F|  |TAMS 0x0000000615c00000, 0x0000000615c00000| Untracked 
| 157|0x0000000615e00000, 0x0000000615e00000, 0x0000000616000000|  0%| F|  |TAMS 0x0000000615e00000, 0x0000000615e00000| Untracked 
| 158|0x0000000616000000, 0x0000000616000000, 0x0000000616200000|  0%| F|  |TAMS 0x0000000616000000, 0x0000000616000000| Untracked 
| 159|0x0000000616200000, 0x0000000616200000, 0x0000000616400000|  0%| F|  |TAMS 0x0000000616200000, 0x0000000616200000| Untracked 
| 160|0x0000000616400000, 0x0000000616400000, 0x0000000616600000|  0%| F|  |TAMS 0x0000000616400000, 0x0000000616400000| Untracked 
| 161|0x0000000616600000, 0x0000000616600000, 0x0000000616800000|  0%| F|  |TAMS 0x0000000616600000, 0x0000000616600000| Untracked 
| 162|0x0000000616800000, 0x0000000616800000, 0x0000000616a00000|  0%| F|  |TAMS 0x0000000616800000, 0x0000000616800000| Untracked 
| 163|0x0000000616a00000, 0x0000000616a00000, 0x0000000616c00000|  0%| F|  |TAMS 0x0000000616a00000, 0x0000000616a00000| Untracked 
| 164|0x0000000616c00000, 0x0000000616c00000, 0x0000000616e00000|  0%| F|  |TAMS 0x0000000616c00000, 0x0000000616c00000| Untracked 
| 165|0x0000000616e00000, 0x0000000616e00000, 0x0000000617000000|  0%| F|  |TAMS 0x0000000616e00000, 0x0000000616e00000| Untracked 
| 166|0x0000000617000000, 0x0000000617000000, 0x0000000617200000|  0%| F|  |TAMS 0x0000000617000000, 0x0000000617000000| Untracked 
| 167|0x0000000617200000, 0x0000000617200000, 0x0000000617400000|  0%| F|  |TAMS 0x0000000617200000, 0x0000000617200000| Untracked 
| 168|0x0000000617400000, 0x0000000617400000, 0x0000000617600000|  0%| F|  |TAMS 0x0000000617400000, 0x0000000617400000| Untracked 
| 169|0x0000000617600000, 0x0000000617600000, 0x0000000617800000|  0%| F|  |TAMS 0x0000000617600000, 0x0000000617600000| Untracked 
| 170|0x0000000617800000, 0x0000000617800000, 0x0000000617a00000|  0%| F|  |TAMS 0x0000000617800000, 0x0000000617800000| Untracked 
| 171|0x0000000617a00000, 0x0000000617a00000, 0x0000000617c00000|  0%| F|  |TAMS 0x0000000617a00000, 0x0000000617a00000| Untracked 
| 172|0x0000000617c00000, 0x0000000617c00000, 0x0000000617e00000|  0%| F|  |TAMS 0x0000000617c00000, 0x0000000617c00000| Untracked 
| 173|0x0000000617e00000, 0x0000000617e00000, 0x0000000618000000|  0%| F|  |TAMS 0x0000000617e00000, 0x0000000617e00000| Untracked 
| 174|0x0000000618000000, 0x0000000618000000, 0x0000000618200000|  0%| F|  |TAMS 0x0000000618000000, 0x0000000618000000| Untracked 
| 175|0x0000000618200000, 0x0000000618200000, 0x0000000618400000|  0%| F|  |TAMS 0x0000000618200000, 0x0000000618200000| Untracked 
| 176|0x0000000618400000, 0x0000000618400000, 0x0000000618600000|  0%| F|  |TAMS 0x0000000618400000, 0x0000000618400000| Untracked 
| 177|0x0000000618600000, 0x0000000618600000, 0x0000000618800000|  0%| F|  |TAMS 0x0000000618600000, 0x0000000618600000| Untracked 
| 178|0x0000000618800000, 0x0000000618800000, 0x0000000618a00000|  0%| F|  |TAMS 0x0000000618800000, 0x0000000618800000| Untracked 
| 179|0x0000000618a00000, 0x0000000618a00000, 0x0000000618c00000|  0%| F|  |TAMS 0x0000000618a00000, 0x0000000618a00000| Untracked 
| 180|0x0000000618c00000, 0x0000000618c00000, 0x0000000618e00000|  0%| F|  |TAMS 0x0000000618c00000, 0x0000000618c00000| Untracked 
| 181|0x0000000618e00000, 0x0000000618e00000, 0x0000000619000000|  0%| F|  |TAMS 0x0000000618e00000, 0x0000000618e00000| Untracked 
| 182|0x0000000619000000, 0x0000000619000000, 0x0000000619200000|  0%| F|  |TAMS 0x0000000619000000, 0x0000000619000000| Untracked 
| 183|0x0000000619200000, 0x0000000619200000, 0x0000000619400000|  0%| F|  |TAMS 0x0000000619200000, 0x0000000619200000| Untracked 
| 184|0x0000000619400000, 0x0000000619400000, 0x0000000619600000|  0%| F|  |TAMS 0x0000000619400000, 0x0000000619400000| Untracked 
| 185|0x0000000619600000, 0x0000000619600000, 0x0000000619800000|  0%| F|  |TAMS 0x0000000619600000, 0x0000000619600000| Untracked 
| 186|0x0000000619800000, 0x0000000619800000, 0x0000000619a00000|  0%| F|  |TAMS 0x0000000619800000, 0x0000000619800000| Untracked 
| 187|0x0000000619a00000, 0x0000000619a00000, 0x0000000619c00000|  0%| F|  |TAMS 0x0000000619a00000, 0x0000000619a00000| Untracked 
| 188|0x0000000619c00000, 0x0000000619c00000, 0x0000000619e00000|  0%| F|  |TAMS 0x0000000619c00000, 0x0000000619c00000| Untracked 
| 189|0x0000000619e00000, 0x0000000619e00000, 0x000000061a000000|  0%| F|  |TAMS 0x0000000619e00000, 0x0000000619e00000| Untracked 
| 190|0x000000061a000000, 0x000000061a000000, 0x000000061a200000|  0%| F|  |TAMS 0x000000061a000000, 0x000000061a000000| Untracked 
| 191|0x000000061a200000, 0x000000061a200000, 0x000000061a400000|  0%| F|  |TAMS 0x000000061a200000, 0x000000061a200000| Untracked 
| 192|0x000000061a400000, 0x000000061a400000, 0x000000061a600000|  0%| F|  |TAMS 0x000000061a400000, 0x000000061a400000| Untracked 
| 193|0x000000061a600000, 0x000000061a600000, 0x000000061a800000|  0%| F|  |TAMS 0x000000061a600000, 0x000000061a600000| Untracked 
| 194|0x000000061a800000, 0x000000061a800000, 0x000000061aa00000|  0%| F|  |TAMS 0x000000061a800000, 0x000000061a800000| Untracked 
| 195|0x000000061aa00000, 0x000000061aa00000, 0x000000061ac00000|  0%| F|  |TAMS 0x000000061aa00000, 0x000000061aa00000| Untracked 
| 196|0x000000061ac00000, 0x000000061ac00000, 0x000000061ae00000|  0%| F|  |TAMS 0x000000061ac00000, 0x000000061ac00000| Untracked 
| 197|0x000000061ae00000, 0x000000061ae00000, 0x000000061b000000|  0%| F|  |TAMS 0x000000061ae00000, 0x000000061ae00000| Untracked 
| 198|0x000000061b000000, 0x000000061b000000, 0x000000061b200000|  0%| F|  |TAMS 0x000000061b000000, 0x000000061b000000| Untracked 
| 199|0x000000061b200000, 0x000000061b200000, 0x000000061b400000|  0%| F|  |TAMS 0x000000061b200000, 0x000000061b200000| Untracked 
| 200|0x000000061b400000, 0x000000061b400000, 0x000000061b600000|  0%| F|  |TAMS 0x000000061b400000, 0x000000061b400000| Untracked 
| 201|0x000000061b600000, 0x000000061b600000, 0x000000061b800000|  0%| F|  |TAMS 0x000000061b600000, 0x000000061b600000| Untracked 
| 202|0x000000061b800000, 0x000000061b800000, 0x000000061ba00000|  0%| F|  |TAMS 0x000000061b800000, 0x000000061b800000| Untracked 
| 203|0x000000061ba00000, 0x000000061ba00000, 0x000000061bc00000|  0%| F|  |TAMS 0x000000061ba00000, 0x000000061ba00000| Untracked 
| 204|0x000000061bc00000, 0x000000061bc00000, 0x000000061be00000|  0%| F|  |TAMS 0x000000061bc00000, 0x000000061bc00000| Untracked 
| 205|0x000000061be00000, 0x000000061be00000, 0x000000061c000000|  0%| F|  |TAMS 0x000000061be00000, 0x000000061be00000| Untracked 
| 206|0x000000061c000000, 0x000000061c000000, 0x000000061c200000|  0%| F|  |TAMS 0x000000061c000000, 0x000000061c000000| Untracked 
| 207|0x000000061c200000, 0x000000061c200000, 0x000000061c400000|  0%| F|  |TAMS 0x000000061c200000, 0x000000061c200000| Untracked 
| 208|0x000000061c400000, 0x000000061c400000, 0x000000061c600000|  0%| F|  |TAMS 0x000000061c400000, 0x000000061c400000| Untracked 
| 209|0x000000061c600000, 0x000000061c600000, 0x000000061c800000|  0%| F|  |TAMS 0x000000061c600000, 0x000000061c600000| Untracked 
| 210|0x000000061c800000, 0x000000061c800000, 0x000000061ca00000|  0%| F|  |TAMS 0x000000061c800000, 0x000000061c800000| Untracked 
| 211|0x000000061ca00000, 0x000000061ca00000, 0x000000061cc00000|  0%| F|  |TAMS 0x000000061ca00000, 0x000000061ca00000| Untracked 
| 212|0x000000061cc00000, 0x000000061cc00000, 0x000000061ce00000|  0%| F|  |TAMS 0x000000061cc00000, 0x000000061cc00000| Untracked 
| 213|0x000000061ce00000, 0x000000061ce00000, 0x000000061d000000|  0%| F|  |TAMS 0x000000061ce00000, 0x000000061ce00000| Untracked 
| 214|0x000000061d000000, 0x000000061d000000, 0x000000061d200000|  0%| F|  |TAMS 0x000000061d000000, 0x000000061d000000| Untracked 
| 215|0x000000061d200000, 0x000000061d200000, 0x000000061d400000|  0%| F|  |TAMS 0x000000061d200000, 0x000000061d200000| Untracked 
| 216|0x000000061d400000, 0x000000061d400000, 0x000000061d600000|  0%| F|  |TAMS 0x000000061d400000, 0x000000061d400000| Untracked 
| 217|0x000000061d600000, 0x000000061d600000, 0x000000061d800000|  0%| F|  |TAMS 0x000000061d600000, 0x000000061d600000| Untracked 
| 218|0x000000061d800000, 0x000000061d800000, 0x000000061da00000|  0%| F|  |TAMS 0x000000061d800000, 0x000000061d800000| Untracked 
| 219|0x000000061da00000, 0x000000061da00000, 0x000000061dc00000|  0%| F|  |TAMS 0x000000061da00000, 0x000000061da00000| Untracked 
| 220|0x000000061dc00000, 0x000000061dc00000, 0x000000061de00000|  0%| F|  |TAMS 0x000000061dc00000, 0x000000061dc00000| Untracked 
| 221|0x000000061de00000, 0x000000061de00000, 0x000000061e000000|  0%| F|  |TAMS 0x000000061de00000, 0x000000061de00000| Untracked 
| 222|0x000000061e000000, 0x000000061e000000, 0x000000061e200000|  0%| F|  |TAMS 0x000000061e000000, 0x000000061e000000| Untracked 
| 223|0x000000061e200000, 0x000000061e200000, 0x000000061e400000|  0%| F|  |TAMS 0x000000061e200000, 0x000000061e200000| Untracked 
| 224|0x000000061e400000, 0x000000061e400000, 0x000000061e600000|  0%| F|  |TAMS 0x000000061e400000, 0x000000061e400000| Untracked 
| 225|0x000000061e600000, 0x000000061e600000, 0x000000061e800000|  0%| F|  |TAMS 0x000000061e600000, 0x000000061e600000| Untracked 
| 226|0x000000061e800000, 0x000000061e800000, 0x000000061ea00000|  0%| F|  |TAMS 0x000000061e800000, 0x000000061e800000| Untracked 
| 227|0x000000061ea00000, 0x000000061ea00000, 0x000000061ec00000|  0%| F|  |TAMS 0x000000061ea00000, 0x000000061ea00000| Untracked 
| 228|0x000000061ec00000, 0x000000061ec00000, 0x000000061ee00000|  0%| F|  |TAMS 0x000000061ec00000, 0x000000061ec00000| Untracked 
| 229|0x000000061ee00000, 0x000000061ee00000, 0x000000061f000000|  0%| F|  |TAMS 0x000000061ee00000, 0x000000061ee00000| Untracked 
| 230|0x000000061f000000, 0x000000061f000000, 0x000000061f200000|  0%| F|  |TAMS 0x000000061f000000, 0x000000061f000000| Untracked 
| 231|0x000000061f200000, 0x000000061f200000, 0x000000061f400000|  0%| F|  |TAMS 0x000000061f200000, 0x000000061f200000| Untracked 
| 232|0x000000061f400000, 0x000000061f400000, 0x000000061f600000|  0%| F|  |TAMS 0x000000061f400000, 0x000000061f400000| Untracked 
| 233|0x000000061f600000, 0x000000061f600000, 0x000000061f800000|  0%| F|  |TAMS 0x000000061f600000, 0x000000061f600000| Untracked 
| 234|0x000000061f800000, 0x000000061f800000, 0x000000061fa00000|  0%| F|  |TAMS 0x000000061f800000, 0x000000061f800000| Untracked 
| 235|0x000000061fa00000, 0x000000061fa00000, 0x000000061fc00000|  0%| F|  |TAMS 0x000000061fa00000, 0x000000061fa00000| Untracked 
| 236|0x000000061fc00000, 0x000000061fc00000, 0x000000061fe00000|  0%| F|  |TAMS 0x000000061fc00000, 0x000000061fc00000| Untracked 
| 237|0x000000061fe00000, 0x000000061fe00000, 0x0000000620000000|  0%| F|  |TAMS 0x000000061fe00000, 0x000000061fe00000| Untracked 
| 238|0x0000000620000000, 0x0000000620000000, 0x0000000620200000|  0%| F|  |TAMS 0x0000000620000000, 0x0000000620000000| Untracked 
| 239|0x0000000620200000, 0x0000000620200000, 0x0000000620400000|  0%| F|  |TAMS 0x0000000620200000, 0x0000000620200000| Untracked 
| 240|0x0000000620400000, 0x0000000620400000, 0x0000000620600000|  0%| F|  |TAMS 0x0000000620400000, 0x0000000620400000| Untracked 
| 241|0x0000000620600000, 0x0000000620600000, 0x0000000620800000|  0%| F|  |TAMS 0x0000000620600000, 0x0000000620600000| Untracked 
| 242|0x0000000620800000, 0x0000000620800000, 0x0000000620a00000|  0%| F|  |TAMS 0x0000000620800000, 0x0000000620800000| Untracked 
| 243|0x0000000620a00000, 0x0000000620a00000, 0x0000000620c00000|  0%| F|  |TAMS 0x0000000620a00000, 0x0000000620a00000| Untracked 
| 244|0x0000000620c00000, 0x0000000620c00000, 0x0000000620e00000|  0%| F|  |TAMS 0x0000000620c00000, 0x0000000620c00000| Untracked 
| 245|0x0000000620e00000, 0x0000000620e00000, 0x0000000621000000|  0%| F|  |TAMS 0x0000000620e00000, 0x0000000620e00000| Untracked 
| 246|0x0000000621000000, 0x00000006210f6478, 0x0000000621200000| 48%| E|  |TAMS 0x0000000621000000, 0x0000000621000000| Complete 
| 247|0x0000000621200000, 0x0000000621400000, 0x0000000621400000|100%| E|CS|TAMS 0x0000000621200000, 0x0000000621200000| Complete 
| 248|0x0000000621400000, 0x0000000621600000, 0x0000000621600000|100%| E|CS|TAMS 0x0000000621400000, 0x0000000621400000| Complete 
| 249|0x0000000621600000, 0x0000000621800000, 0x0000000621800000|100%| E|CS|TAMS 0x0000000621600000, 0x0000000621600000| Complete 
| 250|0x0000000621800000, 0x0000000621a00000, 0x0000000621a00000|100%| E|CS|TAMS 0x0000000621800000, 0x0000000621800000| Complete 
| 251|0x0000000621a00000, 0x0000000621c00000, 0x0000000621c00000|100%| E|CS|TAMS 0x0000000621a00000, 0x0000000621a00000| Complete 
| 252|0x0000000621c00000, 0x0000000621e00000, 0x0000000621e00000|100%| E|  |TAMS 0x0000000621c00000, 0x0000000621c00000| Complete 
| 253|0x0000000621e00000, 0x0000000622000000, 0x0000000622000000|100%| E|CS|TAMS 0x0000000621e00000, 0x0000000621e00000| Complete 
| 254|0x0000000622000000, 0x0000000622200000, 0x0000000622200000|100%| E|CS|TAMS 0x0000000622000000, 0x0000000622000000| Complete 
|4076|0x00000007ffc00000, 0x00000007ffd52000, 0x00000007ffe00000| 66%|OA|  |TAMS 0x00000007ffc00000, 0x00000007ffc00000| Untracked 
|4077|0x00000007ffe00000, 0x00000007ffe7f000, 0x0000000800000000| 24%|CA|  |TAMS 0x00000007ffe00000, 0x00000007ffe00000| Untracked 

Card table byte_map: [0x00007f195c9e0000,0x00007f195d9ce000] _byte_map_base: 0x00007f19599ce000

Marking Bits (Prev, Next): (CMBitMap*) 0x00007f1958059a28, (CMBitMap*) 0x00007f1958059a68
 Prev Bits: [0x00007f1936d20000, 0x00007f193ec90000)
 Next Bits: [0x00007f192edb0000, 0x00007f1936d20000)

Polling page: 0x00007f195f4d0000

Metaspace:

Usage:
  Non-class:      6.20 MB capacity,     2.98 MB ( 48%) used,     3.22 MB ( 52%) free+waste,     2.94 KB ( <1%) overhead. 
      Class:    686.00 KB capacity,   354.53 KB ( 52%) used,   330.22 KB ( 48%) free+waste,     1.25 KB ( <1%) overhead. 
       Both:      6.87 MB capacity,     3.33 MB ( 48%) used,     3.54 MB ( 52%) free+waste,     4.19 KB ( <1%) overhead. 

Virtual space:
  Non-class space:        8.00 MB reserved,       6.25 MB ( 78%) committed 
      Class space:        1.00 GB reserved,     768.00 KB ( <1%) committed 
             Both:        1.01 GB reserved,       7.00 MB ( <1%) committed 

Chunk freelists:
   Non-Class:  50.00 KB
       Class:  18.00 KB
        Both:  68.00 KB

MaxMetaspaceSize: unlimited
CompressedClassSpaceSize: 1.00 GB

CodeHeap 'non-profiled nmethods': size=120028Kb used=189Kb max_used=189Kb free=119838Kb
 bounds [0x00007f1947749000, 0x00007f19479b9000, 0x00007f194ec80000]
CodeHeap 'profiled nmethods': size=120028Kb used=1679Kb max_used=1679Kb free=118348Kb
 bounds [0x00007f1940212000, 0x00007f1940482000, 0x00007f1947749000]
CodeHeap 'non-nmethods': size=5704Kb used=1109Kb max_used=1133Kb free=4594Kb
 bounds [0x00007f193fc80000, 0x00007f193fef0000, 0x00007f1940212000]
 total_blobs=978 nmethods=636 adapters=255
 compilation: enabled
              stopped_count=0, restarted_count=0
 full_count=0

Compilation events (20 events):
Event: 0.470 Thread 0x00007f19582a3800 nmethod 645 0x00007f19403b1f10 code [0x00007f19403b20c0, 0x00007f19403b22f0]
Event: 0.471 Thread 0x00007f19582a3800  619       1       org.antlr.runtime.tree.CommonTreeNodeStream::getTokenStream (5 bytes)
Event: 0.471 Thread 0x00007f19582a3800 nmethod 619 0x00007f1947777d90 code [0x00007f1947777f20, 0x00007f1947777ff0]
Event: 0.471 Thread 0x00007f19582a3800  643       3       org.antlr.runtime.RecognizerSharedState::<init> (49 bytes)
Event: 0.471 Thread 0x00007f19582a3800 nmethod 643 0x00007f19403b2410 code [0x00007f19403b25a0, 0x00007f19403b2850]
Event: 0.471 Thread 0x00007f19582a3800  627       1       org.stringtemplate.v4.compiler.STParser$exprOptions_return::getTree (5 bytes)
Event: 0.471 Thread 0x00007f19582a3800 nmethod 627 0x00007f1947778090 code [0x00007f1947778220, 0x00007f19477782f0]
Event: 0.471 Thread 0x00007f19582a3800  640       1       org.antlr.runtime.tree.TreeParser::setTreeNodeStream (6 bytes)
Event: 0.471 Thread 0x00007f19582a3800 nmethod 640 0x00007f1947778390 code [0x00007f1947778520, 0x00007f1947778650]
Event: 0.473 Thread 0x00007f19582a3800  649       3       java.lang.StringLatin1::inflate (34 bytes)
Event: 0.473 Thread 0x00007f19582a3800 nmethod 649 0x00007f19403b2910 code [0x00007f19403b2ac0, 0x00007f19403b2cb0]
Event: 0.473 Thread 0x00007f19582a3800  650       3       java.util.Stack::<init> (5 bytes)
Event: 0.473 Thread 0x00007f19582a3800 nmethod 650 0x00007f19403b2e10 code [0x00007f19403b2fc0, 0x00007f19403b31c0]
Event: 0.475 Thread 0x00007f19582a3800  651       3       java.lang.String::hashCode (60 bytes)
Event: 0.476 Thread 0x00007f19582a3800 nmethod 651 0x00007f19403b3290 code [0x00007f19403b3460, 0x00007f19403b38e0]
Event: 0.479 Thread 0x00007f19582a3800  652       3       org.antlr.runtime.tree.CommonTreeNodeStream::<init> (41 bytes)
Event: 0.481 Thread 0x00007f19582a3800 nmethod 652 0x00007f19403b3a10 code [0x00007f19403b3c00, 0x00007f19403b4360]
Event: 0.481 Thread 0x00007f19582a3800  653       3       org.antlr.runtime.misc.LookaheadStream::<init> (20 bytes)
Event: 0.481 Thread 0x00007f19582a3800 nmethod 653 0x00007f19403b4590 code [0x00007f19403b4760, 0x00007f19403b4c50]
Event: 0.481 Thread 0x00007f19582a3800  654       3       org.antlr.runtime.tree.TreeIterator::<init> (75 bytes)

GC Heap History (0 events):
No events

Deoptimization events (20 events):
Event: 0.377 Thread 0x00007f1958017000 Uncommon trap: trap_request=0xffffffde fr.pc=0x00007f194776d860 relative=0x0000000000001f00
Event: 0.377 Thread 0x00007f1958017000 Uncommon trap: reason=class_check action=maybe_recompile pc=0x00007f194776d860 method=org.antlr.runtime.tree.TreeIterator.next()Ljava/lang/Object; @ 94 c2
Event: 0.377 Thread 0x00007f1958017000 DEOPT PACKING pc=0x00007f194776d860 sp=0x00007f195f5eece0
Event: 0.377 Thread 0x00007f1958017000 DEOPT UNPACKING pc=0x00007f193fcc8e25 sp=0x00007f195f5eeb08 mode 2
Event: 0.377 Thread 0x00007f1958017000 Uncommon trap: trap_request=0xffffffde fr.pc=0x00007f194776d860 relative=0x0000000000001f00
Event: 0.377 Thread 0x00007f1958017000 Uncommon trap: reason=class_check action=maybe_recompile pc=0x00007f194776d860 method=org.antlr.runtime.tree.TreeIterator.next()Ljava/lang/Object; @ 94 c2
Event: 0.377 Thread 0x00007f1958017000 DEOPT PACKING pc=0x00007f194776d860 sp=0x00007f195f5eea90
Event: 0.377 Thread 0x00007f1958017000 DEOPT UNPACKING pc=0x00007f193fcc8e25 sp=0x00007f195f5ee8b8 mode 2
Event: 0.377 Thread 0x00007f1958017000 Uncommon trap: trap_request=0xffffffde fr.pc=0x00007f194776d538 relative=0x0000000000001bd8
Event: 0.377 Thread 0x00007f1958017000 Uncommon trap: reason=class_check action=maybe_recompile pc=0x00007f194776d538 method=org.antlr.runtime.tree.CommonTreeNodeStream.isEOF(Ljava/lang/Object;)Z @ 5 c2
Event: 0.377 Thread 0x00007f1958017000 DEOPT PACKING pc=0x00007f194776d538 sp=0x00007f195f5eea60
Event: 0.377 Thread 0x00007f1958017000 DEOPT UNPACKING pc=0x00007f193fcc8e25 sp=0x00007f195f5ee8f8 mode 2
Event: 0.377 Thread 0x00007f1958017000 Uncommon trap: trap_request=0xffffffde fr.pc=0x00007f194776d860 relative=0x0000000000001f00
Event: 0.377 Thread 0x00007f1958017000 Uncommon trap: reason=class_check action=maybe_recompile pc=0x00007f194776d860 method=org.antlr.runtime.tree.TreeIterator.next()Ljava/lang/Object; @ 94 c2
Event: 0.377 Thread 0x00007f1958017000 DEOPT PACKING pc=0x00007f194776d860 sp=0x00007f195f5ee950
Event: 0.377 Thread 0x00007f1958017000 DEOPT UNPACKING pc=0x00007f193fcc8e25 sp=0x00007f195f5ee778 mode 2
Event: 0.472 Thread 0x00007f1958017000 Uncommon trap: trap_request=0xffffff45 fr.pc=0x00007f194775a2dc relative=0x000000000000021c
Event: 0.472 Thread 0x00007f1958017000 Uncommon trap: reason=unstable_if action=reinterpret pc=0x00007f194775a2dc method=java.lang.String.hashCode()I @ 42 c2
Event: 0.472 Thread 0x00007f1958017000 DEOPT PACKING pc=0x00007f194775a2dc sp=0x00007f195f5edec0
Event: 0.472 Thread 0x00007f1958017000 DEOPT UNPACKING pc=0x00007f193fcc8e25 sp=0x00007f195f5ede70 mode 2

Classes unloaded (0 events):
No events

Classes redefined (0 events):
No events

Internal exceptions (1 events):
Event: 0.182 Thread 0x00007f1958017000 Exception <a 'java/lang/NoSuchMethodError'{0x0000000621f87ad8}: 'int java.lang.invoke.DirectMethodHandle$Holder.invokeSpecialIFC(java.lang.Object, java.lang.Object, int)'> (0x0000000621f87ad8) 
thrown [src/hotspot/share/interpreter/linkResolver.cpp, line 765]

Events (20 events):
Event: 0.346 loading class org/stringtemplate/v4/misc/STNoSuchAttributeException
Event: 0.346 loading class org/stringtemplate/v4/misc/STNoSuchAttributeException done
Event: 0.346 loading class org/stringtemplate/v4/debug/EvalTemplateEvent
Event: 0.346 loading class org/stringtemplate/v4/debug/EvalTemplateEvent done
Event: 0.347 loading class org/stringtemplate/v4/compiler/CodeGenerator$exprOptions_return
Event: 0.347 loading class org/stringtemplate/v4/compiler/CodeGenerator$exprOptions_return done
Event: 0.363 Thread 0x00007f18fc24f000 Thread added: 0x00007f18fc24f000
Event: 0.363 Protecting memory [0x00007f1916cd0000,0x00007f1916cd4000] with protection modes 0
Event: 0.387 Executing VM operation: ICBufferFull
Event: 0.387 Executing VM operation: ICBufferFull done
Event: 0.477 loading class org/stringtemplate/v4/StringRenderer
Event: 0.477 loading class org/stringtemplate/v4/StringRenderer done
Event: 0.477 loading class java/io/UnsupportedEncodingException
Event: 0.477 loading class java/io/UnsupportedEncodingException done
Event: 0.478 loading class org/antlr/v4/codegen/Target$1
Event: 0.478 loading class org/antlr/v4/codegen/Target$1 done
Event: 0.478 loading class org/antlr/v4/codegen/target/JavaTarget$JavaStringRenderer
Event: 0.478 loading class org/antlr/v4/codegen/target/JavaTarget$JavaStringRenderer done
Event: 0.479 loading class org/antlr/v4/parse/ATNBuilder
Event: 0.479 loading class org/antlr/v4/parse/ATNBuilder done


Dynamic libraries:
602400000-622200000 rw-p 00000000 00:00 0
622200000-7ffc00000 ---p 00000000 00:00 0
7ffc00000-7ffd00000 rw-p 00000000 00:00 0
7ffd00000-7ffd52000 rw-p 00bc5000 00:00 275743                   /usr/lib/jvm/java-14-openjdk-amd64/lib/server/classes.jsa
7ffd52000-7ffe00000 rw-p 00000000 00:00 0
7ffe00000-7ffe7f000 rw-p 00b46000 00:00 275743                   /usr/lib/jvm/java-14-openjdk-amd64/lib/server/classes.jsa
7ffe7f000-800000000 rw-p 00000000 00:00 0
800000000-800003000 rwxp 00001000 00:00 275743                   /usr/lib/jvm/java-14-openjdk-amd64/lib/server/classes.jsa
800003000-8003e7000 rw-p 00004000 00:00 275743                   /usr/lib/jvm/java-14-openjdk-amd64/lib/server/classes.jsa
8003e7000-800b17000 r--p 003e8000 00:00 275743                   /usr/lib/jvm/java-14-openjdk-amd64/lib/server/classes.jsa
800b17000-800b18000 rw-p 00b18000 00:00 275743                   /usr/lib/jvm/java-14-openjdk-amd64/lib/server/classes.jsa
800b18000-800bd8000 rw-p 00000000 00:00 0
800bd8000-840b18000 ---p 00000000 00:00 0
7f18e0000000-7f18e0460000 rw-p 00000000 00:00 0
7f18e0460000-7f18e4000000 ---p 00000000 00:00 0
7f18e4000000-7f18e4409000 rw-p 00000000 00:00 0
7f18e4409000-7f18e8000000 ---p 00000000 00:00 0
7f18e8000000-7f18e8021000 rw-p 00000000 00:00 0
7f18e8021000-7f18ec000000 ---p 00000000 00:00 0
7f18ec000000-7f18ec021000 rw-p 00000000 00:00 0
7f18ec021000-7f18f0000000 ---p 00000000 00:00 0
7f18f0000000-7f18f0021000 rw-p 00000000 00:00 0
7f18f0021000-7f18f4000000 ---p 00000000 00:00 0
7f18f4000000-7f18f4021000 rw-p 00000000 00:00 0
7f18f4021000-7f18f8000000 ---p 00000000 00:00 0
7f18f8000000-7f18f879f000 rw-p 00000000 00:00 0
7f18f879f000-7f18fc000000 ---p 00000000 00:00 0
7f18fc000000-7f18fc52f000 rw-p 00000000 00:00 0
7f18fc52f000-7f1900000000 ---p 00000000 00:00 0
7f1900000000-7f1900021000 rw-p 00000000 00:00 0
7f1900021000-7f1904000000 ---p 00000000 00:00 0
7f1904000000-7f1904021000 rw-p 00000000 00:00 0
7f1904021000-7f1908000000 ---p 00000000 00:00 0
7f1908000000-7f1908021000 rw-p 00000000 00:00 0
7f1908021000-7f190c000000 ---p 00000000 00:00 0
7f190c000000-7f190c021000 rw-p 00000000 00:00 0
7f190c021000-7f1910000000 ---p 00000000 00:00 0
7f1910000000-7f1910021000 rw-p 00000000 00:00 0
7f1910021000-7f1914000000 ---p 00000000 00:00 0
7f1916790000-7f19168de000 rw-p 00000000 00:00 0
7f19168e0000-7f1916a1e000 rw-p 00000000 00:00 0
7f1916a20000-7f1916b74000 rw-p 00000000 00:00 0
7f1916b80000-7f1916cc4000 rw-p 00000000 00:00 0
7f1916cd0000-7f1916cd4000 ---p 00000000 00:00 0
7f1916cd4000-7f1916dd1000 rw-p 00000000 00:00 0
7f1916de0000-7f1916de4000 ---p 00000000 00:00 0
7f1916de4000-7f1916ee1000 rw-p 00000000 00:00 0
7f1916ef0000-7f1916ef4000 r--p 00000000 00:00 275737             /usr/lib/jvm/java-14-openjdk-amd64/lib/libverify.so
7f1916ef4000-7f1916efb000 r-xp 00004000 00:00 275737             /usr/lib/jvm/java-14-openjdk-amd64/lib/libverify.so
7f1916efb000-7f1916efd000 r--p 0000b000 00:00 275737             /usr/lib/jvm/java-14-openjdk-amd64/lib/libverify.so
7f1916efd000-7f1916eff000 r--p 0000c000 00:00 275737             /usr/lib/jvm/java-14-openjdk-amd64/lib/libverify.so
7f1916eff000-7f1916f00000 rw-p 0000e000 00:00 275737             /usr/lib/jvm/java-14-openjdk-amd64/lib/libverify.so
7f1916f00000-7f1916f04000 r--p 00000000 00:00 275730             /usr/lib/jvm/java-14-openjdk-amd64/lib/libnet.so
7f1916f04000-7f1916f12000 r-xp 00004000 00:00 275730             /usr/lib/jvm/java-14-openjdk-amd64/lib/libnet.so
7f1916f12000-7f1916f16000 r--p 00012000 00:00 275730             /usr/lib/jvm/java-14-openjdk-amd64/lib/libnet.so
7f1916f16000-7f1916f17000 r--p 00015000 00:00 275730             /usr/lib/jvm/java-14-openjdk-amd64/lib/libnet.so
7f1916f17000-7f1916f18000 rw-p 00016000 00:00 275730             /usr/lib/jvm/java-14-openjdk-amd64/lib/libnet.so
7f1916f20000-7f1916f27000 r--p 00000000 00:00 275731             /usr/lib/jvm/java-14-openjdk-amd64/lib/libnio.so
7f1916f27000-7f1916f30000 r-xp 00007000 00:00 275731             /usr/lib/jvm/java-14-openjdk-amd64/lib/libnio.so
7f1916f30000-7f1916f34000 r--p 00010000 00:00 275731             /usr/lib/jvm/java-14-openjdk-amd64/lib/libnio.so
7f1916f34000-7f1916f35000 r--p 00013000 00:00 275731             /usr/lib/jvm/java-14-openjdk-amd64/lib/libnio.so
7f1916f35000-7f1916f36000 rw-p 00014000 00:00 275731             /usr/lib/jvm/java-14-openjdk-amd64/lib/libnio.so
7f1916f40000-7f1916f44000 ---p 00000000 00:00 0
7f1916f44000-7f1917041000 rw-p 00000000 00:00 0
7f1917050000-7f1917051000 ---p 00000000 00:00 0
7f1917051000-7f1917152000 rw-p 00000000 00:00 0
7f1917160000-7f1917164000 ---p 00000000 00:00 0
7f1917164000-7f1917261000 rw-p 00000000 00:00 0
7f1917270000-7f1917274000 ---p 00000000 00:00 0
7f1917274000-7f1917371000 rw-p 00000000 00:00 0
7f1917380000-7f1917384000 ---p 00000000 00:00 0
7f1917384000-7f1917481000 rw-p 00000000 00:00 0
7f1917490000-7f1917494000 ---p 00000000 00:00 0
7f1917494000-7f1917591000 rw-p 00000000 00:00 0
7f19175a0000-7f19175a4000 ---p 00000000 00:00 0
7f19175a4000-7f19176a1000 rw-p 00000000 00:00 0
7f19176b0000-7f19176b4000 ---p 00000000 00:00 0
7f19176b4000-7f19177b1000 rw-p 00000000 00:00 0
7f19177b5000-7f19177e7000 r--p 00000000 00:00 247814             /usr/lib/locale/C.UTF-8/LC_CTYPE
7f19177e7000-7f191795a000 r--p 00000000 00:00 247813             /usr/lib/locale/C.UTF-8/LC_COLLATE
7f191795a000-7f1917c40000 r--p 00000000 00:00 231758             /usr/lib/locale/locale-archive
7f1917c40000-7f1917c44000 ---p 00000000 00:00 0
7f1917c44000-7f1917d41000 rw-p 00000000 00:00 0
7f1917d50000-7f1917d54000 ---p 00000000 00:00 0
7f1917d54000-7f1917e51000 rw-p 00000000 00:00 0
7f1917e60000-7f1917e61000 ---p 00000000 00:00 0
7f1917e61000-7f1917f62000 rw-p 00000000 00:00 0
7f1917f70000-7f1917ff1000 rw-p 00000000 00:00 0
7f1918000000-7f1918021000 rw-p 00000000 00:00 0
7f1918021000-7f191c000000 ---p 00000000 00:00 0
7f191c000000-7f191c021000 rw-p 00000000 00:00 0
7f191c021000-7f1920000000 ---p 00000000 00:00 0
7f1920000000-7f1920021000 rw-p 00000000 00:00 0
7f1920021000-7f1924000000 ---p 00000000 00:00 0
7f1924000000-7f1924021000 rw-p 00000000 00:00 0
7f1924021000-7f1928000000 ---p 00000000 00:00 0
7f1928000000-7f1928021000 rw-p 00000000 00:00 0
7f1928021000-7f192c000000 ---p 00000000 00:00 0
7f192c000000-7f192c05b000 rw-p 00000000 00:00 0
7f192c060000-7f192c6a0000 rw-p 00000000 00:00 0
7f192c6a0000-7f192c861000 ---p 00000000 00:00 0
7f192c861000-7f192c962000 rw-p 00000000 00:00 0
7f192c970000-7f192c971000 ---p 00000000 00:00 0
7f192c971000-7f192ca72000 rw-p 00000000 00:00 0
7f192ca80000-7f192cb81000 rw-p 00000000 00:00 0
7f192cb90000-7f192cc91000 rw-p 00000000 00:00 0
7f192cca0000-7f192cda1000 rw-p 00000000 00:00 0
7f192cdb0000-7f192f5a8000 rw-p 00000000 00:00 0
7f192f5a8000-7f1936d10000 ---p 00000000 00:00 0
7f1936d10000-7f1937518000 rw-p 00000000 00:00 0
7f1937518000-7f193ec80000 ---p 00000000 00:00 0
7f193ec80000-7f193ed8f000 rw-p 00000000 00:00 0
7f193ed8f000-7f193fc7c000 ---p 00000000 00:00 0
7f193fc7c000-7f193fc7e000 rw-p 00000000 00:00 0
7f193fc80000-7f193fef0000 rwxp 00000000 00:00 0
7f193fef0000-7f1940212000 ---p 00000000 00:00 0
7f1940212000-7f1940482000 rwxp 00000000 00:00 0
7f1940482000-7f1947749000 ---p 00000000 00:00 0
7f1947749000-7f19479b9000 rwxp 00000000 00:00 0
7f19479b9000-7f194ec80000 ---p 00000000 00:00 0
7f194ec89000-7f1958000000 r--s 00000000 00:00 275739             /usr/lib/jvm/java-14-openjdk-amd64/lib/modules
7f1958000000-7f1958542000 rw-p 00000000 00:00 0
7f1958542000-7f195c000000 ---p 00000000 00:00 0
7f195c000000-7f195c041000 rw-p 00000000 00:00 0
7f195c050000-7f195c151000 rw-p 00000000 00:00 0
7f195c160000-7f195c261000 rw-p 00000000 00:00 0
7f195c270000-7f195c371000 rw-p 00000000 00:00 0
7f195c380000-7f195c481000 rw-p 00000000 00:00 0
7f195c490000-7f195c591000 rw-p 00000000 00:00 0
7f195c5a0000-7f195c5a1000 ---p 00000000 00:00 0
7f195c5a1000-7f195c6a2000 rw-p 00000000 00:00 0
7f195c6b0000-7f195c6b1000 ---p 00000000 00:00 0
7f195c6b1000-7f195c7b2000 rw-p 00000000 00:00 0
7f195c7c0000-7f195c7c1000 ---p 00000000 00:00 0
7f195c7c1000-7f195c8c2000 rw-p 00000000 00:00 0
7f195c8d0000-7f195c9d7000 rw-p 00000000 00:00 0
7f195c9e0000-7f195cadf000 rw-p 00000000 00:00 0
7f195cadf000-7f195d9cc000 ---p 00000000 00:00 0
7f195d9cc000-7f195d9ce000 rw-p 00000000 00:00 0
7f195d9d0000-7f195dacf000 rw-p 00000000 00:00 0
7f195dacf000-7f195e9bc000 ---p 00000000 00:00 0
7f195e9bc000-7f195e9be000 rw-p 00000000 00:00 0
7f195e9c0000-7f195eb01000 rw-p 00000000 00:00 0
7f195eb10000-7f195ec11000 rw-p 00000000 00:00 0
7f195ec20000-7f195ed21000 rw-p 00000000 00:00 0
7f195ed30000-7f195ee31000 rw-p 00000000 00:00 0
7f195ee40000-7f195ef41000 rw-p 00000000 00:00 0
7f195ef50000-7f195f051000 rw-p 00000000 00:00 0
7f195f060000-7f195f161000 rw-p 00000000 00:00 0
7f195f170000-7f195f271000 rw-p 00000000 00:00 0
7f195f280000-7f195f285000 rw-p 00000000 00:00 0
7f195f285000-7f195f36b000 ---p 00000000 00:00 0
7f195f370000-7f195f375000 rw-p 00000000 00:00 0
7f195f375000-7f195f45b000 ---p 00000000 00:00 0
7f195f460000-7f195f465000 rw-p 00000000 00:00 0
7f195f465000-7f195f46c000 ---p 00000000 00:00 0
7f195f470000-7f195f472000 r--p 00000000 00:00 275738             /usr/lib/jvm/java-14-openjdk-amd64/lib/libzip.so
7f195f472000-7f195f476000 r-xp 00002000 00:00 275738             /usr/lib/jvm/java-14-openjdk-amd64/lib/libzip.so
7f195f476000-7f195f478000 r--p 00006000 00:00 275738             /usr/lib/jvm/java-14-openjdk-amd64/lib/libzip.so
7f195f478000-7f195f479000 r--p 00007000 00:00 275738             /usr/lib/jvm/java-14-openjdk-amd64/lib/libzip.so
7f195f479000-7f195f47a000 rw-p 00008000 00:00 275738             /usr/lib/jvm/java-14-openjdk-amd64/lib/libzip.so
7f195f480000-7f195f48d000 r--p 00000000 00:00 275717             /usr/lib/jvm/java-14-openjdk-amd64/lib/libjava.so
7f195f48d000-7f195f4a0000 r-xp 0000d000 00:00 275717             /usr/lib/jvm/java-14-openjdk-amd64/lib/libjava.so
7f195f4a0000-7f195f4a6000 r--p 00020000 00:00 275717             /usr/lib/jvm/java-14-openjdk-amd64/lib/libjava.so
7f195f4a6000-7f195f4a7000 r--p 00025000 00:00 275717             /usr/lib/jvm/java-14-openjdk-amd64/lib/libjava.so
7f195f4a7000-7f195f4a9000 rw-p 00026000 00:00 275717             /usr/lib/jvm/java-14-openjdk-amd64/lib/libjava.so
7f195f4b0000-7f195f4b3000 r--p 00000000 00:00 241896             /usr/lib/x86_64-linux-gnu/libnss_files-2.31.so
7f195f4b3000-7f195f4ba000 r-xp 00003000 00:00 241896             /usr/lib/x86_64-linux-gnu/libnss_files-2.31.so
7f195f4ba000-7f195f4bc000 r--p 0000a000 00:00 241896             /usr/lib/x86_64-linux-gnu/libnss_files-2.31.so
7f195f4bc000-7f195f4bd000 r--p 0000b000 00:00 241896             /usr/lib/x86_64-linux-gnu/libnss_files-2.31.so
7f195f4bd000-7f195f4be000 rw-p 0000c000 00:00 241896             /usr/lib/x86_64-linux-gnu/libnss_files-2.31.so
7f195f4be000-7f195f4c4000 rw-p 00000000 00:00 0
7f195f4d0000-7f195f4d1000 ---p 00000000 00:00 0
7f195f4d1000-7f195f4d2000 r--p 00000000 00:00 0
7f195f4e0000-7f195f4e2000 r--p 00000000 00:00 275721             /usr/lib/jvm/java-14-openjdk-amd64/lib/libjimage.so
7f195f4e2000-7f195f4e5000 r-xp 00002000 00:00 275721             /usr/lib/jvm/java-14-openjdk-amd64/lib/libjimage.so
7f195f4e5000-7f195f4e6000 r--p 00005000 00:00 275721             /usr/lib/jvm/java-14-openjdk-amd64/lib/libjimage.so
7f195f4e6000-7f195f4e7000 ---p 00006000 00:00 275721             /usr/lib/jvm/java-14-openjdk-amd64/lib/libjimage.so
7f195f4e7000-7f195f4e8000 r--p 00006000 00:00 275721             /usr/lib/jvm/java-14-openjdk-amd64/lib/libjimage.so
7f195f4e8000-7f195f4e9000 rw-p 00007000 00:00 275721             /usr/lib/jvm/java-14-openjdk-amd64/lib/libjimage.so
7f195f4f0000-7f195f4f4000 ---p 00000000 00:00 0
7f195f4f4000-7f195f5f1000 rw-p 00000000 00:00 0
7f195f600000-7f195f603000 r--p 00000000 00:00 231057             /usr/lib/x86_64-linux-gnu/libgcc_s.so.1
7f195f603000-7f195f615000 r-xp 00003000 00:00 231057             /usr/lib/x86_64-linux-gnu/libgcc_s.so.1
7f195f615000-7f195f619000 r--p 00015000 00:00 231057             /usr/lib/x86_64-linux-gnu/libgcc_s.so.1
7f195f619000-7f195f61a000 r--p 00018000 00:00 231057             /usr/lib/x86_64-linux-gnu/libgcc_s.so.1
7f195f61a000-7f195f61b000 rw-p 00019000 00:00 231057             /usr/lib/x86_64-linux-gnu/libgcc_s.so.1
7f195f620000-7f195f621000 ---p 00000000 00:00 0
7f195f621000-7f195f630000 r--p 00000000 00:00 241881             /usr/lib/x86_64-linux-gnu/libm-2.31.so
7f195f630000-7f195f6d7000 r-xp 0000f000 00:00 241881             /usr/lib/x86_64-linux-gnu/libm-2.31.so
7f195f6d7000-7f195f76e000 r--p 000b6000 00:00 241881             /usr/lib/x86_64-linux-gnu/libm-2.31.so
7f195f76e000-7f195f76f000 r--p 0014c000 00:00 241881             /usr/lib/x86_64-linux-gnu/libm-2.31.so
7f195f76f000-7f195f770000 rw-p 0014d000 00:00 241881             /usr/lib/x86_64-linux-gnu/libm-2.31.so
7f195f770000-7f195f806000 r--p 00000000 00:00 241846             /usr/lib/x86_64-linux-gnu/libstdc++.so.6.0.28
7f195f806000-7f195f8f6000 r-xp 00096000 00:00 241846             /usr/lib/x86_64-linux-gnu/libstdc++.so.6.0.28
7f195f8f6000-7f195f93f000 r--p 00186000 00:00 241846             /usr/lib/x86_64-linux-gnu/libstdc++.so.6.0.28
7f195f93f000-7f195f940000 ---p 001cf000 00:00 241846             /usr/lib/x86_64-linux-gnu/libstdc++.so.6.0.28
7f195f940000-7f195f94b000 r--p 001cf000 00:00 241846             /usr/lib/x86_64-linux-gnu/libstdc++.so.6.0.28
7f195f94b000-7f195f94e000 rw-p 001da000 00:00 241846             /usr/lib/x86_64-linux-gnu/libstdc++.so.6.0.28
7f195f94e000-7f195f951000 rw-p 00000000 00:00 0
7f195f960000-7f195fb8d000 r--p 00000000 00:00 275745             /usr/lib/jvm/java-14-openjdk-amd64/lib/server/libjvm.so
7f195fb8d000-7f1960833000 r-xp 0022d000 00:00 275745             /usr/lib/jvm/java-14-openjdk-amd64/lib/server/libjvm.so
7f1960833000-7f1960a8f000 r--p 00ed3000 00:00 275745             /usr/lib/jvm/java-14-openjdk-amd64/lib/server/libjvm.so
7f1960a8f000-7f1960b36000 r--p 0112e000 00:00 275745             /usr/lib/jvm/java-14-openjdk-amd64/lib/server/libjvm.so
7f1960b36000-7f1960b70000 rw-p 011d5000 00:00 275745             /usr/lib/jvm/java-14-openjdk-amd64/lib/server/libjvm.so
7f1960b70000-7f1960bf1000 rw-p 00000000 00:00 0
7f1960c00000-7f1960c02000 rw-p 00000000 00:00 0
7f1960c0d000-7f1960c14000 r--p 00000000 00:00 241944             /usr/lib/x86_64-linux-gnu/libpthread-2.31.so
7f1960c14000-7f1960c25000 r-xp 00007000 00:00 241944             /usr/lib/x86_64-linux-gnu/libpthread-2.31.so
7f1960c25000-7f1960c2a000 r--p 00018000 00:00 241944             /usr/lib/x86_64-linux-gnu/libpthread-2.31.so
7f1960c2a000-7f1960c2b000 r--p 0001c000 00:00 241944             /usr/lib/x86_64-linux-gnu/libpthread-2.31.so
7f1960c2b000-7f1960c2c000 rw-p 0001d000 00:00 241944             /usr/lib/x86_64-linux-gnu/libpthread-2.31.so
7f1960c2c000-7f1960c30000 rw-p 00000000 00:00 0
7f1960c30000-7f1960c31000 r--p 00000000 00:00 241880             /usr/lib/x86_64-linux-gnu/libdl-2.31.so
7f1960c31000-7f1960c33000 r-xp 00001000 00:00 241880             /usr/lib/x86_64-linux-gnu/libdl-2.31.so
7f1960c33000-7f1960c34000 r--p 00003000 00:00 241880             /usr/lib/x86_64-linux-gnu/libdl-2.31.so
7f1960c34000-7f1960c35000 r--p 00003000 00:00 241880             /usr/lib/x86_64-linux-gnu/libdl-2.31.so
7f1960c35000-7f1960c36000 rw-p 00004000 00:00 241880             /usr/lib/x86_64-linux-gnu/libdl-2.31.so
7f1960c40000-7f1960c42000 r--p 00000000 00:00 238217             /usr/lib/x86_64-linux-gnu/libz.so.1.2.11
7f1960c42000-7f1960c53000 r-xp 00002000 00:00 238217             /usr/lib/x86_64-linux-gnu/libz.so.1.2.11
7f1960c53000-7f1960c59000 r--p 00013000 00:00 238217             /usr/lib/x86_64-linux-gnu/libz.so.1.2.11
7f1960c59000-7f1960c5a000 ---p 00019000 00:00 238217             /usr/lib/x86_64-linux-gnu/libz.so.1.2.11
7f1960c5a000-7f1960c5b000 r--p 00019000 00:00 238217             /usr/lib/x86_64-linux-gnu/libz.so.1.2.11
7f1960c5b000-7f1960c5c000 rw-p 0001a000 00:00 238217             /usr/lib/x86_64-linux-gnu/libz.so.1.2.11
7f1960c60000-7f1960c85000 r--p 00000000 00:00 241879             /usr/lib/x86_64-linux-gnu/libc-2.31.so
7f1960c85000-7f1960dfd000 r-xp 00025000 00:00 241879             /usr/lib/x86_64-linux-gnu/libc-2.31.so
7f1960dfd000-7f1960e47000 r--p 0019d000 00:00 241879             /usr/lib/x86_64-linux-gnu/libc-2.31.so
7f1960e47000-7f1960e48000 ---p 001e7000 00:00 241879             /usr/lib/x86_64-linux-gnu/libc-2.31.so
7f1960e48000-7f1960e4b000 r--p 001e7000 00:00 241879             /usr/lib/x86_64-linux-gnu/libc-2.31.so
7f1960e4b000-7f1960e4e000 rw-p 001ea000 00:00 241879             /usr/lib/x86_64-linux-gnu/libc-2.31.so
7f1960e4e000-7f1960e52000 rw-p 00000000 00:00 0
7f1960e5e000-7f1960e5f000 r--p 00000000 00:00 247820             /usr/lib/locale/C.UTF-8/LC_NUMERIC
7f1960e5f000-7f1960e60000 r--p 00000000 00:00 247823             /usr/lib/locale/C.UTF-8/LC_TIME
7f1960e60000-7f1960e63000 r--p 00000000 00:00 275722             /usr/lib/jvm/java-14-openjdk-amd64/lib/libjli.so
7f1960e63000-7f1960e6d000 r-xp 00003000 00:00 275722             /usr/lib/jvm/java-14-openjdk-amd64/lib/libjli.so
7f1960e6d000-7f1960e70000 r--p 0000d000 00:00 275722             /usr/lib/jvm/java-14-openjdk-amd64/lib/libjli.so
7f1960e70000-7f1960e71000 r--p 0000f000 00:00 275722             /usr/lib/jvm/java-14-openjdk-amd64/lib/libjli.so
7f1960e71000-7f1960e72000 rw-p 00010000 00:00 275722             /usr/lib/jvm/java-14-openjdk-amd64/lib/libjli.so
7f1960e72000-7f1960e73000 r--p 00000000 00:00 247818             /usr/lib/locale/C.UTF-8/LC_MONETARY
7f1960e73000-7f1960e74000 r--p 00000000 00:00 247817             /usr/lib/locale/C.UTF-8/LC_MESSAGES/SYS_LC_MESSAGES
7f1960e74000-7f1960e75000 r--p 00000000 00:00 247821             /usr/lib/locale/C.UTF-8/LC_PAPER
7f1960e75000-7f1960e76000 r--p 00000000 00:00 247819             /usr/lib/locale/C.UTF-8/LC_NAME
7f1960e76000-7f1960e77000 r--p 00000000 00:00 247812             /usr/lib/locale/C.UTF-8/LC_ADDRESS
7f1960e77000-7f1960e78000 r--p 00000000 00:00 247822             /usr/lib/locale/C.UTF-8/LC_TELEPHONE
7f1960e78000-7f1960e79000 r--p 00000000 00:00 247816             /usr/lib/locale/C.UTF-8/LC_MEASUREMENT
7f1960e79000-7f1960e80000 r--s 00000000 00:00 268302             /usr/lib/x86_64-linux-gnu/gconv/gconv-modules.cache
7f1960e80000-7f1960e81000 r--p 00000000 00:00 241875             /usr/lib/x86_64-linux-gnu/ld-2.31.so
7f1960e81000-7f1960ea3000 r-xp 00001000 00:00 241875             /usr/lib/x86_64-linux-gnu/ld-2.31.so
7f1960ea3000-7f1960ea4000 r-xp 00023000 00:00 241875             /usr/lib/x86_64-linux-gnu/ld-2.31.so
7f1960ea4000-7f1960eab000 r--p 00024000 00:00 241875             /usr/lib/x86_64-linux-gnu/ld-2.31.so
7f1960eab000-7f1960eac000 r--p 0002b000 00:00 241875             /usr/lib/x86_64-linux-gnu/ld-2.31.so
7f1960eac000-7f1960ead000 r--p 00000000 00:00 247815             /usr/lib/locale/C.UTF-8/LC_IDENTIFICATION
7f1960ead000-7f1960eae000 r--p 0002c000 00:00 241875             /usr/lib/x86_64-linux-gnu/ld-2.31.so
7f1960eae000-7f1960eaf000 rw-p 0002d000 00:00 241875             /usr/lib/x86_64-linux-gnu/ld-2.31.so
7f1960eaf000-7f1960eb2000 rw-p 00000000 00:00 0
7f1960eb2000-7f1960eb4000 r--s 0000c000 00:00 102077             /usr/share/java/java-atk-wrapper.jar
7f1960eb4000-7f1960ebc000 rw-s 00000000 00:00 485988             /tmp/hsperfdata_amerbiro/2453
7f1960ebc000-7f1960ebd000 r--p 00000000 00:00 275579             /usr/lib/jvm/java-14-openjdk-amd64/bin/java
7f1960ebd000-7f1960ebe000 r-xp 00001000 00:00 275579             /usr/lib/jvm/java-14-openjdk-amd64/bin/java
7f1960ebe000-7f1960ebf000 r--p 00002000 00:00 275579             /usr/lib/jvm/java-14-openjdk-amd64/bin/java
7f1960ebf000-7f1960ec0000 r--p 00002000 00:00 275579             /usr/lib/jvm/java-14-openjdk-amd64/bin/java
7f1960ec0000-7f1960ec1000 rw-p 00003000 00:00 275579             /usr/lib/jvm/java-14-openjdk-amd64/bin/java
7fffc869d000-7fffc86be000 rw-p 00000000 00:00 0                  [heap]
7fffd047b000-7fffd0c7b000 rw-p 00000000 00:00 0                  [stack]
7fffd0cc2000-7fffd0cc3000 r-xp 00000000 00:00 0                  [vdso]


VM Arguments:
java_command: /usr/local/lib/antlr-4.8-complete.jar -visitor dato.g4
java_class_path (initial): /usr/local/lib/antlr-4.8-complete.jar
Launcher Type: SUN_STANDARD

[Global flags]
     intx CICompilerCount                          = 4                                         {product} {ergonomic}
     uint ConcGCThreads                            = 2                                         {product} {ergonomic}
     uint G1ConcRefinementThreads                  = 8                                         {product} {ergonomic}
   size_t G1HeapRegionSize                         = 2097152                                   {product} {ergonomic}
    uintx GCDrainStackTargetSize                   = 64                                        {product} {ergonomic}
   size_t InitialHeapSize                          = 534773760                                 {product} {ergonomic}
   size_t MarkStackSize                            = 4194304                                   {product} {ergonomic}
   size_t MaxHeapSize                              = 8552185856                                {product} {ergonomic}
   size_t MaxNewSize                               = 5129633792                                {product} {ergonomic}
   size_t MinHeapDeltaBytes                        = 2097152                                   {product} {ergonomic}
   size_t MinHeapSize                              = 8388608                                   {product} {ergonomic}
    uintx NonNMethodCodeHeapSize                   = 5839372                                {pd product} {ergonomic}
    uintx NonProfiledCodeHeapSize                  = 122909434                              {pd product} {ergonomic}
    uintx ProfiledCodeHeapSize                     = 122909434                              {pd product} {ergonomic}
    uintx ReservedCodeCacheSize                    = 251658240                              {pd product} {ergonomic}
     bool SegmentedCodeCache                       = true                                      {product} {ergonomic}
   size_t SoftMaxHeapSize                          = 8552185856                             {manageable} {ergonomic}
     bool UseCompressedClassPointers               = true                                 {lp64_product} {ergonomic}
     bool UseCompressedOops                        = true                                 {lp64_product} {ergonomic}
     bool UseG1GC                                  = true                                      {product} {ergonomic}

Logging:
Log output configuration:
 #0: stdout all=warning uptime,level,tags
 #1: stderr all=off uptime,level,tags

Environment Variables:
CLASSPATH=.:/usr/local/lib/antlr-4.8-complete.jar:
PATH=/usr/local/sbin:/usr/local/bin:/usr/sbin:/usr/bin:/sbin:/bin:/usr/games:/usr/local/games:/mnt/c/Program Files (x86)/Common Files/Oracle/Java/javapath:/mnt/c/Windows/system32:/mnt/c/Windows:/mnt/c/Windows/System32/Wbem:/mnt/c/Windows/System32/WindowsPowerShell/v1.0/:/mnt/c/Windows/System32/OpenSSH/:/mnt/c/Program Files/Java/jdk1.8.0_251/bin:/mnt/c/Program Files (x86)/AOMEI/AOMEI Backupper 6.1.0:/mnt/c/Program Files/Git/cmd:/mnt/c/Users/Biro/AppData/Local/Microsoft/WindowsApps:/mnt/c/JavaLib/antlr-4.8-complete.jar:/mnt/c/JavaLib:/snap/bin
SHELL=/bin/bash
HOSTTYPE=x86_64

Signal Handlers:
SIGSEGV: [libjvm.so+0xe630f0], sa_mask[0]=11111111111111111111111111111110, sa_flags=SA_RESTART|SA_SIGINFO
SIGBUS: [libjvm.so+0xe630f0], sa_mask[0]=11111111111111111111111111111110, sa_flags=SA_RESTART|SA_SIGINFO
SIGFPE: [libjvm.so+0xe630f0], sa_mask[0]=11111111111111111111111111111110, sa_flags=SA_RESTART|SA_SIGINFO
SIGPIPE: [libjvm.so+0xb87eb0], sa_mask[0]=11111111111111111111111111111110, sa_flags=SA_RESTART|SA_SIGINFO
SIGXFSZ: [libjvm.so+0xb87eb0], sa_mask[0]=11111111111111111111111111111110, sa_flags=SA_RESTART|SA_SIGINFO
SIGILL: [libjvm.so+0xe630f0], sa_mask[0]=11111111111111111111111111111110, sa_flags=SA_RESTART|SA_SIGINFO
SIGUSR2: [libjvm.so+0xb87d50], sa_mask[0]=00000000000000000000000000000000, sa_flags=SA_RESTART|SA_SIGINFO
SIGHUP: [libjvm.so+0xb88490], sa_mask[0]=11111111111111111111111111111110, sa_flags=SA_RESTART|SA_SIGINFO
SIGINT: [libjvm.so+0xb88490], sa_mask[0]=11111111111111111111111111111110, sa_flags=SA_RESTART|SA_SIGINFO
SIGTERM: [libjvm.so+0xb88490], sa_mask[0]=11111111111111111111111111111110, sa_flags=SA_RESTART|SA_SIGINFO
SIGQUIT: [libjvm.so+0xb88490], sa_mask[0]=11111111111111111111111111111110, sa_flags=SA_RESTART|SA_SIGINFO


---------------  S Y S T E M  ---------------

OS:DISTRIB_ID=Ubuntu
DISTRIB_RELEASE=20.04
DISTRIB_CODENAME=focal
DISTRIB_DESCRIPTION="Ubuntu 20.04.1 LTS"
uname:Linux 4.4.0-19041-Microsoft #488-Microsoft Mon Sep 01 13:43:00 PST 2020 x86_64
OS uptime: 0 days 0:26 hours
libc:glibc 2.31 NPTL 2.31 
rlimit: STACK 8192k, CORE 0k, NPROC 7823, NOFILE 65536, AS infinity, DATA infinity, FSIZE infinity
load average:0.52 0.58 0.59

/proc/meminfo:
MemTotal:       33404976 kB
MemFree:          800060 kB
Buffers:           34032 kB
Cached:           188576 kB
SwapCached:            0 kB
Active:           167556 kB
Inactive:         157876 kB
Active(anon):     103104 kB
Inactive(anon):    17440 kB
Active(file):      64452 kB
Inactive(file):   140436 kB
Unevictable:           0 kB
Mlocked:               0 kB
SwapTotal:      31177536 kB
SwapFree:       25332688 kB
Dirty:                 0 kB
Writeback:             0 kB
AnonPages:        102824 kB
Mapped:            71404 kB
Shmem:             17720 kB
Slab:              13868 kB
SReclaimable:       6744 kB
SUnreclaim:         7124 kB
KernelStack:        2848 kB
PageTables:         2524 kB
NFS_Unstable:          0 kB
Bounce:                0 kB
WritebackTmp:          0 kB
CommitLimit:      515524 kB
Committed_AS:    3450064 kB
VmallocTotal:     122880 kB
VmallocUsed:       21296 kB
VmallocChunk:      66044 kB
HardwareCorrupted:     0 kB
AnonHugePages:      2048 kB
HugePages_Total:       0
HugePages_Free:        0
HugePages_Rsvd:        0
HugePages_Surp:        0
Hugepagesize:       2048 kB
DirectMap4k:       12280 kB
DirectMap4M:      897024 kB


/proc/sys/kernel/threads-max (system-wide limit on the number of threads):
32768


/proc/sys/vm/max_map_count (maximum number of memory map areas a process may have):


/proc/sys/kernel/pid_max (system-wide limit on number of process identifiers):
32768



HyperV virtualization detected
Steal ticks since vm start: 0
Steal ticks percentage since vm start:  0.000

CPU:total 8 (initial active 8) (4 cores per cpu, 2 threads per core) family 6 model 142 stepping 10, cmov, cx8, fxsr, mmx, sse, sse2, sse3, ssse3, sse4.1, sse4.2, popcnt, avx, avx2, aes, clmul, erms, 3dnowpref, lzcnt, ht, tsc, tscinvbit, bmi1, bmi2, adx, fma
CPU Model and flags from /proc/cpuinfo:
model name	: Intel(R) Core(TM) i7-8550U CPU @ 1.80GHz
flags		: fpu vme de pse tsc msr pae mce cx8 apic sep mtrr pge mca cmov pat pse36 clflush dts acpi mmx fxsr sse sse2 ss ht tm pbe syscall nx pdpe1gb rdtscp lm pni pclmulqdq dtes64 est tm2 ssse3 fma cx16 xtpr pdcm pcid sse4_1 sse4_2 movbe popcnt aes xsave osxsave avx f16c rdrand hypervisor lahf_lm abm 3dnowprefetch fsgsbase tsc_adjust bmi1 avx2 smep bmi2 erms invpcid mpx rdseed adx smap clflushopt ibrs ibpb stibp ssbd

Memory: 4k page, physical 33404976k(800060k free), swap 31177536k(25332688k free)

vm_info: OpenJDK 64-Bit Server VM (14.0.2+12-Ubuntu-120.04) for linux-amd64 JRE (14.0.2+12-Ubuntu-120.04), built on Jul 21 2020 11:40:06 by "unknown" with gcc 9.3.0

END.
