#
# A fatal error has been detected by the Java Runtime Environment:
#
#  SIGSEGV (0xb) at pc=0x00007fdc43efead1, pid=2474, tid=2492
#
# JRE version: OpenJDK Runtime Environment (14.0.2+12) (build 14.0.2+12-Ubuntu-120.04)
# Java VM: OpenJDK 64-Bit Server VM (14.0.2+12-Ubuntu-120.04, mixed mode, sharing, tiered, compressed oops, g1 gc, linux-amd64)
# Problematic frame:
# C  [libc.so.6+0x18ead1]
#
# Core dump will be written. Default location: core.2474 (may not exist)
#
# If you would like to submit a bug report, please visit:
#   Unknown
#

---------------  S U M M A R Y ------------

Command Line: /usr/local/lib/antlr-4.8-complete.jar -visitor dato.g4

Host: Intel(R) Core(TM) i7-8550U CPU @ 1.80GHz, 8 cores, 31G, Ubuntu 20.04.1 LTS
Time: Mon Dec 14 18:50:13 2020 CET elapsed time: 0 seconds (0d 0h 0m 0s)

---------------  T H R E A D  ---------------

Current thread (0x00007fdbe014a000):  JavaThread "C2 CompilerThread1" daemon [_thread_in_native, id=2492, stack(0x00007fdc01ee0000,0x00007fdc01fe1000)]


Current CompileTask:
C2:    480  592       4       org.antlr.runtime.misc.LookaheadStream::LT (55 bytes)

Stack: [0x00007fdc01ee0000,0x00007fdc01fe1000],  sp=0x00007fdc01fdc478,  free space=1009k
Native frames: (J=compiled Java code, A=aot compiled Java code, j=interpreted, Vv=VM code, C=native code)
C  [libc.so.6+0x18ead1]
V  [libjvm.so+0x7169aa]
V  [libjvm.so+0x717a9a]
V  [libjvm.so+0x57a0b4]
V  [libjvm.so+0x57e32a]
V  [libjvm.so+0x4cc6df]
V  [libjvm.so+0x586aaa]
V  [libjvm.so+0x587ce8]
V  [libjvm.so+0xdee84e]
V  [libjvm.so+0xdf37df]
V  [libjvm.so+0xb904ff]


siginfo: si_signo: 11 (SIGSEGV), si_code: 2 (SEGV_ACCERR), si_addr: 0x00007fdc01b31000

Register to memory mapping:

RAX=0x0 is NULL
RBX=0x0000000000001fb9 is an unknown value
RCX=0x000000000013c188 is an unknown value
RDX=0x00007fdc01b20020 points into unknown readable memory: 00 00 00 00 00 00 00 00
RSP=0x00007fdc01fdc478 is pointing into the stack for thread: 0x00007fdbe014a000
RBP=0x00007fdc01fdc4c0 is pointing into the stack for thread: 0x00007fdbe014a000
RSI=0x0 is NULL
RDI=0x00007fdc01b31000 points into unknown readable memory: 00 00 00 00 00 00 00 00
R8 =0x00007fdc01b20010 points into unknown readable memory: 00 00 00 00 00 00 00 00
R9 =0x0 is NULL
R10=0x0000000000000022 is an unknown value
R11=0x0000000000000022 is an unknown value
R12=0x000000000014d170 is an unknown value
R13=0x000000000014d168 is an unknown value
R14=0x00007fdc01fdc590 is pointing into the stack for thread: 0x00007fdbe014a000
R15=0x00007fdc01fdc5c0 is pointing into the stack for thread: 0x00007fdbe014a000


Registers:
RAX=0x0000000000000000, RBX=0x0000000000001fb9, RCX=0x000000000013c188, RDX=0x00007fdc01b20020
RSP=0x00007fdc01fdc478, RBP=0x00007fdc01fdc4c0, RSI=0x0000000000000000, RDI=0x00007fdc01b31000
R8 =0x00007fdc01b20010, R9 =0x0000000000000000, R10=0x0000000000000022, R11=0x0000000000000022
R12=0x000000000014d170, R13=0x000000000014d168, R14=0x00007fdc01fdc590, R15=0x00007fdc01fdc5c0
RIP=0x00007fdc43efead1, EFLAGS=0x0000000000010202, CSGSFS=0x00000053002b0033, ERR=0x0000000000000000
  TRAPNO=0x0000000000000000

Top of Stack: (sp=0x00007fdc01fdc478)
0x00007fdc01fdc478:   00007fdc431f260f 0000051f01fdc4c0
0x00007fdc01fdc488:   0000000000000005 00007fdc01fdc920
0x00007fdc01fdc498:   00007fdbe0149d10 00007fdc01fdc920
0x00007fdc01fdc4a8:   00007fdc01fdc550 00007fdc01fdc600 

Instructions: (pc=0x00007fdc43efead1)
0x00007fdc43efe9d1:   ff ff 0f 18 89 80 fe ff ff 0f 18 89 40 fe ff ff
0x00007fdc43efe9e1:   c5 fe 6f 01 c5 fe 6f 49 e0 c5 fe 6f 51 c0 c5 fe
0x00007fdc43efe9f1:   6f 59 a0 48 81 e9 80 00 00 00 48 81 ea 80 00 00
0x00007fdc43efea01:   00 c4 c1 7d e7 01 c4 c1 7d e7 49 e0 c4 c1 7d e7
0x00007fdc43efea11:   51 c0 c4 c1 7d e7 59 a0 49 81 e9 80 00 00 00 48
0x00007fdc43efea21:   81 fa 80 00 00 00 77 9c 0f ae f8 c5 fe 7f 27 c5
0x00007fdc43efea31:   fe 7f 6f 20 c5 fe 7f 77 40 c5 fe 7f 7f 60 c4 41
0x00007fdc43efea41:   7e 7f 03 c5 f8 77 c3 0f 1f 84 00 00 00 00 00 f3
0x00007fdc43efea51:   0f 1e fa 48 39 d1 0f 82 73 29 fa ff 0f 1f 00 f3
0x00007fdc43efea61:   0f 1e fa 48 c1 e2 02 c5 f9 6e c6 48 89 f8 c4 e2
0x00007fdc43efea71:   7d 58 c0 eb 2a 66 2e 0f 1f 84 00 00 00 00 00 f3
0x00007fdc43efea81:   0f 1e fa 48 39 d1 0f 82 43 29 fa ff 0f 1f 00 f3
0x00007fdc43efea91:   0f 1e fa c5 f9 6e c6 48 89 f8 c4 e2 7d 78 c0 48
0x00007fdc43efeaa1:   83 fa 20 0f 82 04 01 00 00 48 83 fa 40 77 77 c5
0x00007fdc43efeab1:   fe 7f 44 17 e0 c5 fe 7f 07 c5 f8 77 c3 66 90 f3
0x00007fdc43efeac1:   0f 1e fa c5 f8 77 48 89 d1 40 0f b6 c6 48 89 fa
0x00007fdc43efead1:   f3 aa 48 89 d0 c3 66 0f 1f 84 00 00 00 00 00 f3
0x00007fdc43efeae1:   0f 1e fa 48 39 d1 0f 82 e3 28 fa ff 0f 1f 00 f3
0x00007fdc43efeaf1:   0f 1e fa c5 f9 6e c6 48 89 f8 c4 e2 7d 78 c0 48
0x00007fdc43efeb01:   83 fa 20 0f 82 a4 00 00 00 48 83 fa 40 77 0e c5
0x00007fdc43efeb11:   fe 7f 44 17 e0 c5 fe 7f 07 c5 f8 77 c3 48 81 fa
0x00007fdc43efeb21:   00 08 00 00 77 9d 48 81 fa 80 00 00 00 77 19 c5
0x00007fdc43efeb31:   fe 7f 07 c5 fe 7f 47 20 c5 fe 7f 44 17 e0 c5 fe
0x00007fdc43efeb41:   7f 44 17 c0 c5 f8 77 c3 48 8d 8f 80 00 00 00 c5
0x00007fdc43efeb51:   fe 7f 07 48 83 e1 80 c5 fe 7f 44 17 e0 c5 fe 7f
0x00007fdc43efeb61:   47 20 c5 fe 7f 44 17 c0 c5 fe 7f 47 40 c5 fe 7f
0x00007fdc43efeb71:   44 17 a0 c5 fe 7f 47 60 c5 fe 7f 44 17 80 48 01
0x00007fdc43efeb81:   fa 48 83 e2 80 48 39 d1 74 ba c5 fd 7f 01 c5 fd
0x00007fdc43efeb91:   7f 41 20 c5 fd 7f 41 40 c5 fd 7f 41 60 48 81 c1
0x00007fdc43efeba1:   80 00 00 00 48 39 ca 75 e1 c5 f8 77 c3 80 fa 10
0x00007fdc43efebb1:   73 1c c4 e1 f9 7e c1 80 fa 08 73 20 80 fa 04 73
0x00007fdc43efebc1:   27 80 fa 01 77 2c 72 02 88 0f c5 f8 77 c3 c5 fa 


Stack slot to memory mapping:
stack at sp + 0 slots: 0x00007fdc431f260f: <offset 0x000000000078260f> in /usr/lib/jvm/java-14-openjdk-amd64/lib/server/libjvm.so at 0x00007fdc42a70000
stack at sp + 1 slots: 0x0000051f01fdc4c0 is an unknown value
stack at sp + 2 slots: 0x0000000000000005 is an unknown value
stack at sp + 3 slots: 0x00007fdc01fdc920 is pointing into the stack for thread: 0x00007fdbe014a000
stack at sp + 4 slots: 0x00007fdbe0149d10 points into unknown readable memory: 06 00 00 00 00 00 00 00
stack at sp + 5 slots: 0x00007fdc01fdc920 is pointing into the stack for thread: 0x00007fdbe014a000
stack at sp + 6 slots: 0x00007fdc01fdc550 is pointing into the stack for thread: 0x00007fdbe014a000
stack at sp + 7 slots: 0x00007fdc01fdc600 is pointing into the stack for thread: 0x00007fdbe014a000


---------------  P R O C E S S  ---------------

Threads class SMR info:
_java_thread_list=0x00007fdbe01a84f0, length=12, elements={
0x00007fdc3c017000, 0x00007fdc3c293000, 0x00007fdc3c295000, 0x00007fdc3c29e000,
0x00007fdc3c29f800, 0x00007fdc3c2a1800, 0x00007fdc3c2a3800, 0x00007fdc3c2a5800,
0x00007fdc3c2fd800, 0x00007fdc3c301800, 0x00007fdbe014a000, 0x00007fdbe01a7000
}

Java Threads: ( => current thread )
  0x00007fdc3c017000 JavaThread "main" [_thread_in_Java, id=2475, stack(0x00007fdc42600000,0x00007fdc42701000)]
  0x00007fdc3c293000 JavaThread "Reference Handler" daemon [_thread_blocked, id=2482, stack(0x00007fdc10e20000,0x00007fdc10f21000)]
  0x00007fdc3c295000 JavaThread "Finalizer" daemon [_thread_blocked, id=2483, stack(0x00007fdc10d10000,0x00007fdc10e11000)]
  0x00007fdc3c29e000 JavaThread "Signal Dispatcher" daemon [_thread_blocked, id=2484, stack(0x00007fdc107b0000,0x00007fdc108b1000)]
  0x00007fdc3c29f800 JavaThread "Service Thread" daemon [_thread_blocked, id=2485, stack(0x00007fdc106a0000,0x00007fdc107a1000)]
  0x00007fdc3c2a1800 JavaThread "C2 CompilerThread0" daemon [_thread_in_native, id=2486, stack(0x00007fdc10590000,0x00007fdc10691000)]
  0x00007fdc3c2a3800 JavaThread "C1 CompilerThread0" daemon [_thread_blocked, id=2487, stack(0x00007fdc10480000,0x00007fdc10581000)]
  0x00007fdc3c2a5800 JavaThread "Sweeper thread" daemon [_thread_blocked, id=2488, stack(0x00007fdc10370000,0x00007fdc10471000)]
  0x00007fdc3c2fd800 JavaThread "Notification Thread" daemon [_thread_blocked, id=2489, stack(0x00007fdc10260000,0x00007fdc10361000)]
  0x00007fdc3c301800 JavaThread "Common-Cleaner" daemon [_thread_blocked, id=2491, stack(0x00007fdc10040000,0x00007fdc10141000)]
=>0x00007fdbe014a000 JavaThread "C2 CompilerThread1" daemon [_thread_in_native, id=2492, stack(0x00007fdc01ee0000,0x00007fdc01fe1000)]
  0x00007fdbe01a7000 JavaThread "C2 CompilerThread2" daemon [_thread_in_native, id=2493, stack(0x00007fdc01dd0000,0x00007fdc01ed1000)]

Other Threads:
  0x00007fdc3c290000 VMThread "VM Thread" [stack: 0x00007fdc10f32000,0x00007fdc11032000] [id=2481]
  0x00007fdc3c2ff800 WatcherThread [stack: 0x00007fdc10152000,0x00007fdc10252000] [id=2490]
  0x00007fdc3c058800 GCTaskThread "GC Thread#0" [stack: 0x00007fdc408c2000,0x00007fdc409c2000] [id=2476]
  0x00007fdc3c07a800 ConcurrentGCThread "G1 Main Marker" [stack: 0x00007fdc407b2000,0x00007fdc408b2000] [id=2477]
  0x00007fdc3c07c000 ConcurrentGCThread "G1 Conc#0" [stack: 0x00007fdc406a2000,0x00007fdc407a2000] [id=2478]
  0x00007fdc3c202000 ConcurrentGCThread "G1 Refine#0" [stack: 0x00007fdc11a92000,0x00007fdc11b92000] [id=2479]
  0x00007fdc3c204000 ConcurrentGCThread "G1 Young RemSet Sampling" [stack: 0x00007fdc11982000,0x00007fdc11a82000] [id=2480]

Threads with active compile tasks:
C2 CompilerThread0      493  594       4       org.antlr.runtime.misc.LookaheadStream::syncAhead (31 bytes)
C2 CompilerThread1      493  592       4       org.antlr.runtime.misc.LookaheadStream::LT (55 bytes)
C2 CompilerThread2      493  593       4       org.antlr.runtime.tree.CommonTreeNodeStream::LA (15 bytes)

VM state:not at safepoint (normal execution)

VM Mutex/Monitor currently owned by a thread: None

Heap address: 0x0000000602400000, size: 8156 MB, Compressed Oops mode: Zero based, Oop shift amount: 3
Narrow klass base: 0x0000000800000000, Narrow klass shift: 3
Compressed class space size: 1073741824 Address: 0x0000000800b18000

Heap:
 garbage-first heap   total 526336K, used 16196K [0x0000000602400000, 0x0000000800000000)
  region size 2048K, 9 young (18432K), 0 survivors (0K)
 Metaspace       used 3513K, capacity 7196K, committed 7424K, reserved 1056768K
  class space    used 370K, capacity 718K, committed 768K, reserved 1048576K
Heap Regions: E=young(eden), S=young(survivor), O=old, HS=humongous(starts), HC=humongous(continues), CS=collection set, F=free, OA=open archive, CA=closed archive, TAMS=top-at-mark-start (previous, next)
|   0|0x0000000602400000, 0x0000000602400000, 0x0000000602600000|  0%| F|  |TAMS 0x0000000602400000, 0x0000000602400000| Untracked 
|   1|0x0000000602600000, 0x0000000602600000, 0x0000000602800000|  0%| F|  |TAMS 0x0000000602600000, 0x0000000602600000| Untracked 
|   2|0x0000000602800000, 0x0000000602800000, 0x0000000602a00000|  0%| F|  |TAMS 0x0000000602800000, 0x0000000602800000| Untracked 
|   3|0x0000000602a00000, 0x0000000602a00000, 0x0000000602c00000|  0%| F|  |TAMS 0x0000000602a00000, 0x0000000602a00000| Untracked 
|   4|0x0000000602c00000, 0x0000000602c00000, 0x0000000602e00000|  0%| F|  |TAMS 0x0000000602c00000, 0x0000000602c00000| Untracked 
|   5|0x0000000602e00000, 0x0000000602e00000, 0x0000000603000000|  0%| F|  |TAMS 0x0000000602e00000, 0x0000000602e00000| Untracked 
|   6|0x0000000603000000, 0x0000000603000000, 0x0000000603200000|  0%| F|  |TAMS 0x0000000603000000, 0x0000000603000000| Untracked 
|   7|0x0000000603200000, 0x0000000603200000, 0x0000000603400000|  0%| F|  |TAMS 0x0000000603200000, 0x0000000603200000| Untracked 
|   8|0x0000000603400000, 0x0000000603400000, 0x0000000603600000|  0%| F|  |TAMS 0x0000000603400000, 0x0000000603400000| Untracked 
|   9|0x0000000603600000, 0x0000000603600000, 0x0000000603800000|  0%| F|  |TAMS 0x0000000603600000, 0x0000000603600000| Untracked 
|  10|0x0000000603800000, 0x0000000603800000, 0x0000000603a00000|  0%| F|  |TAMS 0x0000000603800000, 0x0000000603800000| Untracked 
|  11|0x0000000603a00000, 0x0000000603a00000, 0x0000000603c00000|  0%| F|  |TAMS 0x0000000603a00000, 0x0000000603a00000| Untracked 
|  12|0x0000000603c00000, 0x0000000603c00000, 0x0000000603e00000|  0%| F|  |TAMS 0x0000000603c00000, 0x0000000603c00000| Untracked 
|  13|0x0000000603e00000, 0x0000000603e00000, 0x0000000604000000|  0%| F|  |TAMS 0x0000000603e00000, 0x0000000603e00000| Untracked 
|  14|0x0000000604000000, 0x0000000604000000, 0x0000000604200000|  0%| F|  |TAMS 0x0000000604000000, 0x0000000604000000| Untracked 
|  15|0x0000000604200000, 0x0000000604200000, 0x0000000604400000|  0%| F|  |TAMS 0x0000000604200000, 0x0000000604200000| Untracked 
|  16|0x0000000604400000, 0x0000000604400000, 0x0000000604600000|  0%| F|  |TAMS 0x0000000604400000, 0x0000000604400000| Untracked 
|  17|0x0000000604600000, 0x0000000604600000, 0x0000000604800000|  0%| F|  |TAMS 0x0000000604600000, 0x0000000604600000| Untracked 
|  18|0x0000000604800000, 0x0000000604800000, 0x0000000604a00000|  0%| F|  |TAMS 0x0000000604800000, 0x0000000604800000| Untracked 
|  19|0x0000000604a00000, 0x0000000604a00000, 0x0000000604c00000|  0%| F|  |TAMS 0x0000000604a00000, 0x0000000604a00000| Untracked 
|  20|0x0000000604c00000, 0x0000000604c00000, 0x0000000604e00000|  0%| F|  |TAMS 0x0000000604c00000, 0x0000000604c00000| Untracked 
|  21|0x0000000604e00000, 0x0000000604e00000, 0x0000000605000000|  0%| F|  |TAMS 0x0000000604e00000, 0x0000000604e00000| Untracked 
|  22|0x0000000605000000, 0x0000000605000000, 0x0000000605200000|  0%| F|  |TAMS 0x0000000605000000, 0x0000000605000000| Untracked 
|  23|0x0000000605200000, 0x0000000605200000, 0x0000000605400000|  0%| F|  |TAMS 0x0000000605200000, 0x0000000605200000| Untracked 
|  24|0x0000000605400000, 0x0000000605400000, 0x0000000605600000|  0%| F|  |TAMS 0x0000000605400000, 0x0000000605400000| Untracked 
|  25|0x0000000605600000, 0x0000000605600000, 0x0000000605800000|  0%| F|  |TAMS 0x0000000605600000, 0x0000000605600000| Untracked 
|  26|0x0000000605800000, 0x0000000605800000, 0x0000000605a00000|  0%| F|  |TAMS 0x0000000605800000, 0x0000000605800000| Untracked 
|  27|0x0000000605a00000, 0x0000000605a00000, 0x0000000605c00000|  0%| F|  |TAMS 0x0000000605a00000, 0x0000000605a00000| Untracked 
|  28|0x0000000605c00000, 0x0000000605c00000, 0x0000000605e00000|  0%| F|  |TAMS 0x0000000605c00000, 0x0000000605c00000| Untracked 
|  29|0x0000000605e00000, 0x0000000605e00000, 0x0000000606000000|  0%| F|  |TAMS 0x0000000605e00000, 0x0000000605e00000| Untracked 
|  30|0x0000000606000000, 0x0000000606000000, 0x0000000606200000|  0%| F|  |TAMS 0x0000000606000000, 0x0000000606000000| Untracked 
|  31|0x0000000606200000, 0x0000000606200000, 0x0000000606400000|  0%| F|  |TAMS 0x0000000606200000, 0x0000000606200000| Untracked 
|  32|0x0000000606400000, 0x0000000606400000, 0x0000000606600000|  0%| F|  |TAMS 0x0000000606400000, 0x0000000606400000| Untracked 
|  33|0x0000000606600000, 0x0000000606600000, 0x0000000606800000|  0%| F|  |TAMS 0x0000000606600000, 0x0000000606600000| Untracked 
|  34|0x0000000606800000, 0x0000000606800000, 0x0000000606a00000|  0%| F|  |TAMS 0x0000000606800000, 0x0000000606800000| Untracked 
|  35|0x0000000606a00000, 0x0000000606a00000, 0x0000000606c00000|  0%| F|  |TAMS 0x0000000606a00000, 0x0000000606a00000| Untracked 
|  36|0x0000000606c00000, 0x0000000606c00000, 0x0000000606e00000|  0%| F|  |TAMS 0x0000000606c00000, 0x0000000606c00000| Untracked 
|  37|0x0000000606e00000, 0x0000000606e00000, 0x0000000607000000|  0%| F|  |TAMS 0x0000000606e00000, 0x0000000606e00000| Untracked 
|  38|0x0000000607000000, 0x0000000607000000, 0x0000000607200000|  0%| F|  |TAMS 0x0000000607000000, 0x0000000607000000| Untracked 
|  39|0x0000000607200000, 0x0000000607200000, 0x0000000607400000|  0%| F|  |TAMS 0x0000000607200000, 0x0000000607200000| Untracked 
|  40|0x0000000607400000, 0x0000000607400000, 0x0000000607600000|  0%| F|  |TAMS 0x0000000607400000, 0x0000000607400000| Untracked 
|  41|0x0000000607600000, 0x0000000607600000, 0x0000000607800000|  0%| F|  |TAMS 0x0000000607600000, 0x0000000607600000| Untracked 
|  42|0x0000000607800000, 0x0000000607800000, 0x0000000607a00000|  0%| F|  |TAMS 0x0000000607800000, 0x0000000607800000| Untracked 
|  43|0x0000000607a00000, 0x0000000607a00000, 0x0000000607c00000|  0%| F|  |TAMS 0x0000000607a00000, 0x0000000607a00000| Untracked 
|  44|0x0000000607c00000, 0x0000000607c00000, 0x0000000607e00000|  0%| F|  |TAMS 0x0000000607c00000, 0x0000000607c00000| Untracked 
|  45|0x0000000607e00000, 0x0000000607e00000, 0x0000000608000000|  0%| F|  |TAMS 0x0000000607e00000, 0x0000000607e00000| Untracked 
|  46|0x0000000608000000, 0x0000000608000000, 0x0000000608200000|  0%| F|  |TAMS 0x0000000608000000, 0x0000000608000000| Untracked 
|  47|0x0000000608200000, 0x0000000608200000, 0x0000000608400000|  0%| F|  |TAMS 0x0000000608200000, 0x0000000608200000| Untracked 
|  48|0x0000000608400000, 0x0000000608400000, 0x0000000608600000|  0%| F|  |TAMS 0x0000000608400000, 0x0000000608400000| Untracked 
|  49|0x0000000608600000, 0x0000000608600000, 0x0000000608800000|  0%| F|  |TAMS 0x0000000608600000, 0x0000000608600000| Untracked 
|  50|0x0000000608800000, 0x0000000608800000, 0x0000000608a00000|  0%| F|  |TAMS 0x0000000608800000, 0x0000000608800000| Untracked 
|  51|0x0000000608a00000, 0x0000000608a00000, 0x0000000608c00000|  0%| F|  |TAMS 0x0000000608a00000, 0x0000000608a00000| Untracked 
|  52|0x0000000608c00000, 0x0000000608c00000, 0x0000000608e00000|  0%| F|  |TAMS 0x0000000608c00000, 0x0000000608c00000| Untracked 
|  53|0x0000000608e00000, 0x0000000608e00000, 0x0000000609000000|  0%| F|  |TAMS 0x0000000608e00000, 0x0000000608e00000| Untracked 
|  54|0x0000000609000000, 0x0000000609000000, 0x0000000609200000|  0%| F|  |TAMS 0x0000000609000000, 0x0000000609000000| Untracked 
|  55|0x0000000609200000, 0x0000000609200000, 0x0000000609400000|  0%| F|  |TAMS 0x0000000609200000, 0x0000000609200000| Untracked 
|  56|0x0000000609400000, 0x0000000609400000, 0x0000000609600000|  0%| F|  |TAMS 0x0000000609400000, 0x0000000609400000| Untracked 
|  57|0x0000000609600000, 0x0000000609600000, 0x0000000609800000|  0%| F|  |TAMS 0x0000000609600000, 0x0000000609600000| Untracked 
|  58|0x0000000609800000, 0x0000000609800000, 0x0000000609a00000|  0%| F|  |TAMS 0x0000000609800000, 0x0000000609800000| Untracked 
|  59|0x0000000609a00000, 0x0000000609a00000, 0x0000000609c00000|  0%| F|  |TAMS 0x0000000609a00000, 0x0000000609a00000| Untracked 
|  60|0x0000000609c00000, 0x0000000609c00000, 0x0000000609e00000|  0%| F|  |TAMS 0x0000000609c00000, 0x0000000609c00000| Untracked 
|  61|0x0000000609e00000, 0x0000000609e00000, 0x000000060a000000|  0%| F|  |TAMS 0x0000000609e00000, 0x0000000609e00000| Untracked 
|  62|0x000000060a000000, 0x000000060a000000, 0x000000060a200000|  0%| F|  |TAMS 0x000000060a000000, 0x000000060a000000| Untracked 
|  63|0x000000060a200000, 0x000000060a200000, 0x000000060a400000|  0%| F|  |TAMS 0x000000060a200000, 0x000000060a200000| Untracked 
|  64|0x000000060a400000, 0x000000060a400000, 0x000000060a600000|  0%| F|  |TAMS 0x000000060a400000, 0x000000060a400000| Untracked 
|  65|0x000000060a600000, 0x000000060a600000, 0x000000060a800000|  0%| F|  |TAMS 0x000000060a600000, 0x000000060a600000| Untracked 
|  66|0x000000060a800000, 0x000000060a800000, 0x000000060aa00000|  0%| F|  |TAMS 0x000000060a800000, 0x000000060a800000| Untracked 
|  67|0x000000060aa00000, 0x000000060aa00000, 0x000000060ac00000|  0%| F|  |TAMS 0x000000060aa00000, 0x000000060aa00000| Untracked 
|  68|0x000000060ac00000, 0x000000060ac00000, 0x000000060ae00000|  0%| F|  |TAMS 0x000000060ac00000, 0x000000060ac00000| Untracked 
|  69|0x000000060ae00000, 0x000000060ae00000, 0x000000060b000000|  0%| F|  |TAMS 0x000000060ae00000, 0x000000060ae00000| Untracked 
|  70|0x000000060b000000, 0x000000060b000000, 0x000000060b200000|  0%| F|  |TAMS 0x000000060b000000, 0x000000060b000000| Untracked 
|  71|0x000000060b200000, 0x000000060b200000, 0x000000060b400000|  0%| F|  |TAMS 0x000000060b200000, 0x000000060b200000| Untracked 
|  72|0x000000060b400000, 0x000000060b400000, 0x000000060b600000|  0%| F|  |TAMS 0x000000060b400000, 0x000000060b400000| Untracked 
|  73|0x000000060b600000, 0x000000060b600000, 0x000000060b800000|  0%| F|  |TAMS 0x000000060b600000, 0x000000060b600000| Untracked 
|  74|0x000000060b800000, 0x000000060b800000, 0x000000060ba00000|  0%| F|  |TAMS 0x000000060b800000, 0x000000060b800000| Untracked 
|  75|0x000000060ba00000, 0x000000060ba00000, 0x000000060bc00000|  0%| F|  |TAMS 0x000000060ba00000, 0x000000060ba00000| Untracked 
|  76|0x000000060bc00000, 0x000000060bc00000, 0x000000060be00000|  0%| F|  |TAMS 0x000000060bc00000, 0x000000060bc00000| Untracked 
|  77|0x000000060be00000, 0x000000060be00000, 0x000000060c000000|  0%| F|  |TAMS 0x000000060be00000, 0x000000060be00000| Untracked 
|  78|0x000000060c000000, 0x000000060c000000, 0x000000060c200000|  0%| F|  |TAMS 0x000000060c000000, 0x000000060c000000| Untracked 
|  79|0x000000060c200000, 0x000000060c200000, 0x000000060c400000|  0%| F|  |TAMS 0x000000060c200000, 0x000000060c200000| Untracked 
|  80|0x000000060c400000, 0x000000060c400000, 0x000000060c600000|  0%| F|  |TAMS 0x000000060c400000, 0x000000060c400000| Untracked 
|  81|0x000000060c600000, 0x000000060c600000, 0x000000060c800000|  0%| F|  |TAMS 0x000000060c600000, 0x000000060c600000| Untracked 
|  82|0x000000060c800000, 0x000000060c800000, 0x000000060ca00000|  0%| F|  |TAMS 0x000000060c800000, 0x000000060c800000| Untracked 
|  83|0x000000060ca00000, 0x000000060ca00000, 0x000000060cc00000|  0%| F|  |TAMS 0x000000060ca00000, 0x000000060ca00000| Untracked 
|  84|0x000000060cc00000, 0x000000060cc00000, 0x000000060ce00000|  0%| F|  |TAMS 0x000000060cc00000, 0x000000060cc00000| Untracked 
|  85|0x000000060ce00000, 0x000000060ce00000, 0x000000060d000000|  0%| F|  |TAMS 0x000000060ce00000, 0x000000060ce00000| Untracked 
|  86|0x000000060d000000, 0x000000060d000000, 0x000000060d200000|  0%| F|  |TAMS 0x000000060d000000, 0x000000060d000000| Untracked 
|  87|0x000000060d200000, 0x000000060d200000, 0x000000060d400000|  0%| F|  |TAMS 0x000000060d200000, 0x000000060d200000| Untracked 
|  88|0x000000060d400000, 0x000000060d400000, 0x000000060d600000|  0%| F|  |TAMS 0x000000060d400000, 0x000000060d400000| Untracked 
|  89|0x000000060d600000, 0x000000060d600000, 0x000000060d800000|  0%| F|  |TAMS 0x000000060d600000, 0x000000060d600000| Untracked 
|  90|0x000000060d800000, 0x000000060d800000, 0x000000060da00000|  0%| F|  |TAMS 0x000000060d800000, 0x000000060d800000| Untracked 
|  91|0x000000060da00000, 0x000000060da00000, 0x000000060dc00000|  0%| F|  |TAMS 0x000000060da00000, 0x000000060da00000| Untracked 
|  92|0x000000060dc00000, 0x000000060dc00000, 0x000000060de00000|  0%| F|  |TAMS 0x000000060dc00000, 0x000000060dc00000| Untracked 
|  93|0x000000060de00000, 0x000000060de00000, 0x000000060e000000|  0%| F|  |TAMS 0x000000060de00000, 0x000000060de00000| Untracked 
|  94|0x000000060e000000, 0x000000060e000000, 0x000000060e200000|  0%| F|  |TAMS 0x000000060e000000, 0x000000060e000000| Untracked 
|  95|0x000000060e200000, 0x000000060e200000, 0x000000060e400000|  0%| F|  |TAMS 0x000000060e200000, 0x000000060e200000| Untracked 
|  96|0x000000060e400000, 0x000000060e400000, 0x000000060e600000|  0%| F|  |TAMS 0x000000060e400000, 0x000000060e400000| Untracked 
|  97|0x000000060e600000, 0x000000060e600000, 0x000000060e800000|  0%| F|  |TAMS 0x000000060e600000, 0x000000060e600000| Untracked 
|  98|0x000000060e800000, 0x000000060e800000, 0x000000060ea00000|  0%| F|  |TAMS 0x000000060e800000, 0x000000060e800000| Untracked 
|  99|0x000000060ea00000, 0x000000060ea00000, 0x000000060ec00000|  0%| F|  |TAMS 0x000000060ea00000, 0x000000060ea00000| Untracked 
| 100|0x000000060ec00000, 0x000000060ec00000, 0x000000060ee00000|  0%| F|  |TAMS 0x000000060ec00000, 0x000000060ec00000| Untracked 
| 101|0x000000060ee00000, 0x000000060ee00000, 0x000000060f000000|  0%| F|  |TAMS 0x000000060ee00000, 0x000000060ee00000| Untracked 
| 102|0x000000060f000000, 0x000000060f000000, 0x000000060f200000|  0%| F|  |TAMS 0x000000060f000000, 0x000000060f000000| Untracked 
| 103|0x000000060f200000, 0x000000060f200000, 0x000000060f400000|  0%| F|  |TAMS 0x000000060f200000, 0x000000060f200000| Untracked 
| 104|0x000000060f400000, 0x000000060f400000, 0x000000060f600000|  0%| F|  |TAMS 0x000000060f400000, 0x000000060f400000| Untracked 
| 105|0x000000060f600000, 0x000000060f600000, 0x000000060f800000|  0%| F|  |TAMS 0x000000060f600000, 0x000000060f600000| Untracked 
| 106|0x000000060f800000, 0x000000060f800000, 0x000000060fa00000|  0%| F|  |TAMS 0x000000060f800000, 0x000000060f800000| Untracked 
| 107|0x000000060fa00000, 0x000000060fa00000, 0x000000060fc00000|  0%| F|  |TAMS 0x000000060fa00000, 0x000000060fa00000| Untracked 
| 108|0x000000060fc00000, 0x000000060fc00000, 0x000000060fe00000|  0%| F|  |TAMS 0x000000060fc00000, 0x000000060fc00000| Untracked 
| 109|0x000000060fe00000, 0x000000060fe00000, 0x0000000610000000|  0%| F|  |TAMS 0x000000060fe00000, 0x000000060fe00000| Untracked 
| 110|0x0000000610000000, 0x0000000610000000, 0x0000000610200000|  0%| F|  |TAMS 0x0000000610000000, 0x0000000610000000| Untracked 
| 111|0x0000000610200000, 0x0000000610200000, 0x0000000610400000|  0%| F|  |TAMS 0x0000000610200000, 0x0000000610200000| Untracked 
| 112|0x0000000610400000, 0x0000000610400000, 0x0000000610600000|  0%| F|  |TAMS 0x0000000610400000, 0x0000000610400000| Untracked 
| 113|0x0000000610600000, 0x0000000610600000, 0x0000000610800000|  0%| F|  |TAMS 0x0000000610600000, 0x0000000610600000| Untracked 
| 114|0x0000000610800000, 0x0000000610800000, 0x0000000610a00000|  0%| F|  |TAMS 0x0000000610800000, 0x0000000610800000| Untracked 
| 115|0x0000000610a00000, 0x0000000610a00000, 0x0000000610c00000|  0%| F|  |TAMS 0x0000000610a00000, 0x0000000610a00000| Untracked 
| 116|0x0000000610c00000, 0x0000000610c00000, 0x0000000610e00000|  0%| F|  |TAMS 0x0000000610c00000, 0x0000000610c00000| Untracked 
| 117|0x0000000610e00000, 0x0000000610e00000, 0x0000000611000000|  0%| F|  |TAMS 0x0000000610e00000, 0x0000000610e00000| Untracked 
| 118|0x0000000611000000, 0x0000000611000000, 0x0000000611200000|  0%| F|  |TAMS 0x0000000611000000, 0x0000000611000000| Untracked 
| 119|0x0000000611200000, 0x0000000611200000, 0x0000000611400000|  0%| F|  |TAMS 0x0000000611200000, 0x0000000611200000| Untracked 
| 120|0x0000000611400000, 0x0000000611400000, 0x0000000611600000|  0%| F|  |TAMS 0x0000000611400000, 0x0000000611400000| Untracked 
| 121|0x0000000611600000, 0x0000000611600000, 0x0000000611800000|  0%| F|  |TAMS 0x0000000611600000, 0x0000000611600000| Untracked 
| 122|0x0000000611800000, 0x0000000611800000, 0x0000000611a00000|  0%| F|  |TAMS 0x0000000611800000, 0x0000000611800000| Untracked 
| 123|0x0000000611a00000, 0x0000000611a00000, 0x0000000611c00000|  0%| F|  |TAMS 0x0000000611a00000, 0x0000000611a00000| Untracked 
| 124|0x0000000611c00000, 0x0000000611c00000, 0x0000000611e00000|  0%| F|  |TAMS 0x0000000611c00000, 0x0000000611c00000| Untracked 
| 125|0x0000000611e00000, 0x0000000611e00000, 0x0000000612000000|  0%| F|  |TAMS 0x0000000611e00000, 0x0000000611e00000| Untracked 
| 126|0x0000000612000000, 0x0000000612000000, 0x0000000612200000|  0%| F|  |TAMS 0x0000000612000000, 0x0000000612000000| Untracked 
| 127|0x0000000612200000, 0x0000000612200000, 0x0000000612400000|  0%| F|  |TAMS 0x0000000612200000, 0x0000000612200000| Untracked 
| 128|0x0000000612400000, 0x0000000612400000, 0x0000000612600000|  0%| F|  |TAMS 0x0000000612400000, 0x0000000612400000| Untracked 
| 129|0x0000000612600000, 0x0000000612600000, 0x0000000612800000|  0%| F|  |TAMS 0x0000000612600000, 0x0000000612600000| Untracked 
| 130|0x0000000612800000, 0x0000000612800000, 0x0000000612a00000|  0%| F|  |TAMS 0x0000000612800000, 0x0000000612800000| Untracked 
| 131|0x0000000612a00000, 0x0000000612a00000, 0x0000000612c00000|  0%| F|  |TAMS 0x0000000612a00000, 0x0000000612a00000| Untracked 
| 132|0x0000000612c00000, 0x0000000612c00000, 0x0000000612e00000|  0%| F|  |TAMS 0x0000000612c00000, 0x0000000612c00000| Untracked 
| 133|0x0000000612e00000, 0x0000000612e00000, 0x0000000613000000|  0%| F|  |TAMS 0x0000000612e00000, 0x0000000612e00000| Untracked 
| 134|0x0000000613000000, 0x0000000613000000, 0x0000000613200000|  0%| F|  |TAMS 0x0000000613000000, 0x0000000613000000| Untracked 
| 135|0x0000000613200000, 0x0000000613200000, 0x0000000613400000|  0%| F|  |TAMS 0x0000000613200000, 0x0000000613200000| Untracked 
| 136|0x0000000613400000, 0x0000000613400000, 0x0000000613600000|  0%| F|  |TAMS 0x0000000613400000, 0x0000000613400000| Untracked 
| 137|0x0000000613600000, 0x0000000613600000, 0x0000000613800000|  0%| F|  |TAMS 0x0000000613600000, 0x0000000613600000| Untracked 
| 138|0x0000000613800000, 0x0000000613800000, 0x0000000613a00000|  0%| F|  |TAMS 0x0000000613800000, 0x0000000613800000| Untracked 
| 139|0x0000000613a00000, 0x0000000613a00000, 0x0000000613c00000|  0%| F|  |TAMS 0x0000000613a00000, 0x0000000613a00000| Untracked 
| 140|0x0000000613c00000, 0x0000000613c00000, 0x0000000613e00000|  0%| F|  |TAMS 0x0000000613c00000, 0x0000000613c00000| Untracked 
| 141|0x0000000613e00000, 0x0000000613e00000, 0x0000000614000000|  0%| F|  |TAMS 0x0000000613e00000, 0x0000000613e00000| Untracked 
| 142|0x0000000614000000, 0x0000000614000000, 0x0000000614200000|  0%| F|  |TAMS 0x0000000614000000, 0x0000000614000000| Untracked 
| 143|0x0000000614200000, 0x0000000614200000, 0x0000000614400000|  0%| F|  |TAMS 0x0000000614200000, 0x0000000614200000| Untracked 
| 144|0x0000000614400000, 0x0000000614400000, 0x0000000614600000|  0%| F|  |TAMS 0x0000000614400000, 0x0000000614400000| Untracked 
| 145|0x0000000614600000, 0x0000000614600000, 0x0000000614800000|  0%| F|  |TAMS 0x0000000614600000, 0x0000000614600000| Untracked 
| 146|0x0000000614800000, 0x0000000614800000, 0x0000000614a00000|  0%| F|  |TAMS 0x0000000614800000, 0x0000000614800000| Untracked 
| 147|0x0000000614a00000, 0x0000000614a00000, 0x0000000614c00000|  0%| F|  |TAMS 0x0000000614a00000, 0x0000000614a00000| Untracked 
| 148|0x0000000614c00000, 0x0000000614c00000, 0x0000000614e00000|  0%| F|  |TAMS 0x0000000614c00000, 0x0000000614c00000| Untracked 
| 149|0x0000000614e00000, 0x0000000614e00000, 0x0000000615000000|  0%| F|  |TAMS 0x0000000614e00000, 0x0000000614e00000| Untracked 
| 150|0x0000000615000000, 0x0000000615000000, 0x0000000615200000|  0%| F|  |TAMS 0x0000000615000000, 0x0000000615000000| Untracked 
| 151|0x0000000615200000, 0x0000000615200000, 0x0000000615400000|  0%| F|  |TAMS 0x0000000615200000, 0x0000000615200000| Untracked 
| 152|0x0000000615400000, 0x0000000615400000, 0x0000000615600000|  0%| F|  |TAMS 0x0000000615400000, 0x0000000615400000| Untracked 
| 153|0x0000000615600000, 0x0000000615600000, 0x0000000615800000|  0%| F|  |TAMS 0x0000000615600000, 0x0000000615600000| Untracked 
| 154|0x0000000615800000, 0x0000000615800000, 0x0000000615a00000|  0%| F|  |TAMS 0x0000000615800000, 0x0000000615800000| Untracked 
| 155|0x0000000615a00000, 0x0000000615a00000, 0x0000000615c00000|  0%| F|  |TAMS 0x0000000615a00000, 0x0000000615a00000| Untracked 
| 156|0x0000000615c00000, 0x0000000615c00000, 0x0000000615e00000|  0%| F|  |TAMS 0x0000000615c00000, 0x0000000615c00000| Untracked 
| 157|0x0000000615e00000, 0x0000000615e00000, 0x0000000616000000|  0%| F|  |TAMS 0x0000000615e00000, 0x0000000615e00000| Untracked 
| 158|0x0000000616000000, 0x0000000616000000, 0x0000000616200000|  0%| F|  |TAMS 0x0000000616000000, 0x0000000616000000| Untracked 
| 159|0x0000000616200000, 0x0000000616200000, 0x0000000616400000|  0%| F|  |TAMS 0x0000000616200000, 0x0000000616200000| Untracked 
| 160|0x0000000616400000, 0x0000000616400000, 0x0000000616600000|  0%| F|  |TAMS 0x0000000616400000, 0x0000000616400000| Untracked 
| 161|0x0000000616600000, 0x0000000616600000, 0x0000000616800000|  0%| F|  |TAMS 0x0000000616600000, 0x0000000616600000| Untracked 
| 162|0x0000000616800000, 0x0000000616800000, 0x0000000616a00000|  0%| F|  |TAMS 0x0000000616800000, 0x0000000616800000| Untracked 
| 163|0x0000000616a00000, 0x0000000616a00000, 0x0000000616c00000|  0%| F|  |TAMS 0x0000000616a00000, 0x0000000616a00000| Untracked 
| 164|0x0000000616c00000, 0x0000000616c00000, 0x0000000616e00000|  0%| F|  |TAMS 0x0000000616c00000, 0x0000000616c00000| Untracked 
| 165|0x0000000616e00000, 0x0000000616e00000, 0x0000000617000000|  0%| F|  |TAMS 0x0000000616e00000, 0x0000000616e00000| Untracked 
| 166|0x0000000617000000, 0x0000000617000000, 0x0000000617200000|  0%| F|  |TAMS 0x0000000617000000, 0x0000000617000000| Untracked 
| 167|0x0000000617200000, 0x0000000617200000, 0x0000000617400000|  0%| F|  |TAMS 0x0000000617200000, 0x0000000617200000| Untracked 
| 168|0x0000000617400000, 0x0000000617400000, 0x0000000617600000|  0%| F|  |TAMS 0x0000000617400000, 0x0000000617400000| Untracked 
| 169|0x0000000617600000, 0x0000000617600000, 0x0000000617800000|  0%| F|  |TAMS 0x0000000617600000, 0x0000000617600000| Untracked 
| 170|0x0000000617800000, 0x0000000617800000, 0x0000000617a00000|  0%| F|  |TAMS 0x0000000617800000, 0x0000000617800000| Untracked 
| 171|0x0000000617a00000, 0x0000000617a00000, 0x0000000617c00000|  0%| F|  |TAMS 0x0000000617a00000, 0x0000000617a00000| Untracked 
| 172|0x0000000617c00000, 0x0000000617c00000, 0x0000000617e00000|  0%| F|  |TAMS 0x0000000617c00000, 0x0000000617c00000| Untracked 
| 173|0x0000000617e00000, 0x0000000617e00000, 0x0000000618000000|  0%| F|  |TAMS 0x0000000617e00000, 0x0000000617e00000| Untracked 
| 174|0x0000000618000000, 0x0000000618000000, 0x0000000618200000|  0%| F|  |TAMS 0x0000000618000000, 0x0000000618000000| Untracked 
| 175|0x0000000618200000, 0x0000000618200000, 0x0000000618400000|  0%| F|  |TAMS 0x0000000618200000, 0x0000000618200000| Untracked 
| 176|0x0000000618400000, 0x0000000618400000, 0x0000000618600000|  0%| F|  |TAMS 0x0000000618400000, 0x0000000618400000| Untracked 
| 177|0x0000000618600000, 0x0000000618600000, 0x0000000618800000|  0%| F|  |TAMS 0x0000000618600000, 0x0000000618600000| Untracked 
| 178|0x0000000618800000, 0x0000000618800000, 0x0000000618a00000|  0%| F|  |TAMS 0x0000000618800000, 0x0000000618800000| Untracked 
| 179|0x0000000618a00000, 0x0000000618a00000, 0x0000000618c00000|  0%| F|  |TAMS 0x0000000618a00000, 0x0000000618a00000| Untracked 
| 180|0x0000000618c00000, 0x0000000618c00000, 0x0000000618e00000|  0%| F|  |TAMS 0x0000000618c00000, 0x0000000618c00000| Untracked 
| 181|0x0000000618e00000, 0x0000000618e00000, 0x0000000619000000|  0%| F|  |TAMS 0x0000000618e00000, 0x0000000618e00000| Untracked 
| 182|0x0000000619000000, 0x0000000619000000, 0x0000000619200000|  0%| F|  |TAMS 0x0000000619000000, 0x0000000619000000| Untracked 
| 183|0x0000000619200000, 0x0000000619200000, 0x0000000619400000|  0%| F|  |TAMS 0x0000000619200000, 0x0000000619200000| Untracked 
| 184|0x0000000619400000, 0x0000000619400000, 0x0000000619600000|  0%| F|  |TAMS 0x0000000619400000, 0x0000000619400000| Untracked 
| 185|0x0000000619600000, 0x0000000619600000, 0x0000000619800000|  0%| F|  |TAMS 0x0000000619600000, 0x0000000619600000| Untracked 
| 186|0x0000000619800000, 0x0000000619800000, 0x0000000619a00000|  0%| F|  |TAMS 0x0000000619800000, 0x0000000619800000| Untracked 
| 187|0x0000000619a00000, 0x0000000619a00000, 0x0000000619c00000|  0%| F|  |TAMS 0x0000000619a00000, 0x0000000619a00000| Untracked 
| 188|0x0000000619c00000, 0x0000000619c00000, 0x0000000619e00000|  0%| F|  |TAMS 0x0000000619c00000, 0x0000000619c00000| Untracked 
| 189|0x0000000619e00000, 0x0000000619e00000, 0x000000061a000000|  0%| F|  |TAMS 0x0000000619e00000, 0x0000000619e00000| Untracked 
| 190|0x000000061a000000, 0x000000061a000000, 0x000000061a200000|  0%| F|  |TAMS 0x000000061a000000, 0x000000061a000000| Untracked 
| 191|0x000000061a200000, 0x000000061a200000, 0x000000061a400000|  0%| F|  |TAMS 0x000000061a200000, 0x000000061a200000| Untracked 
| 192|0x000000061a400000, 0x000000061a400000, 0x000000061a600000|  0%| F|  |TAMS 0x000000061a400000, 0x000000061a400000| Untracked 
| 193|0x000000061a600000, 0x000000061a600000, 0x000000061a800000|  0%| F|  |TAMS 0x000000061a600000, 0x000000061a600000| Untracked 
| 194|0x000000061a800000, 0x000000061a800000, 0x000000061aa00000|  0%| F|  |TAMS 0x000000061a800000, 0x000000061a800000| Untracked 
| 195|0x000000061aa00000, 0x000000061aa00000, 0x000000061ac00000|  0%| F|  |TAMS 0x000000061aa00000, 0x000000061aa00000| Untracked 
| 196|0x000000061ac00000, 0x000000061ac00000, 0x000000061ae00000|  0%| F|  |TAMS 0x000000061ac00000, 0x000000061ac00000| Untracked 
| 197|0x000000061ae00000, 0x000000061ae00000, 0x000000061b000000|  0%| F|  |TAMS 0x000000061ae00000, 0x000000061ae00000| Untracked 
| 198|0x000000061b000000, 0x000000061b000000, 0x000000061b200000|  0%| F|  |TAMS 0x000000061b000000, 0x000000061b000000| Untracked 
| 199|0x000000061b200000, 0x000000061b200000, 0x000000061b400000|  0%| F|  |TAMS 0x000000061b200000, 0x000000061b200000| Untracked 
| 200|0x000000061b400000, 0x000000061b400000, 0x000000061b600000|  0%| F|  |TAMS 0x000000061b400000, 0x000000061b400000| Untracked 
| 201|0x000000061b600000, 0x000000061b600000, 0x000000061b800000|  0%| F|  |TAMS 0x000000061b600000, 0x000000061b600000| Untracked 
| 202|0x000000061b800000, 0x000000061b800000, 0x000000061ba00000|  0%| F|  |TAMS 0x000000061b800000, 0x000000061b800000| Untracked 
| 203|0x000000061ba00000, 0x000000061ba00000, 0x000000061bc00000|  0%| F|  |TAMS 0x000000061ba00000, 0x000000061ba00000| Untracked 
| 204|0x000000061bc00000, 0x000000061bc00000, 0x000000061be00000|  0%| F|  |TAMS 0x000000061bc00000, 0x000000061bc00000| Untracked 
| 205|0x000000061be00000, 0x000000061be00000, 0x000000061c000000|  0%| F|  |TAMS 0x000000061be00000, 0x000000061be00000| Untracked 
| 206|0x000000061c000000, 0x000000061c000000, 0x000000061c200000|  0%| F|  |TAMS 0x000000061c000000, 0x000000061c000000| Untracked 
| 207|0x000000061c200000, 0x000000061c200000, 0x000000061c400000|  0%| F|  |TAMS 0x000000061c200000, 0x000000061c200000| Untracked 
| 208|0x000000061c400000, 0x000000061c400000, 0x000000061c600000|  0%| F|  |TAMS 0x000000061c400000, 0x000000061c400000| Untracked 
| 209|0x000000061c600000, 0x000000061c600000, 0x000000061c800000|  0%| F|  |TAMS 0x000000061c600000, 0x000000061c600000| Untracked 
| 210|0x000000061c800000, 0x000000061c800000, 0x000000061ca00000|  0%| F|  |TAMS 0x000000061c800000, 0x000000061c800000| Untracked 
| 211|0x000000061ca00000, 0x000000061ca00000, 0x000000061cc00000|  0%| F|  |TAMS 0x000000061ca00000, 0x000000061ca00000| Untracked 
| 212|0x000000061cc00000, 0x000000061cc00000, 0x000000061ce00000|  0%| F|  |TAMS 0x000000061cc00000, 0x000000061cc00000| Untracked 
| 213|0x000000061ce00000, 0x000000061ce00000, 0x000000061d000000|  0%| F|  |TAMS 0x000000061ce00000, 0x000000061ce00000| Untracked 
| 214|0x000000061d000000, 0x000000061d000000, 0x000000061d200000|  0%| F|  |TAMS 0x000000061d000000, 0x000000061d000000| Untracked 
| 215|0x000000061d200000, 0x000000061d200000, 0x000000061d400000|  0%| F|  |TAMS 0x000000061d200000, 0x000000061d200000| Untracked 
| 216|0x000000061d400000, 0x000000061d400000, 0x000000061d600000|  0%| F|  |TAMS 0x000000061d400000, 0x000000061d400000| Untracked 
| 217|0x000000061d600000, 0x000000061d600000, 0x000000061d800000|  0%| F|  |TAMS 0x000000061d600000, 0x000000061d600000| Untracked 
| 218|0x000000061d800000, 0x000000061d800000, 0x000000061da00000|  0%| F|  |TAMS 0x000000061d800000, 0x000000061d800000| Untracked 
| 219|0x000000061da00000, 0x000000061da00000, 0x000000061dc00000|  0%| F|  |TAMS 0x000000061da00000, 0x000000061da00000| Untracked 
| 220|0x000000061dc00000, 0x000000061dc00000, 0x000000061de00000|  0%| F|  |TAMS 0x000000061dc00000, 0x000000061dc00000| Untracked 
| 221|0x000000061de00000, 0x000000061de00000, 0x000000061e000000|  0%| F|  |TAMS 0x000000061de00000, 0x000000061de00000| Untracked 
| 222|0x000000061e000000, 0x000000061e000000, 0x000000061e200000|  0%| F|  |TAMS 0x000000061e000000, 0x000000061e000000| Untracked 
| 223|0x000000061e200000, 0x000000061e200000, 0x000000061e400000|  0%| F|  |TAMS 0x000000061e200000, 0x000000061e200000| Untracked 
| 224|0x000000061e400000, 0x000000061e400000, 0x000000061e600000|  0%| F|  |TAMS 0x000000061e400000, 0x000000061e400000| Untracked 
| 225|0x000000061e600000, 0x000000061e600000, 0x000000061e800000|  0%| F|  |TAMS 0x000000061e600000, 0x000000061e600000| Untracked 
| 226|0x000000061e800000, 0x000000061e800000, 0x000000061ea00000|  0%| F|  |TAMS 0x000000061e800000, 0x000000061e800000| Untracked 
| 227|0x000000061ea00000, 0x000000061ea00000, 0x000000061ec00000|  0%| F|  |TAMS 0x000000061ea00000, 0x000000061ea00000| Untracked 
| 228|0x000000061ec00000, 0x000000061ec00000, 0x000000061ee00000|  0%| F|  |TAMS 0x000000061ec00000, 0x000000061ec00000| Untracked 
| 229|0x000000061ee00000, 0x000000061ee00000, 0x000000061f000000|  0%| F|  |TAMS 0x000000061ee00000, 0x000000061ee00000| Untracked 
| 230|0x000000061f000000, 0x000000061f000000, 0x000000061f200000|  0%| F|  |TAMS 0x000000061f000000, 0x000000061f000000| Untracked 
| 231|0x000000061f200000, 0x000000061f200000, 0x000000061f400000|  0%| F|  |TAMS 0x000000061f200000, 0x000000061f200000| Untracked 
| 232|0x000000061f400000, 0x000000061f400000, 0x000000061f600000|  0%| F|  |TAMS 0x000000061f400000, 0x000000061f400000| Untracked 
| 233|0x000000061f600000, 0x000000061f600000, 0x000000061f800000|  0%| F|  |TAMS 0x000000061f600000, 0x000000061f600000| Untracked 
| 234|0x000000061f800000, 0x000000061f800000, 0x000000061fa00000|  0%| F|  |TAMS 0x000000061f800000, 0x000000061f800000| Untracked 
| 235|0x000000061fa00000, 0x000000061fa00000, 0x000000061fc00000|  0%| F|  |TAMS 0x000000061fa00000, 0x000000061fa00000| Untracked 
| 236|0x000000061fc00000, 0x000000061fc00000, 0x000000061fe00000|  0%| F|  |TAMS 0x000000061fc00000, 0x000000061fc00000| Untracked 
| 237|0x000000061fe00000, 0x000000061fe00000, 0x0000000620000000|  0%| F|  |TAMS 0x000000061fe00000, 0x000000061fe00000| Untracked 
| 238|0x0000000620000000, 0x0000000620000000, 0x0000000620200000|  0%| F|  |TAMS 0x0000000620000000, 0x0000000620000000| Untracked 
| 239|0x0000000620200000, 0x0000000620200000, 0x0000000620400000|  0%| F|  |TAMS 0x0000000620200000, 0x0000000620200000| Untracked 
| 240|0x0000000620400000, 0x0000000620400000, 0x0000000620600000|  0%| F|  |TAMS 0x0000000620400000, 0x0000000620400000| Untracked 
| 241|0x0000000620600000, 0x0000000620600000, 0x0000000620800000|  0%| F|  |TAMS 0x0000000620600000, 0x0000000620600000| Untracked 
| 242|0x0000000620800000, 0x0000000620800000, 0x0000000620a00000|  0%| F|  |TAMS 0x0000000620800000, 0x0000000620800000| Untracked 
| 243|0x0000000620a00000, 0x0000000620a00000, 0x0000000620c00000|  0%| F|  |TAMS 0x0000000620a00000, 0x0000000620a00000| Untracked 
| 244|0x0000000620c00000, 0x0000000620c00000, 0x0000000620e00000|  0%| F|  |TAMS 0x0000000620c00000, 0x0000000620c00000| Untracked 
| 245|0x0000000620e00000, 0x0000000620e00000, 0x0000000621000000|  0%| F|  |TAMS 0x0000000620e00000, 0x0000000620e00000| Untracked 
| 246|0x0000000621000000, 0x0000000621171898, 0x0000000621200000| 72%| E|  |TAMS 0x0000000621000000, 0x0000000621000000| Complete 
| 247|0x0000000621200000, 0x0000000621400000, 0x0000000621400000|100%| E|CS|TAMS 0x0000000621200000, 0x0000000621200000| Complete 
| 248|0x0000000621400000, 0x0000000621600000, 0x0000000621600000|100%| E|CS|TAMS 0x0000000621400000, 0x0000000621400000| Complete 
| 249|0x0000000621600000, 0x0000000621800000, 0x0000000621800000|100%| E|CS|TAMS 0x0000000621600000, 0x0000000621600000| Complete 
| 250|0x0000000621800000, 0x0000000621a00000, 0x0000000621a00000|100%| E|CS|TAMS 0x0000000621800000, 0x0000000621800000| Complete 
| 251|0x0000000621a00000, 0x0000000621c00000, 0x0000000621c00000|100%| E|CS|TAMS 0x0000000621a00000, 0x0000000621a00000| Complete 
| 252|0x0000000621c00000, 0x0000000621e00000, 0x0000000621e00000|100%| E|  |TAMS 0x0000000621c00000, 0x0000000621c00000| Complete 
| 253|0x0000000621e00000, 0x0000000622000000, 0x0000000622000000|100%| E|CS|TAMS 0x0000000621e00000, 0x0000000621e00000| Complete 
| 254|0x0000000622000000, 0x0000000622200000, 0x0000000622200000|100%| E|CS|TAMS 0x0000000622000000, 0x0000000622000000| Complete 
|4076|0x00000007ffc00000, 0x00000007ffd52000, 0x00000007ffe00000| 66%|OA|  |TAMS 0x00000007ffc00000, 0x00000007ffc00000| Untracked 
|4077|0x00000007ffe00000, 0x00000007ffe7f000, 0x0000000800000000| 24%|CA|  |TAMS 0x00000007ffe00000, 0x00000007ffe00000| Untracked 

Card table byte_map: [0x00007fdc22c90000,0x00007fdc23c7e000] _byte_map_base: 0x00007fdc1fc7e000

Marking Bits (Prev, Next): (CMBitMap*) 0x00007fdc3c059a28, (CMBitMap*) 0x00007fdc3c059a68
 Prev Bits: [0x00007fdc19d30000, 0x00007fdc21ca0000)
 Next Bits: [0x00007fdc11dc0000, 0x00007fdc19d30000)

Polling page: 0x00007fdc425e0000

Metaspace:

Usage:
  Non-class:      6.33 MB capacity,     3.07 MB ( 49%) used,     3.25 MB ( 51%) free+waste,     3.06 KB ( <1%) overhead. 
      Class:    718.00 KB capacity,   370.27 KB ( 52%) used,   346.42 KB ( 48%) free+waste,     1.31 KB ( <1%) overhead. 
       Both:      7.03 MB capacity,     3.43 MB ( 49%) used,     3.59 MB ( 51%) free+waste,     4.38 KB ( <1%) overhead. 

Virtual space:
  Non-class space:        8.00 MB reserved,       6.50 MB ( 81%) committed 
      Class space:        1.00 GB reserved,     768.00 KB ( <1%) committed 
             Both:        1.01 GB reserved,       7.25 MB ( <1%) committed 

Chunk freelists:
   Non-Class:  50.00 KB
       Class:  18.00 KB
        Both:  68.00 KB

MaxMetaspaceSize: unlimited
CompressedClassSpaceSize: 1.00 GB

CodeHeap 'non-profiled nmethods': size=120028Kb used=187Kb max_used=187Kb free=119840Kb
 bounds [0x00007fdc2b749000, 0x00007fdc2b9b9000, 0x00007fdc32c80000]
CodeHeap 'profiled nmethods': size=120028Kb used=1679Kb max_used=1679Kb free=118348Kb
 bounds [0x00007fdc24212000, 0x00007fdc24482000, 0x00007fdc2b749000]
CodeHeap 'non-nmethods': size=5704Kb used=1109Kb max_used=1133Kb free=4594Kb
 bounds [0x00007fdc23c80000, 0x00007fdc23ef0000, 0x00007fdc24212000]
 total_blobs=998 nmethods=656 adapters=255
 compilation: enabled
              stopped_count=0, restarted_count=0
 full_count=0

Compilation events (20 events):
Event: 0.451 Thread 0x00007fdc3c2a3800  661       3       org.stringtemplate.v4.compiler.CompiledST::addArg (93 bytes)
Event: 0.452 Thread 0x00007fdc3c2a3800 nmethod 661 0x00007fdc243adb90 code [0x00007fdc243ade20, 0x00007fdc243aec20]
Event: 0.452 Thread 0x00007fdc3c2a3800  662       3       org.stringtemplate.v4.compiler.STParser$mapExpr_return::<init> (5 bytes)
Event: 0.452 Thread 0x00007fdc3c2a3800 nmethod 662 0x00007fdc243af090 code [0x00007fdc243af240, 0x00007fdc243af470]
Event: 0.452 Thread 0x00007fdc3c2a3800  639       1       org.antlr.runtime.tree.CommonTreeNodeStream::getTokenStream (5 bytes)
Event: 0.452 Thread 0x00007fdc3c2a3800 nmethod 639 0x00007fdc2b777190 code [0x00007fdc2b777320, 0x00007fdc2b7773f0]
Event: 0.452 Thread 0x00007fdc3c2a3800  645       1       org.stringtemplate.v4.compiler.STParser$exprOptions_return::getTree (5 bytes)
Event: 0.452 Thread 0x00007fdc3c2a3800 nmethod 645 0x00007fdc2b777490 code [0x00007fdc2b777620, 0x00007fdc2b7776f0]
Event: 0.452 Thread 0x00007fdc3c2a3800  653       1       org.antlr.runtime.tree.TreeParser::setTreeNodeStream (6 bytes)
Event: 0.453 Thread 0x00007fdc3c2a3800 nmethod 653 0x00007fdc2b777790 code [0x00007fdc2b777920, 0x00007fdc2b777a50]
Event: 0.453 Thread 0x00007fdc3c2a3800  663       3       java.lang.String::hashCode (60 bytes)
Event: 0.453 Thread 0x00007fdc3c2a3800 nmethod 663 0x00007fdc243af590 code [0x00007fdc243af760, 0x00007fdc243afbe0]
Event: 0.453 Thread 0x00007fdc3c2a3800  664   !   3       org.stringtemplate.v4.compiler.CodeGenerator::exprElement (172 bytes)
Event: 0.455 Thread 0x00007fdc3c2a3800 nmethod 664 0x00007fdc243afd10 code [0x00007fdc243affe0, 0x00007fdc243b1450]
Event: 0.457 Thread 0x00007fdc3c2a3800  665       3       org.antlr.runtime.tree.CommonTreeNodeStream::<init> (41 bytes)
Event: 0.457 Thread 0x00007fdc3c2a3800 nmethod 665 0x00007fdc243b1d90 code [0x00007fdc243b1f80, 0x00007fdc243b26e0]
Event: 0.457 Thread 0x00007fdc3c2a3800  666       3       org.antlr.runtime.misc.LookaheadStream::<init> (20 bytes)
Event: 0.458 Thread 0x00007fdc3c2a3800 nmethod 666 0x00007fdc243b2910 code [0x00007fdc243b2ae0, 0x00007fdc243b2fd0]
Event: 0.458 Thread 0x00007fdc3c2a3800  667       3       org.antlr.runtime.tree.TreeIterator::<init> (75 bytes)
Event: 0.459 Thread 0x00007fdc3c2a3800 nmethod 667 0x00007fdc243b3190 code [0x00007fdc243b33c0, 0x00007fdc243b3ea0]

GC Heap History (0 events):
No events

Deoptimization events (20 events):
Event: 0.357 Thread 0x00007fdc3c017000 Uncommon trap: trap_request=0xffffffde fr.pc=0x00007fdc2b76ea70 relative=0x0000000000001f90
Event: 0.357 Thread 0x00007fdc3c017000 Uncommon trap: reason=class_check action=maybe_recompile pc=0x00007fdc2b76ea70 method=org.antlr.runtime.tree.TreeIterator.next()Ljava/lang/Object; @ 94 c2
Event: 0.357 Thread 0x00007fdc3c017000 DEOPT PACKING pc=0x00007fdc2b76ea70 sp=0x00007fdc426fe970
Event: 0.357 Thread 0x00007fdc3c017000 DEOPT UNPACKING pc=0x00007fdc23cc8e25 sp=0x00007fdc426fe798 mode 2
Event: 0.357 Thread 0x00007fdc3c017000 Uncommon trap: trap_request=0xffffffde fr.pc=0x00007fdc2b76e6e0 relative=0x0000000000001c00
Event: 0.357 Thread 0x00007fdc3c017000 Uncommon trap: reason=class_check action=maybe_recompile pc=0x00007fdc2b76e6e0 method=org.antlr.runtime.tree.CommonTreeNodeStream.isEOF(Ljava/lang/Object;)Z @ 5 c2
Event: 0.357 Thread 0x00007fdc3c017000 DEOPT PACKING pc=0x00007fdc2b76e6e0 sp=0x00007fdc426fe990
Event: 0.357 Thread 0x00007fdc3c017000 DEOPT UNPACKING pc=0x00007fdc23cc8e25 sp=0x00007fdc426fe838 mode 2
Event: 0.357 Thread 0x00007fdc3c017000 Uncommon trap: trap_request=0xffffffde fr.pc=0x00007fdc2b76ea70 relative=0x0000000000001f90
Event: 0.357 Thread 0x00007fdc3c017000 Uncommon trap: reason=class_check action=maybe_recompile pc=0x00007fdc2b76ea70 method=org.antlr.runtime.tree.TreeIterator.next()Ljava/lang/Object; @ 94 c2
Event: 0.357 Thread 0x00007fdc3c017000 DEOPT PACKING pc=0x00007fdc2b76ea70 sp=0x00007fdc426fe980
Event: 0.357 Thread 0x00007fdc3c017000 DEOPT UNPACKING pc=0x00007fdc23cc8e25 sp=0x00007fdc426fe7a8 mode 2
Event: 0.357 Thread 0x00007fdc3c017000 Uncommon trap: trap_request=0xffffffde fr.pc=0x00007fdc2b76ea70 relative=0x0000000000001f90
Event: 0.357 Thread 0x00007fdc3c017000 Uncommon trap: reason=class_check action=maybe_recompile pc=0x00007fdc2b76ea70 method=org.antlr.runtime.tree.TreeIterator.next()Ljava/lang/Object; @ 94 c2
Event: 0.357 Thread 0x00007fdc3c017000 DEOPT PACKING pc=0x00007fdc2b76ea70 sp=0x00007fdc426fe980
Event: 0.357 Thread 0x00007fdc3c017000 DEOPT UNPACKING pc=0x00007fdc23cc8e25 sp=0x00007fdc426fe7a8 mode 2
Event: 0.450 Thread 0x00007fdc3c017000 Uncommon trap: trap_request=0xffffff45 fr.pc=0x00007fdc2b75a85c relative=0x000000000000021c
Event: 0.450 Thread 0x00007fdc3c017000 Uncommon trap: reason=unstable_if action=reinterpret pc=0x00007fdc2b75a85c method=java.lang.String.hashCode()I @ 42 c2
Event: 0.450 Thread 0x00007fdc3c017000 DEOPT PACKING pc=0x00007fdc2b75a85c sp=0x00007fdc426fdeb0
Event: 0.450 Thread 0x00007fdc3c017000 DEOPT UNPACKING pc=0x00007fdc23cc8e25 sp=0x00007fdc426fde60 mode 2

Classes unloaded (0 events):
No events

Classes redefined (0 events):
No events

Internal exceptions (1 events):
Event: 0.172 Thread 0x00007fdc3c017000 Exception <a 'java/lang/NoSuchMethodError'{0x0000000621f87ad8}: 'int java.lang.invoke.DirectMethodHandle$Holder.invokeSpecialIFC(java.lang.Object, java.lang.Object, int)'> (0x0000000621f87ad8) 
thrown [src/hotspot/share/interpreter/linkResolver.cpp, line 765]

Events (20 events):
Event: 0.455 loading class org/antlr/v4/codegen/Target$1
Event: 0.455 loading class org/antlr/v4/codegen/Target$1 done
Event: 0.455 loading class org/antlr/v4/codegen/target/JavaTarget$JavaStringRenderer
Event: 0.455 loading class org/antlr/v4/codegen/target/JavaTarget$JavaStringRenderer done
Event: 0.457 loading class org/antlr/v4/parse/ATNBuilder
Event: 0.457 loading class org/antlr/v4/parse/ATNBuilder done
Event: 0.459 loading class org/antlr/v4/parse/ATNBuilder$atom_return
Event: 0.459 loading class org/antlr/v4/parse/ATNBuilder$atom_return done
Event: 0.459 loading class org/antlr/v4/parse/ATNBuilder$subrule_return
Event: 0.459 loading class org/antlr/v4/parse/ATNBuilder$subrule_return done
Event: 0.460 loading class org/antlr/v4/parse/ATNBuilder$blockSet_return
Event: 0.460 loading class org/antlr/v4/parse/ATNBuilder$blockSet_return done
Event: 0.460 loading class org/antlr/v4/parse/ATNBuilder$terminal_return
Event: 0.460 loading class org/antlr/v4/parse/ATNBuilder$terminal_return done
Event: 0.461 loading class org/antlr/v4/parse/ATNBuilder$lexerCommandExpr_return
Event: 0.461 loading class org/antlr/v4/parse/ATNBuilder$lexerCommandExpr_return done
Event: 0.461 loading class org/antlr/v4/parse/ATNBuilder$element_return
Event: 0.461 loading class org/antlr/v4/parse/ATNBuilder$element_return done
Event: 0.462 loading class org/antlr/v4/parse/ATNBuilder$setElement_return
Event: 0.462 loading class org/antlr/v4/parse/ATNBuilder$setElement_return done


Dynamic libraries:
602400000-622200000 rw-p 00000000 00:00 0
622200000-7ffc00000 ---p 00000000 00:00 0
7ffc00000-7ffd00000 rw-p 00000000 00:00 0
7ffd00000-7ffd52000 rw-p 00bc5000 00:00 275743                   /usr/lib/jvm/java-14-openjdk-amd64/lib/server/classes.jsa
7ffd52000-7ffe00000 rw-p 00000000 00:00 0
7ffe00000-7ffe7f000 rw-p 00b46000 00:00 275743                   /usr/lib/jvm/java-14-openjdk-amd64/lib/server/classes.jsa
7ffe7f000-800000000 rw-p 00000000 00:00 0
800000000-800003000 rwxp 00001000 00:00 275743                   /usr/lib/jvm/java-14-openjdk-amd64/lib/server/classes.jsa
800003000-8003e7000 rw-p 00004000 00:00 275743                   /usr/lib/jvm/java-14-openjdk-amd64/lib/server/classes.jsa
8003e7000-800b17000 r--p 003e8000 00:00 275743                   /usr/lib/jvm/java-14-openjdk-amd64/lib/server/classes.jsa
800b17000-800b18000 rw-p 00b18000 00:00 275743                   /usr/lib/jvm/java-14-openjdk-amd64/lib/server/classes.jsa
800b18000-800bd8000 rw-p 00000000 00:00 0
800bd8000-840b18000 ---p 00000000 00:00 0
7fdbc4000000-7fdbc46ac000 rw-p 00000000 00:00 0
7fdbc46ac000-7fdbc8000000 ---p 00000000 00:00 0
7fdbc8000000-7fdbc8600000 rw-p 00000000 00:00 0
7fdbc8600000-7fdbcc000000 ---p 00000000 00:00 0
7fdbcc000000-7fdbcc021000 rw-p 00000000 00:00 0
7fdbcc021000-7fdbd0000000 ---p 00000000 00:00 0
7fdbd0000000-7fdbd0021000 rw-p 00000000 00:00 0
7fdbd0021000-7fdbd4000000 ---p 00000000 00:00 0
7fdbd4000000-7fdbd4021000 rw-p 00000000 00:00 0
7fdbd4021000-7fdbd8000000 ---p 00000000 00:00 0
7fdbd8000000-7fdbd8021000 rw-p 00000000 00:00 0
7fdbd8021000-7fdbdc000000 ---p 00000000 00:00 0
7fdbdc000000-7fdbdccda000 rw-p 00000000 00:00 0
7fdbdccda000-7fdbe0000000 ---p 00000000 00:00 0
7fdbe0000000-7fdbe05e0000 rw-p 00000000 00:00 0
7fdbe05e0000-7fdbe4000000 ---p 00000000 00:00 0
7fdbe4000000-7fdbe4021000 rw-p 00000000 00:00 0
7fdbe4021000-7fdbe8000000 ---p 00000000 00:00 0
7fdbe8000000-7fdbe8021000 rw-p 00000000 00:00 0
7fdbe8021000-7fdbec000000 ---p 00000000 00:00 0
7fdbec000000-7fdbec021000 rw-p 00000000 00:00 0
7fdbec021000-7fdbf0000000 ---p 00000000 00:00 0
7fdbf0000000-7fdbf0021000 rw-p 00000000 00:00 0
7fdbf0021000-7fdbf4000000 ---p 00000000 00:00 0
7fdbf4000000-7fdbf4021000 rw-p 00000000 00:00 0
7fdbf4021000-7fdbf8000000 ---p 00000000 00:00 0
7fdbf8000000-7fdbf8021000 rw-p 00000000 00:00 0
7fdbf8021000-7fdbfc000000 ---p 00000000 00:00 0
7fdbfc000000-7fdbfc021000 rw-p 00000000 00:00 0
7fdbfc021000-7fdc00000000 ---p 00000000 00:00 0
7fdc01b20000-7fdc01c6e000 rw-p 00000000 00:00 0
7fdc01c70000-7fdc01dc4000 rw-p 00000000 00:00 0
7fdc01dd0000-7fdc01dd4000 ---p 00000000 00:00 0
7fdc01dd4000-7fdc01ed1000 rw-p 00000000 00:00 0
7fdc01ee0000-7fdc01ee4000 ---p 00000000 00:00 0
7fdc01ee4000-7fdc01fe1000 rw-p 00000000 00:00 0
7fdc01ff0000-7fdc01ff4000 r--p 00000000 00:00 275737             /usr/lib/jvm/java-14-openjdk-amd64/lib/libverify.so
7fdc01ff4000-7fdc01ffb000 r-xp 00004000 00:00 275737             /usr/lib/jvm/java-14-openjdk-amd64/lib/libverify.so
7fdc01ffb000-7fdc01ffd000 r--p 0000b000 00:00 275737             /usr/lib/jvm/java-14-openjdk-amd64/lib/libverify.so
7fdc01ffd000-7fdc01fff000 r--p 0000c000 00:00 275737             /usr/lib/jvm/java-14-openjdk-amd64/lib/libverify.so
7fdc01fff000-7fdc02000000 rw-p 0000e000 00:00 275737             /usr/lib/jvm/java-14-openjdk-amd64/lib/libverify.so
7fdc02000000-7fdc04021000 rw-p 00000000 00:00 0
7fdc04021000-7fdc08000000 ---p 00000000 00:00 0
7fdc08000000-7fdc08021000 rw-p 00000000 00:00 0
7fdc08021000-7fdc0c000000 ---p 00000000 00:00 0
7fdc0c000000-7fdc0c021000 rw-p 00000000 00:00 0
7fdc0c021000-7fdc10000000 ---p 00000000 00:00 0
7fdc10000000-7fdc10004000 r--p 00000000 00:00 275730             /usr/lib/jvm/java-14-openjdk-amd64/lib/libnet.so
7fdc10004000-7fdc10012000 r-xp 00004000 00:00 275730             /usr/lib/jvm/java-14-openjdk-amd64/lib/libnet.so
7fdc10012000-7fdc10016000 r--p 00012000 00:00 275730             /usr/lib/jvm/java-14-openjdk-amd64/lib/libnet.so
7fdc10016000-7fdc10017000 r--p 00015000 00:00 275730             /usr/lib/jvm/java-14-openjdk-amd64/lib/libnet.so
7fdc10017000-7fdc10018000 rw-p 00016000 00:00 275730             /usr/lib/jvm/java-14-openjdk-amd64/lib/libnet.so
7fdc10020000-7fdc10027000 r--p 00000000 00:00 275731             /usr/lib/jvm/java-14-openjdk-amd64/lib/libnio.so
7fdc10027000-7fdc10030000 r-xp 00007000 00:00 275731             /usr/lib/jvm/java-14-openjdk-amd64/lib/libnio.so
7fdc10030000-7fdc10034000 r--p 00010000 00:00 275731             /usr/lib/jvm/java-14-openjdk-amd64/lib/libnio.so
7fdc10034000-7fdc10035000 r--p 00013000 00:00 275731             /usr/lib/jvm/java-14-openjdk-amd64/lib/libnio.so
7fdc10035000-7fdc10036000 rw-p 00014000 00:00 275731             /usr/lib/jvm/java-14-openjdk-amd64/lib/libnio.so
7fdc10040000-7fdc10044000 ---p 00000000 00:00 0
7fdc10044000-7fdc10141000 rw-p 00000000 00:00 0
7fdc10150000-7fdc10151000 ---p 00000000 00:00 0
7fdc10151000-7fdc10252000 rw-p 00000000 00:00 0
7fdc10260000-7fdc10264000 ---p 00000000 00:00 0
7fdc10264000-7fdc10361000 rw-p 00000000 00:00 0
7fdc10370000-7fdc10374000 ---p 00000000 00:00 0
7fdc10374000-7fdc10471000 rw-p 00000000 00:00 0
7fdc10480000-7fdc10484000 ---p 00000000 00:00 0
7fdc10484000-7fdc10581000 rw-p 00000000 00:00 0
7fdc10590000-7fdc10594000 ---p 00000000 00:00 0
7fdc10594000-7fdc10691000 rw-p 00000000 00:00 0
7fdc106a0000-7fdc106a4000 ---p 00000000 00:00 0
7fdc106a4000-7fdc107a1000 rw-p 00000000 00:00 0
7fdc107b0000-7fdc107b4000 ---p 00000000 00:00 0
7fdc107b4000-7fdc108b1000 rw-p 00000000 00:00 0
7fdc108b7000-7fdc10a2a000 r--p 00000000 00:00 247813             /usr/lib/locale/C.UTF-8/LC_COLLATE
7fdc10a2a000-7fdc10d10000 r--p 00000000 00:00 231758             /usr/lib/locale/locale-archive
7fdc10d10000-7fdc10d14000 ---p 00000000 00:00 0
7fdc10d14000-7fdc10e11000 rw-p 00000000 00:00 0
7fdc10e20000-7fdc10e24000 ---p 00000000 00:00 0
7fdc10e24000-7fdc10f21000 rw-p 00000000 00:00 0
7fdc10f30000-7fdc10f31000 ---p 00000000 00:00 0
7fdc10f31000-7fdc11032000 rw-p 00000000 00:00 0
7fdc11040000-7fdc110c1000 rw-p 00000000 00:00 0
7fdc110d0000-7fdc1112b000 rw-p 00000000 00:00 0
7fdc11130000-7fdc11171000 rw-p 00000000 00:00 0
7fdc11180000-7fdc11800000 rw-p 00000000 00:00 0
7fdc11800000-7fdc11981000 ---p 00000000 00:00 0
7fdc11981000-7fdc11a82000 rw-p 00000000 00:00 0
7fdc11a90000-7fdc11a91000 ---p 00000000 00:00 0
7fdc11a91000-7fdc11b92000 rw-p 00000000 00:00 0
7fdc11ba0000-7fdc11ca1000 rw-p 00000000 00:00 0
7fdc11cb0000-7fdc11db1000 rw-p 00000000 00:00 0
7fdc11dc0000-7fdc125b8000 rw-p 00000000 00:00 0
7fdc125b8000-7fdc19d20000 ---p 00000000 00:00 0
7fdc19d20000-7fdc1a528000 rw-p 00000000 00:00 0
7fdc1a528000-7fdc21c90000 ---p 00000000 00:00 0
7fdc21c90000-7fdc21d9f000 rw-p 00000000 00:00 0
7fdc21d9f000-7fdc22c8c000 ---p 00000000 00:00 0
7fdc22c8c000-7fdc22c8e000 rw-p 00000000 00:00 0
7fdc22c90000-7fdc22d8f000 rw-p 00000000 00:00 0
7fdc22d8f000-7fdc23c7c000 ---p 00000000 00:00 0
7fdc23c7c000-7fdc23c7e000 rw-p 00000000 00:00 0
7fdc23c80000-7fdc23ef0000 rwxp 00000000 00:00 0
7fdc23ef0000-7fdc24212000 ---p 00000000 00:00 0
7fdc24212000-7fdc24482000 rwxp 00000000 00:00 0
7fdc24482000-7fdc2b749000 ---p 00000000 00:00 0
7fdc2b749000-7fdc2b9b9000 rwxp 00000000 00:00 0
7fdc2b9b9000-7fdc32c80000 ---p 00000000 00:00 0
7fdc32c89000-7fdc3c000000 r--s 00000000 00:00 275739             /usr/lib/jvm/java-14-openjdk-amd64/lib/modules
7fdc3c000000-7fdc3c545000 rw-p 00000000 00:00 0
7fdc3c545000-7fdc40000000 ---p 00000000 00:00 0
7fdc4000e000-7fdc40040000 r--p 00000000 00:00 247814             /usr/lib/locale/C.UTF-8/LC_CTYPE
7fdc40040000-7fdc40141000 rw-p 00000000 00:00 0
7fdc40150000-7fdc40251000 rw-p 00000000 00:00 0
7fdc40260000-7fdc40361000 rw-p 00000000 00:00 0
7fdc40370000-7fdc40471000 rw-p 00000000 00:00 0
7fdc40480000-7fdc40581000 rw-p 00000000 00:00 0
7fdc40590000-7fdc40691000 rw-p 00000000 00:00 0
7fdc406a0000-7fdc406a1000 ---p 00000000 00:00 0
7fdc406a1000-7fdc407a2000 rw-p 00000000 00:00 0
7fdc407b0000-7fdc407b1000 ---p 00000000 00:00 0
7fdc407b1000-7fdc408b2000 rw-p 00000000 00:00 0
7fdc408c0000-7fdc408c1000 ---p 00000000 00:00 0
7fdc408c1000-7fdc409c2000 rw-p 00000000 00:00 0
7fdc409d0000-7fdc40ad7000 rw-p 00000000 00:00 0
7fdc40ae0000-7fdc40bdf000 rw-p 00000000 00:00 0
7fdc40bdf000-7fdc41acc000 ---p 00000000 00:00 0
7fdc41acc000-7fdc41ace000 rw-p 00000000 00:00 0
7fdc41ad0000-7fdc41c11000 rw-p 00000000 00:00 0
7fdc41c20000-7fdc41d21000 rw-p 00000000 00:00 0
7fdc41d30000-7fdc41e31000 rw-p 00000000 00:00 0
7fdc41e40000-7fdc41f41000 rw-p 00000000 00:00 0
7fdc41f50000-7fdc42051000 rw-p 00000000 00:00 0
7fdc42060000-7fdc42161000 rw-p 00000000 00:00 0
7fdc42170000-7fdc42271000 rw-p 00000000 00:00 0
7fdc42280000-7fdc42381000 rw-p 00000000 00:00 0
7fdc42390000-7fdc42395000 rw-p 00000000 00:00 0
7fdc42395000-7fdc4247b000 ---p 00000000 00:00 0
7fdc42480000-7fdc42485000 rw-p 00000000 00:00 0
7fdc42485000-7fdc4256b000 ---p 00000000 00:00 0
7fdc42570000-7fdc42575000 rw-p 00000000 00:00 0
7fdc42575000-7fdc4257c000 ---p 00000000 00:00 0
7fdc42580000-7fdc42582000 r--p 00000000 00:00 275738             /usr/lib/jvm/java-14-openjdk-amd64/lib/libzip.so
7fdc42582000-7fdc42586000 r-xp 00002000 00:00 275738             /usr/lib/jvm/java-14-openjdk-amd64/lib/libzip.so
7fdc42586000-7fdc42588000 r--p 00006000 00:00 275738             /usr/lib/jvm/java-14-openjdk-amd64/lib/libzip.so
7fdc42588000-7fdc42589000 r--p 00007000 00:00 275738             /usr/lib/jvm/java-14-openjdk-amd64/lib/libzip.so
7fdc42589000-7fdc4258a000 rw-p 00008000 00:00 275738             /usr/lib/jvm/java-14-openjdk-amd64/lib/libzip.so
7fdc42590000-7fdc4259d000 r--p 00000000 00:00 275717             /usr/lib/jvm/java-14-openjdk-amd64/lib/libjava.so
7fdc4259d000-7fdc425b0000 r-xp 0000d000 00:00 275717             /usr/lib/jvm/java-14-openjdk-amd64/lib/libjava.so
7fdc425b0000-7fdc425b6000 r--p 00020000 00:00 275717             /usr/lib/jvm/java-14-openjdk-amd64/lib/libjava.so
7fdc425b6000-7fdc425b7000 r--p 00025000 00:00 275717             /usr/lib/jvm/java-14-openjdk-amd64/lib/libjava.so
7fdc425b7000-7fdc425b9000 rw-p 00026000 00:00 275717             /usr/lib/jvm/java-14-openjdk-amd64/lib/libjava.so
7fdc425c0000-7fdc425c3000 r--p 00000000 00:00 241896             /usr/lib/x86_64-linux-gnu/libnss_files-2.31.so
7fdc425c3000-7fdc425ca000 r-xp 00003000 00:00 241896             /usr/lib/x86_64-linux-gnu/libnss_files-2.31.so
7fdc425ca000-7fdc425cc000 r--p 0000a000 00:00 241896             /usr/lib/x86_64-linux-gnu/libnss_files-2.31.so
7fdc425cc000-7fdc425cd000 r--p 0000b000 00:00 241896             /usr/lib/x86_64-linux-gnu/libnss_files-2.31.so
7fdc425cd000-7fdc425ce000 rw-p 0000c000 00:00 241896             /usr/lib/x86_64-linux-gnu/libnss_files-2.31.so
7fdc425ce000-7fdc425d4000 rw-p 00000000 00:00 0
7fdc425e0000-7fdc425e1000 ---p 00000000 00:00 0
7fdc425e1000-7fdc425e2000 r--p 00000000 00:00 0
7fdc425f0000-7fdc425f2000 r--p 00000000 00:00 275721             /usr/lib/jvm/java-14-openjdk-amd64/lib/libjimage.so
7fdc425f2000-7fdc425f5000 r-xp 00002000 00:00 275721             /usr/lib/jvm/java-14-openjdk-amd64/lib/libjimage.so
7fdc425f5000-7fdc425f6000 r--p 00005000 00:00 275721             /usr/lib/jvm/java-14-openjdk-amd64/lib/libjimage.so
7fdc425f6000-7fdc425f7000 ---p 00006000 00:00 275721             /usr/lib/jvm/java-14-openjdk-amd64/lib/libjimage.so
7fdc425f7000-7fdc425f8000 r--p 00006000 00:00 275721             /usr/lib/jvm/java-14-openjdk-amd64/lib/libjimage.so
7fdc425f8000-7fdc425f9000 rw-p 00007000 00:00 275721             /usr/lib/jvm/java-14-openjdk-amd64/lib/libjimage.so
7fdc42600000-7fdc42604000 ---p 00000000 00:00 0
7fdc42604000-7fdc42701000 rw-p 00000000 00:00 0
7fdc42710000-7fdc42713000 r--p 00000000 00:00 231057             /usr/lib/x86_64-linux-gnu/libgcc_s.so.1
7fdc42713000-7fdc42725000 r-xp 00003000 00:00 231057             /usr/lib/x86_64-linux-gnu/libgcc_s.so.1
7fdc42725000-7fdc42729000 r--p 00015000 00:00 231057             /usr/lib/x86_64-linux-gnu/libgcc_s.so.1
7fdc42729000-7fdc4272a000 r--p 00018000 00:00 231057             /usr/lib/x86_64-linux-gnu/libgcc_s.so.1
7fdc4272a000-7fdc4272b000 rw-p 00019000 00:00 231057             /usr/lib/x86_64-linux-gnu/libgcc_s.so.1
7fdc42730000-7fdc42731000 ---p 00000000 00:00 0
7fdc42731000-7fdc42740000 r--p 00000000 00:00 241881             /usr/lib/x86_64-linux-gnu/libm-2.31.so
7fdc42740000-7fdc427e7000 r-xp 0000f000 00:00 241881             /usr/lib/x86_64-linux-gnu/libm-2.31.so
7fdc427e7000-7fdc4287e000 r--p 000b6000 00:00 241881             /usr/lib/x86_64-linux-gnu/libm-2.31.so
7fdc4287e000-7fdc4287f000 r--p 0014c000 00:00 241881             /usr/lib/x86_64-linux-gnu/libm-2.31.so
7fdc4287f000-7fdc42880000 rw-p 0014d000 00:00 241881             /usr/lib/x86_64-linux-gnu/libm-2.31.so
7fdc42880000-7fdc42916000 r--p 00000000 00:00 241846             /usr/lib/x86_64-linux-gnu/libstdc++.so.6.0.28
7fdc42916000-7fdc42a06000 r-xp 00096000 00:00 241846             /usr/lib/x86_64-linux-gnu/libstdc++.so.6.0.28
7fdc42a06000-7fdc42a4f000 r--p 00186000 00:00 241846             /usr/lib/x86_64-linux-gnu/libstdc++.so.6.0.28
7fdc42a4f000-7fdc42a50000 ---p 001cf000 00:00 241846             /usr/lib/x86_64-linux-gnu/libstdc++.so.6.0.28
7fdc42a50000-7fdc42a5b000 r--p 001cf000 00:00 241846             /usr/lib/x86_64-linux-gnu/libstdc++.so.6.0.28
7fdc42a5b000-7fdc42a5e000 rw-p 001da000 00:00 241846             /usr/lib/x86_64-linux-gnu/libstdc++.so.6.0.28
7fdc42a5e000-7fdc42a61000 rw-p 00000000 00:00 0
7fdc42a70000-7fdc42c9d000 r--p 00000000 00:00 275745             /usr/lib/jvm/java-14-openjdk-amd64/lib/server/libjvm.so
7fdc42c9d000-7fdc43943000 r-xp 0022d000 00:00 275745             /usr/lib/jvm/java-14-openjdk-amd64/lib/server/libjvm.so
7fdc43943000-7fdc43b9f000 r--p 00ed3000 00:00 275745             /usr/lib/jvm/java-14-openjdk-amd64/lib/server/libjvm.so
7fdc43b9f000-7fdc43c46000 r--p 0112e000 00:00 275745             /usr/lib/jvm/java-14-openjdk-amd64/lib/server/libjvm.so
7fdc43c46000-7fdc43c80000 rw-p 011d5000 00:00 275745             /usr/lib/jvm/java-14-openjdk-amd64/lib/server/libjvm.so
7fdc43c80000-7fdc43d01000 rw-p 00000000 00:00 0
7fdc43d10000-7fdc43d12000 rw-p 00000000 00:00 0
7fdc43d1d000-7fdc43d24000 r--p 00000000 00:00 241944             /usr/lib/x86_64-linux-gnu/libpthread-2.31.so
7fdc43d24000-7fdc43d35000 r-xp 00007000 00:00 241944             /usr/lib/x86_64-linux-gnu/libpthread-2.31.so
7fdc43d35000-7fdc43d3a000 r--p 00018000 00:00 241944             /usr/lib/x86_64-linux-gnu/libpthread-2.31.so
7fdc43d3a000-7fdc43d3b000 r--p 0001c000 00:00 241944             /usr/lib/x86_64-linux-gnu/libpthread-2.31.so
7fdc43d3b000-7fdc43d3c000 rw-p 0001d000 00:00 241944             /usr/lib/x86_64-linux-gnu/libpthread-2.31.so
7fdc43d3c000-7fdc43d40000 rw-p 00000000 00:00 0
7fdc43d40000-7fdc43d41000 r--p 00000000 00:00 241880             /usr/lib/x86_64-linux-gnu/libdl-2.31.so
7fdc43d41000-7fdc43d43000 r-xp 00001000 00:00 241880             /usr/lib/x86_64-linux-gnu/libdl-2.31.so
7fdc43d43000-7fdc43d44000 r--p 00003000 00:00 241880             /usr/lib/x86_64-linux-gnu/libdl-2.31.so
7fdc43d44000-7fdc43d45000 r--p 00003000 00:00 241880             /usr/lib/x86_64-linux-gnu/libdl-2.31.so
7fdc43d45000-7fdc43d46000 rw-p 00004000 00:00 241880             /usr/lib/x86_64-linux-gnu/libdl-2.31.so
7fdc43d50000-7fdc43d52000 r--p 00000000 00:00 238217             /usr/lib/x86_64-linux-gnu/libz.so.1.2.11
7fdc43d52000-7fdc43d63000 r-xp 00002000 00:00 238217             /usr/lib/x86_64-linux-gnu/libz.so.1.2.11
7fdc43d63000-7fdc43d69000 r--p 00013000 00:00 238217             /usr/lib/x86_64-linux-gnu/libz.so.1.2.11
7fdc43d69000-7fdc43d6a000 ---p 00019000 00:00 238217             /usr/lib/x86_64-linux-gnu/libz.so.1.2.11
7fdc43d6a000-7fdc43d6b000 r--p 00019000 00:00 238217             /usr/lib/x86_64-linux-gnu/libz.so.1.2.11
7fdc43d6b000-7fdc43d6c000 rw-p 0001a000 00:00 238217             /usr/lib/x86_64-linux-gnu/libz.so.1.2.11
7fdc43d70000-7fdc43d95000 r--p 00000000 00:00 241879             /usr/lib/x86_64-linux-gnu/libc-2.31.so
7fdc43d95000-7fdc43f0d000 r-xp 00025000 00:00 241879             /usr/lib/x86_64-linux-gnu/libc-2.31.so
7fdc43f0d000-7fdc43f57000 r--p 0019d000 00:00 241879             /usr/lib/x86_64-linux-gnu/libc-2.31.so
7fdc43f57000-7fdc43f58000 ---p 001e7000 00:00 241879             /usr/lib/x86_64-linux-gnu/libc-2.31.so
7fdc43f58000-7fdc43f5b000 r--p 001e7000 00:00 241879             /usr/lib/x86_64-linux-gnu/libc-2.31.so
7fdc43f5b000-7fdc43f5e000 rw-p 001ea000 00:00 241879             /usr/lib/x86_64-linux-gnu/libc-2.31.so
7fdc43f5e000-7fdc43f62000 rw-p 00000000 00:00 0
7fdc43f69000-7fdc43f70000 r--s 00000000 00:00 268302             /usr/lib/x86_64-linux-gnu/gconv/gconv-modules.cache
7fdc43f70000-7fdc43f73000 r--p 00000000 00:00 275722             /usr/lib/jvm/java-14-openjdk-amd64/lib/libjli.so
7fdc43f73000-7fdc43f7d000 r-xp 00003000 00:00 275722             /usr/lib/jvm/java-14-openjdk-amd64/lib/libjli.so
7fdc43f7d000-7fdc43f80000 r--p 0000d000 00:00 275722             /usr/lib/jvm/java-14-openjdk-amd64/lib/libjli.so
7fdc43f80000-7fdc43f81000 r--p 0000f000 00:00 275722             /usr/lib/jvm/java-14-openjdk-amd64/lib/libjli.so
7fdc43f81000-7fdc43f82000 rw-p 00010000 00:00 275722             /usr/lib/jvm/java-14-openjdk-amd64/lib/libjli.so
7fdc43f82000-7fdc43f83000 r--p 00000000 00:00 247820             /usr/lib/locale/C.UTF-8/LC_NUMERIC
7fdc43f83000-7fdc43f84000 r--p 00000000 00:00 247823             /usr/lib/locale/C.UTF-8/LC_TIME
7fdc43f84000-7fdc43f85000 r--p 00000000 00:00 247818             /usr/lib/locale/C.UTF-8/LC_MONETARY
7fdc43f85000-7fdc43f86000 r--p 00000000 00:00 247817             /usr/lib/locale/C.UTF-8/LC_MESSAGES/SYS_LC_MESSAGES
7fdc43f86000-7fdc43f87000 r--p 00000000 00:00 247821             /usr/lib/locale/C.UTF-8/LC_PAPER
7fdc43f87000-7fdc43f88000 r--p 00000000 00:00 247819             /usr/lib/locale/C.UTF-8/LC_NAME
7fdc43f88000-7fdc43f90000 rw-s 00000000 00:00 486356             /tmp/hsperfdata_amerbiro/2474
7fdc43f90000-7fdc43f91000 r--p 00000000 00:00 241875             /usr/lib/x86_64-linux-gnu/ld-2.31.so
7fdc43f91000-7fdc43fb3000 r-xp 00001000 00:00 241875             /usr/lib/x86_64-linux-gnu/ld-2.31.so
7fdc43fb3000-7fdc43fb4000 r-xp 00023000 00:00 241875             /usr/lib/x86_64-linux-gnu/ld-2.31.so
7fdc43fb4000-7fdc43fbb000 r--p 00024000 00:00 241875             /usr/lib/x86_64-linux-gnu/ld-2.31.so
7fdc43fbb000-7fdc43fbc000 r--p 0002b000 00:00 241875             /usr/lib/x86_64-linux-gnu/ld-2.31.so
7fdc43fbc000-7fdc43fbd000 r--p 00000000 00:00 247812             /usr/lib/locale/C.UTF-8/LC_ADDRESS
7fdc43fbd000-7fdc43fbe000 r--p 0002c000 00:00 241875             /usr/lib/x86_64-linux-gnu/ld-2.31.so
7fdc43fbe000-7fdc43fbf000 rw-p 0002d000 00:00 241875             /usr/lib/x86_64-linux-gnu/ld-2.31.so
7fdc43fbf000-7fdc43fc2000 rw-p 00000000 00:00 0
7fdc43fc2000-7fdc43fc3000 r--p 00000000 00:00 247822             /usr/lib/locale/C.UTF-8/LC_TELEPHONE
7fdc43fc3000-7fdc43fc4000 r--p 00000000 00:00 247816             /usr/lib/locale/C.UTF-8/LC_MEASUREMENT
7fdc43fc4000-7fdc43fc5000 r--p 00000000 00:00 247815             /usr/lib/locale/C.UTF-8/LC_IDENTIFICATION
7fdc43fc5000-7fdc43fc7000 r--s 0000c000 00:00 102077             /usr/share/java/java-atk-wrapper.jar
7fdc43fc7000-7fdc43fc8000 r--p 00000000 00:00 275579             /usr/lib/jvm/java-14-openjdk-amd64/bin/java
7fdc43fc8000-7fdc43fc9000 r-xp 00001000 00:00 275579             /usr/lib/jvm/java-14-openjdk-amd64/bin/java
7fdc43fc9000-7fdc43fca000 r--p 00002000 00:00 275579             /usr/lib/jvm/java-14-openjdk-amd64/bin/java
7fdc43fca000-7fdc43fcb000 r--p 00002000 00:00 275579             /usr/lib/jvm/java-14-openjdk-amd64/bin/java
7fdc43fcb000-7fdc43fcc000 rw-p 00003000 00:00 275579             /usr/lib/jvm/java-14-openjdk-amd64/bin/java
7fffbf1eb000-7fffbf20c000 rw-p 00000000 00:00 0                  [heap]
7fffc587a000-7fffc607a000 rw-p 00000000 00:00 0                  [stack]
7fffc64a6000-7fffc64a7000 r-xp 00000000 00:00 0                  [vdso]


VM Arguments:
java_command: /usr/local/lib/antlr-4.8-complete.jar -visitor dato.g4
java_class_path (initial): /usr/local/lib/antlr-4.8-complete.jar
Launcher Type: SUN_STANDARD

[Global flags]
     intx CICompilerCount                          = 4                                         {product} {ergonomic}
     uint ConcGCThreads                            = 2                                         {product} {ergonomic}
     uint G1ConcRefinementThreads                  = 8                                         {product} {ergonomic}
   size_t G1HeapRegionSize                         = 2097152                                   {product} {ergonomic}
    uintx GCDrainStackTargetSize                   = 64                                        {product} {ergonomic}
   size_t InitialHeapSize                          = 534773760                                 {product} {ergonomic}
   size_t MarkStackSize                            = 4194304                                   {product} {ergonomic}
   size_t MaxHeapSize                              = 8552185856                                {product} {ergonomic}
   size_t MaxNewSize                               = 5129633792                                {product} {ergonomic}
   size_t MinHeapDeltaBytes                        = 2097152                                   {product} {ergonomic}
   size_t MinHeapSize                              = 8388608                                   {product} {ergonomic}
    uintx NonNMethodCodeHeapSize                   = 5839372                                {pd product} {ergonomic}
    uintx NonProfiledCodeHeapSize                  = 122909434                              {pd product} {ergonomic}
    uintx ProfiledCodeHeapSize                     = 122909434                              {pd product} {ergonomic}
    uintx ReservedCodeCacheSize                    = 251658240                              {pd product} {ergonomic}
     bool SegmentedCodeCache                       = true                                      {product} {ergonomic}
   size_t SoftMaxHeapSize                          = 8552185856                             {manageable} {ergonomic}
     bool UseCompressedClassPointers               = true                                 {lp64_product} {ergonomic}
     bool UseCompressedOops                        = true                                 {lp64_product} {ergonomic}
     bool UseG1GC                                  = true                                      {product} {ergonomic}

Logging:
Log output configuration:
 #0: stdout all=warning uptime,level,tags
 #1: stderr all=off uptime,level,tags

Environment Variables:
CLASSPATH=.:/usr/local/lib/antlr-4.8-complete.jar:
PATH=/usr/local/sbin:/usr/local/bin:/usr/sbin:/usr/bin:/sbin:/bin:/usr/games:/usr/local/games:/mnt/c/Program Files (x86)/Common Files/Oracle/Java/javapath:/mnt/c/Windows/system32:/mnt/c/Windows:/mnt/c/Windows/System32/Wbem:/mnt/c/Windows/System32/WindowsPowerShell/v1.0/:/mnt/c/Windows/System32/OpenSSH/:/mnt/c/Program Files/Java/jdk1.8.0_251/bin:/mnt/c/Program Files (x86)/AOMEI/AOMEI Backupper 6.1.0:/mnt/c/Program Files/Git/cmd:/mnt/c/Users/Biro/AppData/Local/Microsoft/WindowsApps:/mnt/c/JavaLib/antlr-4.8-complete.jar:/mnt/c/JavaLib:/snap/bin
SHELL=/bin/bash
HOSTTYPE=x86_64

Signal Handlers:
SIGSEGV: [libjvm.so+0xe630f0], sa_mask[0]=11111111111111111111111111111110, sa_flags=SA_RESTART|SA_SIGINFO
SIGBUS: [libjvm.so+0xe630f0], sa_mask[0]=11111111111111111111111111111110, sa_flags=SA_RESTART|SA_SIGINFO
SIGFPE: [libjvm.so+0xe630f0], sa_mask[0]=11111111111111111111111111111110, sa_flags=SA_RESTART|SA_SIGINFO
SIGPIPE: [libjvm.so+0xb87eb0], sa_mask[0]=11111111111111111111111111111110, sa_flags=SA_RESTART|SA_SIGINFO
SIGXFSZ: [libjvm.so+0xb87eb0], sa_mask[0]=11111111111111111111111111111110, sa_flags=SA_RESTART|SA_SIGINFO
SIGILL: [libjvm.so+0xe630f0], sa_mask[0]=11111111111111111111111111111110, sa_flags=SA_RESTART|SA_SIGINFO
SIGUSR2: [libjvm.so+0xb87d50], sa_mask[0]=00000000000000000000000000000000, sa_flags=SA_RESTART|SA_SIGINFO
SIGHUP: [libjvm.so+0xb88490], sa_mask[0]=11111111111111111111111111111110, sa_flags=SA_RESTART|SA_SIGINFO
SIGINT: [libjvm.so+0xb88490], sa_mask[0]=11111111111111111111111111111110, sa_flags=SA_RESTART|SA_SIGINFO
SIGTERM: [libjvm.so+0xb88490], sa_mask[0]=11111111111111111111111111111110, sa_flags=SA_RESTART|SA_SIGINFO
SIGQUIT: [libjvm.so+0xb88490], sa_mask[0]=11111111111111111111111111111110, sa_flags=SA_RESTART|SA_SIGINFO


---------------  S Y S T E M  ---------------

OS:DISTRIB_ID=Ubuntu
DISTRIB_RELEASE=20.04
DISTRIB_CODENAME=focal
DISTRIB_DESCRIPTION="Ubuntu 20.04.1 LTS"
uname:Linux 4.4.0-19041-Microsoft #488-Microsoft Mon Sep 01 13:43:00 PST 2020 x86_64
OS uptime: 0 days 0:26 hours
libc:glibc 2.31 NPTL 2.31 
rlimit: STACK 8192k, CORE 0k, NPROC 7823, NOFILE 65536, AS infinity, DATA infinity, FSIZE infinity
load average:0.52 0.58 0.59

/proc/meminfo:
MemTotal:       33404976 kB
MemFree:          805900 kB
Buffers:           34032 kB
Cached:           188576 kB
SwapCached:            0 kB
Active:           167556 kB
Inactive:         157876 kB
Active(anon):     103104 kB
Inactive(anon):    17440 kB
Active(file):      64452 kB
Inactive(file):   140436 kB
Unevictable:           0 kB
Mlocked:               0 kB
SwapTotal:      31177536 kB
SwapFree:       25332688 kB
Dirty:                 0 kB
Writeback:             0 kB
AnonPages:        102824 kB
Mapped:            71404 kB
Shmem:             17720 kB
Slab:              13868 kB
SReclaimable:       6744 kB
SUnreclaim:         7124 kB
KernelStack:        2848 kB
PageTables:         2524 kB
NFS_Unstable:          0 kB
Bounce:                0 kB
WritebackTmp:          0 kB
CommitLimit:      515524 kB
Committed_AS:    3450064 kB
VmallocTotal:     122880 kB
VmallocUsed:       21296 kB
VmallocChunk:      66044 kB
HardwareCorrupted:     0 kB
AnonHugePages:      2048 kB
HugePages_Total:       0
HugePages_Free:        0
HugePages_Rsvd:        0
HugePages_Surp:        0
Hugepagesize:       2048 kB
DirectMap4k:       12280 kB
DirectMap4M:      897024 kB


/proc/sys/kernel/threads-max (system-wide limit on the number of threads):
32768


/proc/sys/vm/max_map_count (maximum number of memory map areas a process may have):


/proc/sys/kernel/pid_max (system-wide limit on number of process identifiers):
32768



HyperV virtualization detected
Steal ticks since vm start: 0
Steal ticks percentage since vm start:  0.000

CPU:total 8 (initial active 8) (4 cores per cpu, 2 threads per core) family 6 model 142 stepping 10, cmov, cx8, fxsr, mmx, sse, sse2, sse3, ssse3, sse4.1, sse4.2, popcnt, avx, avx2, aes, clmul, erms, 3dnowpref, lzcnt, ht, tsc, tscinvbit, bmi1, bmi2, adx, fma
CPU Model and flags from /proc/cpuinfo:
model name	: Intel(R) Core(TM) i7-8550U CPU @ 1.80GHz
flags		: fpu vme de pse tsc msr pae mce cx8 apic sep mtrr pge mca cmov pat pse36 clflush dts acpi mmx fxsr sse sse2 ss ht tm pbe syscall nx pdpe1gb rdtscp lm pni pclmulqdq dtes64 est tm2 ssse3 fma cx16 xtpr pdcm pcid sse4_1 sse4_2 movbe popcnt aes xsave osxsave avx f16c rdrand hypervisor lahf_lm abm 3dnowprefetch fsgsbase tsc_adjust bmi1 avx2 smep bmi2 erms invpcid mpx rdseed adx smap clflushopt ibrs ibpb stibp ssbd

Memory: 4k page, physical 33404976k(805900k free), swap 31177536k(25332688k free)

vm_info: OpenJDK 64-Bit Server VM (14.0.2+12-Ubuntu-120.04) for linux-amd64 JRE (14.0.2+12-Ubuntu-120.04), built on Jul 21 2020 11:40:06 by "unknown" with gcc 9.3.0

END.
